[0.133s] DEBUG:colcon:Command line arguments: ['/usr/bin/colcon', 'build']
[0.133s] DEBUG:colcon:Parsed command line arguments: Namespace(ament_cmake_args=None, base_paths=['.'], build_base='build', catkin_cmake_args=None, catkin_skip_building_tests=False, cmake_args=None, cmake_clean_cache=False, cmake_clean_first=False, cmake_force_configure=False, cmake_target=None, cmake_target_skip_unavailable=False, continue_on_error=False, event_handlers=None, executor='parallel', ignore_user_meta=False, install_base='install', log_base=None, log_level=None, main=<bound method BuildVerb.main of <colcon_core.verb.build.BuildVerb object at 0x7f640646e730>>, merge_install=False, metas=['./colcon.meta'], mixin=None, mixin_files=None, mixin_verb=('build',), packages_above=None, packages_above_and_dependencies=None, packages_above_depth=None, packages_end=None, packages_ignore=None, packages_ignore_regex=None, packages_select=None, packages_select_build_failed=False, packages_select_by_dep=None, packages_select_regex=None, packages_select_test_failures=False, packages_skip=None, packages_skip_build_finished=False, packages_skip_by_dep=None, packages_skip_regex=None, packages_skip_test_passed=False, packages_skip_up_to=None, packages_start=None, packages_up_to=None, packages_up_to_regex=None, parallel_workers=24, paths=None, symlink_install=False, test_result_base=None, verb_extension=<colcon_core.verb.build.BuildVerb object at 0x7f640646e730>, verb_name='build', verb_parser=<colcon_mixin.mixin.mixin_argument.MixinArgumentDecorator object at 0x7f640646ed90>)
[0.146s] Level 1:colcon.colcon_core.package_discovery:discover_packages(colcon_meta) check parameters
[0.146s] INFO:colcon.colcon_metadata.package_discovery.colcon_meta:Using configuration from '/root/.colcon/metadata/default/Gazebo.meta'
[0.146s] INFO:colcon.colcon_metadata.package_discovery.colcon_meta:Using configuration from '/root/.colcon/metadata/default/fastrtps.meta'
[0.146s] Level 1:colcon.colcon_core.package_discovery:discover_packages(recursive) check parameters
[0.146s] Level 1:colcon.colcon_core.package_discovery:discover_packages(ignore) check parameters
[0.146s] Level 1:colcon.colcon_core.package_discovery:discover_packages(path) check parameters
[0.146s] Level 1:colcon.colcon_core.package_discovery:discover_packages(colcon_meta) discover
[0.146s] Level 1:colcon.colcon_core.package_discovery:discover_packages(recursive) discover
[0.146s] INFO:colcon.colcon_core.package_discovery:Crawling recursively for packages in '/FW_Control/src'
[0.146s] Level 1:colcon.colcon_core.package_identification:_identify(.) by extensions ['ignore', 'ignore_ament_install']
[0.146s] Level 1:colcon.colcon_core.package_identification:_identify(.) by extension 'ignore'
[0.146s] Level 1:colcon.colcon_core.package_identification:_identify(.) by extension 'ignore_ament_install'
[0.146s] Level 1:colcon.colcon_core.package_identification:_identify(.) by extensions ['colcon_pkg']
[0.146s] Level 1:colcon.colcon_core.package_identification:_identify(.) by extension 'colcon_pkg'
[0.146s] Level 1:colcon.colcon_core.package_identification:_identify(.) by extensions ['colcon_meta']
[0.146s] Level 1:colcon.colcon_core.package_identification:_identify(.) by extension 'colcon_meta'
[0.146s] Level 1:colcon.colcon_core.package_identification:_identify(.) by extensions ['ros']
[0.146s] Level 1:colcon.colcon_core.package_identification:_identify(.) by extension 'ros'
[0.156s] Level 1:colcon.colcon_core.package_identification:_identify(.) by extensions ['cmake', 'python']
[0.156s] Level 1:colcon.colcon_core.package_identification:_identify(.) by extension 'cmake'
[0.156s] Level 1:colcon.colcon_core.package_identification:_identify(.) by extension 'python'
[0.156s] Level 1:colcon.colcon_core.package_identification:_identify(.) by extensions ['python_setup_py']
[0.156s] Level 1:colcon.colcon_core.package_identification:_identify(.) by extension 'python_setup_py'
[0.156s] Level 1:colcon.colcon_core.package_identification:_identify(Docker) by extensions ['ignore', 'ignore_ament_install']
[0.156s] Level 1:colcon.colcon_core.package_identification:_identify(Docker) by extension 'ignore'
[0.156s] Level 1:colcon.colcon_core.package_identification:_identify(Docker) by extension 'ignore_ament_install'
[0.156s] Level 1:colcon.colcon_core.package_identification:_identify(Docker) by extensions ['colcon_pkg']
[0.156s] Level 1:colcon.colcon_core.package_identification:_identify(Docker) by extension 'colcon_pkg'
[0.156s] Level 1:colcon.colcon_core.package_identification:_identify(Docker) by extensions ['colcon_meta']
[0.156s] Level 1:colcon.colcon_core.package_identification:_identify(Docker) by extension 'colcon_meta'
[0.156s] Level 1:colcon.colcon_core.package_identification:_identify(Docker) by extensions ['ros']
[0.156s] Level 1:colcon.colcon_core.package_identification:_identify(Docker) by extension 'ros'
[0.156s] Level 1:colcon.colcon_core.package_identification:_identify(Docker) by extensions ['cmake', 'python']
[0.156s] Level 1:colcon.colcon_core.package_identification:_identify(Docker) by extension 'cmake'
[0.156s] Level 1:colcon.colcon_core.package_identification:_identify(Docker) by extension 'python'
[0.156s] Level 1:colcon.colcon_core.package_identification:_identify(Docker) by extensions ['python_setup_py']
[0.156s] Level 1:colcon.colcon_core.package_identification:_identify(Docker) by extension 'python_setup_py'
[0.156s] Level 1:colcon.colcon_core.package_identification:_identify(build) by extensions ['ignore', 'ignore_ament_install']
[0.156s] Level 1:colcon.colcon_core.package_identification:_identify(build) by extension 'ignore'
[0.156s] Level 1:colcon.colcon_core.package_identification:_identify(build) ignored
[0.156s] Level 1:colcon.colcon_core.package_identification:_identify(control) by extensions ['ignore', 'ignore_ament_install']
[0.156s] Level 1:colcon.colcon_core.package_identification:_identify(control) by extension 'ignore'
[0.156s] Level 1:colcon.colcon_core.package_identification:_identify(control) by extension 'ignore_ament_install'
[0.156s] Level 1:colcon.colcon_core.package_identification:_identify(control) by extensions ['colcon_pkg']
[0.156s] Level 1:colcon.colcon_core.package_identification:_identify(control) by extension 'colcon_pkg'
[0.156s] Level 1:colcon.colcon_core.package_identification:_identify(control) by extensions ['colcon_meta']
[0.156s] Level 1:colcon.colcon_core.package_identification:_identify(control) by extension 'colcon_meta'
[0.156s] Level 1:colcon.colcon_core.package_identification:_identify(control) by extensions ['ros']
[0.156s] Level 1:colcon.colcon_core.package_identification:_identify(control) by extension 'ros'
[0.158s] DEBUG:colcon.colcon_core.package_identification:Package 'control' with type 'ros.ament_python' and name 'control'
[0.158s] Level 1:colcon.colcon_core.package_identification:_identify(estimatestate) by extensions ['ignore', 'ignore_ament_install']
[0.158s] Level 1:colcon.colcon_core.package_identification:_identify(estimatestate) by extension 'ignore'
[0.158s] Level 1:colcon.colcon_core.package_identification:_identify(estimatestate) by extension 'ignore_ament_install'
[0.158s] Level 1:colcon.colcon_core.package_identification:_identify(estimatestate) by extensions ['colcon_pkg']
[0.158s] Level 1:colcon.colcon_core.package_identification:_identify(estimatestate) by extension 'colcon_pkg'
[0.158s] Level 1:colcon.colcon_core.package_identification:_identify(estimatestate) by extensions ['colcon_meta']
[0.158s] Level 1:colcon.colcon_core.package_identification:_identify(estimatestate) by extension 'colcon_meta'
[0.158s] Level 1:colcon.colcon_core.package_identification:_identify(estimatestate) by extensions ['ros']
[0.158s] Level 1:colcon.colcon_core.package_identification:_identify(estimatestate) by extension 'ros'
[0.158s] DEBUG:colcon.colcon_core.package_identification:Package 'estimatestate' with type 'ros.ament_python' and name 'estimatestate'
[0.158s] Level 1:colcon.colcon_core.package_identification:_identify(fw_msgs) by extensions ['ignore', 'ignore_ament_install']
[0.158s] Level 1:colcon.colcon_core.package_identification:_identify(fw_msgs) by extension 'ignore'
[0.158s] Level 1:colcon.colcon_core.package_identification:_identify(fw_msgs) by extension 'ignore_ament_install'
[0.158s] Level 1:colcon.colcon_core.package_identification:_identify(fw_msgs) by extensions ['colcon_pkg']
[0.158s] Level 1:colcon.colcon_core.package_identification:_identify(fw_msgs) by extension 'colcon_pkg'
[0.158s] Level 1:colcon.colcon_core.package_identification:_identify(fw_msgs) by extensions ['colcon_meta']
[0.158s] Level 1:colcon.colcon_core.package_identification:_identify(fw_msgs) by extension 'colcon_meta'
[0.158s] Level 1:colcon.colcon_core.package_identification:_identify(fw_msgs) by extensions ['ros']
[0.158s] Level 1:colcon.colcon_core.package_identification:_identify(fw_msgs) by extension 'ros'
[0.159s] DEBUG:colcon.colcon_core.package_identification:Package 'fw_msgs' with type 'ros.ament_cmake' and name 'fw_msgs'
[0.159s] Level 1:colcon.colcon_core.package_identification:_identify(install) by extensions ['ignore', 'ignore_ament_install']
[0.159s] Level 1:colcon.colcon_core.package_identification:_identify(install) by extension 'ignore'
[0.159s] Level 1:colcon.colcon_core.package_identification:_identify(install) ignored
[0.159s] Level 1:colcon.colcon_core.package_identification:_identify(launch) by extensions ['ignore', 'ignore_ament_install']
[0.159s] Level 1:colcon.colcon_core.package_identification:_identify(launch) by extension 'ignore'
[0.159s] Level 1:colcon.colcon_core.package_identification:_identify(launch) by extension 'ignore_ament_install'
[0.159s] Level 1:colcon.colcon_core.package_identification:_identify(launch) by extensions ['colcon_pkg']
[0.159s] Level 1:colcon.colcon_core.package_identification:_identify(launch) by extension 'colcon_pkg'
[0.159s] Level 1:colcon.colcon_core.package_identification:_identify(launch) by extensions ['colcon_meta']
[0.159s] Level 1:colcon.colcon_core.package_identification:_identify(launch) by extension 'colcon_meta'
[0.159s] Level 1:colcon.colcon_core.package_identification:_identify(launch) by extensions ['ros']
[0.159s] Level 1:colcon.colcon_core.package_identification:_identify(launch) by extension 'ros'
[0.159s] Level 1:colcon.colcon_core.package_identification:_identify(launch) by extensions ['cmake', 'python']
[0.159s] Level 1:colcon.colcon_core.package_identification:_identify(launch) by extension 'cmake'
[0.159s] Level 1:colcon.colcon_core.package_identification:_identify(launch) by extension 'python'
[0.159s] Level 1:colcon.colcon_core.package_identification:_identify(launch) by extensions ['python_setup_py']
[0.159s] Level 1:colcon.colcon_core.package_identification:_identify(launch) by extension 'python_setup_py'
[0.159s] Level 1:colcon.colcon_core.package_identification:_identify(log) by extensions ['ignore', 'ignore_ament_install']
[0.159s] Level 1:colcon.colcon_core.package_identification:_identify(log) by extension 'ignore'
[0.159s] Level 1:colcon.colcon_core.package_identification:_identify(log) ignored
[0.159s] Level 1:colcon.colcon_core.package_identification:_identify(ros2-vicon-receiver) by extensions ['ignore', 'ignore_ament_install']
[0.159s] Level 1:colcon.colcon_core.package_identification:_identify(ros2-vicon-receiver) by extension 'ignore'
[0.159s] Level 1:colcon.colcon_core.package_identification:_identify(ros2-vicon-receiver) by extension 'ignore_ament_install'
[0.159s] Level 1:colcon.colcon_core.package_identification:_identify(ros2-vicon-receiver) by extensions ['colcon_pkg']
[0.159s] Level 1:colcon.colcon_core.package_identification:_identify(ros2-vicon-receiver) by extension 'colcon_pkg'
[0.159s] Level 1:colcon.colcon_core.package_identification:_identify(ros2-vicon-receiver) by extensions ['colcon_meta']
[0.159s] Level 1:colcon.colcon_core.package_identification:_identify(ros2-vicon-receiver) by extension 'colcon_meta'
[0.159s] Level 1:colcon.colcon_core.package_identification:_identify(ros2-vicon-receiver) by extensions ['ros']
[0.159s] Level 1:colcon.colcon_core.package_identification:_identify(ros2-vicon-receiver) by extension 'ros'
[0.159s] Level 1:colcon.colcon_core.package_identification:_identify(ros2-vicon-receiver) by extensions ['cmake', 'python']
[0.159s] Level 1:colcon.colcon_core.package_identification:_identify(ros2-vicon-receiver) by extension 'cmake'
[0.159s] Level 1:colcon.colcon_core.package_identification:_identify(ros2-vicon-receiver) by extension 'python'
[0.159s] Level 1:colcon.colcon_core.package_identification:_identify(ros2-vicon-receiver) by extensions ['python_setup_py']
[0.159s] Level 1:colcon.colcon_core.package_identification:_identify(ros2-vicon-receiver) by extension 'python_setup_py'
[0.159s] Level 1:colcon.colcon_core.package_identification:_identify(ros2-vicon-receiver/DataStreamSDK_10.1) by extensions ['ignore', 'ignore_ament_install']
[0.159s] Level 1:colcon.colcon_core.package_identification:_identify(ros2-vicon-receiver/DataStreamSDK_10.1) by extension 'ignore'
[0.159s] Level 1:colcon.colcon_core.package_identification:_identify(ros2-vicon-receiver/DataStreamSDK_10.1) by extension 'ignore_ament_install'
[0.159s] Level 1:colcon.colcon_core.package_identification:_identify(ros2-vicon-receiver/DataStreamSDK_10.1) by extensions ['colcon_pkg']
[0.159s] Level 1:colcon.colcon_core.package_identification:_identify(ros2-vicon-receiver/DataStreamSDK_10.1) by extension 'colcon_pkg'
[0.159s] Level 1:colcon.colcon_core.package_identification:_identify(ros2-vicon-receiver/DataStreamSDK_10.1) by extensions ['colcon_meta']
[0.159s] Level 1:colcon.colcon_core.package_identification:_identify(ros2-vicon-receiver/DataStreamSDK_10.1) by extension 'colcon_meta'
[0.160s] Level 1:colcon.colcon_core.package_identification:_identify(ros2-vicon-receiver/DataStreamSDK_10.1) by extensions ['ros']
[0.160s] Level 1:colcon.colcon_core.package_identification:_identify(ros2-vicon-receiver/DataStreamSDK_10.1) by extension 'ros'
[0.160s] Level 1:colcon.colcon_core.package_identification:_identify(ros2-vicon-receiver/DataStreamSDK_10.1) by extensions ['cmake', 'python']
[0.160s] Level 1:colcon.colcon_core.package_identification:_identify(ros2-vicon-receiver/DataStreamSDK_10.1) by extension 'cmake'
[0.160s] Level 1:colcon.colcon_core.package_identification:_identify(ros2-vicon-receiver/DataStreamSDK_10.1) by extension 'python'
[0.160s] Level 1:colcon.colcon_core.package_identification:_identify(ros2-vicon-receiver/DataStreamSDK_10.1) by extensions ['python_setup_py']
[0.160s] Level 1:colcon.colcon_core.package_identification:_identify(ros2-vicon-receiver/DataStreamSDK_10.1) by extension 'python_setup_py'
[0.160s] Level 1:colcon.colcon_core.package_identification:_identify(ros2-vicon-receiver/vicon_receiver) by extensions ['ignore', 'ignore_ament_install']
[0.160s] Level 1:colcon.colcon_core.package_identification:_identify(ros2-vicon-receiver/vicon_receiver) by extension 'ignore'
[0.160s] Level 1:colcon.colcon_core.package_identification:_identify(ros2-vicon-receiver/vicon_receiver) by extension 'ignore_ament_install'
[0.160s] Level 1:colcon.colcon_core.package_identification:_identify(ros2-vicon-receiver/vicon_receiver) by extensions ['colcon_pkg']
[0.160s] Level 1:colcon.colcon_core.package_identification:_identify(ros2-vicon-receiver/vicon_receiver) by extension 'colcon_pkg'
[0.160s] Level 1:colcon.colcon_core.package_identification:_identify(ros2-vicon-receiver/vicon_receiver) by extensions ['colcon_meta']
[0.160s] Level 1:colcon.colcon_core.package_identification:_identify(ros2-vicon-receiver/vicon_receiver) by extension 'colcon_meta'
[0.160s] Level 1:colcon.colcon_core.package_identification:_identify(ros2-vicon-receiver/vicon_receiver) by extensions ['ros']
[0.160s] Level 1:colcon.colcon_core.package_identification:_identify(ros2-vicon-receiver/vicon_receiver) by extension 'ros'
[0.160s] DEBUG:colcon.colcon_core.package_identification:Package 'ros2-vicon-receiver/vicon_receiver' with type 'ros.ament_cmake' and name 'vicon_receiver'
[0.160s] Level 1:colcon.colcon_core.package_identification:_identify(serial2arduino) by extensions ['ignore', 'ignore_ament_install']
[0.160s] Level 1:colcon.colcon_core.package_identification:_identify(serial2arduino) by extension 'ignore'
[0.160s] Level 1:colcon.colcon_core.package_identification:_identify(serial2arduino) by extension 'ignore_ament_install'
[0.160s] Level 1:colcon.colcon_core.package_identification:_identify(serial2arduino) by extensions ['colcon_pkg']
[0.160s] Level 1:colcon.colcon_core.package_identification:_identify(serial2arduino) by extension 'colcon_pkg'
[0.160s] Level 1:colcon.colcon_core.package_identification:_identify(serial2arduino) by extensions ['colcon_meta']
[0.160s] Level 1:colcon.colcon_core.package_identification:_identify(serial2arduino) by extension 'colcon_meta'
[0.160s] Level 1:colcon.colcon_core.package_identification:_identify(serial2arduino) by extensions ['ros']
[0.160s] Level 1:colcon.colcon_core.package_identification:_identify(serial2arduino) by extension 'ros'
[0.160s] DEBUG:colcon.colcon_core.package_identification:Package 'serial2arduino' with type 'ros.ament_python' and name 'serial2arduino'
[0.161s] Level 1:colcon.colcon_core.package_discovery:discover_packages(recursive) using defaults
[0.161s] Level 1:colcon.colcon_core.package_discovery:discover_packages(ignore) discover
[0.161s] Level 1:colcon.colcon_core.package_discovery:discover_packages(ignore) using defaults
[0.161s] Level 1:colcon.colcon_core.package_discovery:discover_packages(path) discover
[0.161s] Level 1:colcon.colcon_core.package_discovery:discover_packages(path) using defaults
[0.170s] Level 5:colcon.colcon_core.verb:set package 'estimatestate' build argument 'cmake_args' from command line to 'None'
[0.170s] Level 5:colcon.colcon_core.verb:set package 'estimatestate' build argument 'cmake_target' from command line to 'None'
[0.170s] Level 5:colcon.colcon_core.verb:set package 'estimatestate' build argument 'cmake_target_skip_unavailable' from command line to 'False'
[0.170s] Level 5:colcon.colcon_core.verb:set package 'estimatestate' build argument 'cmake_clean_cache' from command line to 'False'
[0.170s] Level 5:colcon.colcon_core.verb:set package 'estimatestate' build argument 'cmake_clean_first' from command line to 'False'
[0.170s] Level 5:colcon.colcon_core.verb:set package 'estimatestate' build argument 'cmake_force_configure' from command line to 'False'
[0.170s] Level 5:colcon.colcon_core.verb:set package 'estimatestate' build argument 'ament_cmake_args' from command line to 'None'
[0.170s] Level 5:colcon.colcon_core.verb:set package 'estimatestate' build argument 'catkin_cmake_args' from command line to 'None'
[0.170s] Level 5:colcon.colcon_core.verb:set package 'estimatestate' build argument 'catkin_skip_building_tests' from command line to 'False'
[0.170s] DEBUG:colcon.colcon_core.verb:Building package 'estimatestate' with the following arguments: {'ament_cmake_args': None, 'build_base': '/FW_Control/src/build/estimatestate', 'catkin_cmake_args': None, 'catkin_skip_building_tests': False, 'cmake_args': None, 'cmake_clean_cache': False, 'cmake_clean_first': False, 'cmake_force_configure': False, 'cmake_target': None, 'cmake_target_skip_unavailable': False, 'install_base': '/FW_Control/src/install/estimatestate', 'merge_install': False, 'path': '/FW_Control/src/estimatestate', 'symlink_install': False, 'test_result_base': None}
[0.171s] Level 5:colcon.colcon_core.verb:set package 'fw_msgs' build argument 'cmake_args' from command line to 'None'
[0.171s] Level 5:colcon.colcon_core.verb:set package 'fw_msgs' build argument 'cmake_target' from command line to 'None'
[0.171s] Level 5:colcon.colcon_core.verb:set package 'fw_msgs' build argument 'cmake_target_skip_unavailable' from command line to 'False'
[0.171s] Level 5:colcon.colcon_core.verb:set package 'fw_msgs' build argument 'cmake_clean_cache' from command line to 'False'
[0.171s] Level 5:colcon.colcon_core.verb:set package 'fw_msgs' build argument 'cmake_clean_first' from command line to 'False'
[0.171s] Level 5:colcon.colcon_core.verb:set package 'fw_msgs' build argument 'cmake_force_configure' from command line to 'False'
[0.171s] Level 5:colcon.colcon_core.verb:set package 'fw_msgs' build argument 'ament_cmake_args' from command line to 'None'
[0.171s] Level 5:colcon.colcon_core.verb:set package 'fw_msgs' build argument 'catkin_cmake_args' from command line to 'None'
[0.171s] Level 5:colcon.colcon_core.verb:set package 'fw_msgs' build argument 'catkin_skip_building_tests' from command line to 'False'
[0.171s] DEBUG:colcon.colcon_core.verb:Building package 'fw_msgs' with the following arguments: {'ament_cmake_args': None, 'build_base': '/FW_Control/src/build/fw_msgs', 'catkin_cmake_args': None, 'catkin_skip_building_tests': False, 'cmake_args': None, 'cmake_clean_cache': False, 'cmake_clean_first': False, 'cmake_force_configure': False, 'cmake_target': None, 'cmake_target_skip_unavailable': False, 'install_base': '/FW_Control/src/install/fw_msgs', 'merge_install': False, 'path': '/FW_Control/src/fw_msgs', 'symlink_install': False, 'test_result_base': None}
[0.171s] Level 5:colcon.colcon_core.verb:set package 'vicon_receiver' build argument 'cmake_args' from command line to 'None'
[0.171s] Level 5:colcon.colcon_core.verb:set package 'vicon_receiver' build argument 'cmake_target' from command line to 'None'
[0.171s] Level 5:colcon.colcon_core.verb:set package 'vicon_receiver' build argument 'cmake_target_skip_unavailable' from command line to 'False'
[0.171s] Level 5:colcon.colcon_core.verb:set package 'vicon_receiver' build argument 'cmake_clean_cache' from command line to 'False'
[0.171s] Level 5:colcon.colcon_core.verb:set package 'vicon_receiver' build argument 'cmake_clean_first' from command line to 'False'
[0.171s] Level 5:colcon.colcon_core.verb:set package 'vicon_receiver' build argument 'cmake_force_configure' from command line to 'False'
[0.171s] Level 5:colcon.colcon_core.verb:set package 'vicon_receiver' build argument 'ament_cmake_args' from command line to 'None'
[0.171s] Level 5:colcon.colcon_core.verb:set package 'vicon_receiver' build argument 'catkin_cmake_args' from command line to 'None'
[0.171s] Level 5:colcon.colcon_core.verb:set package 'vicon_receiver' build argument 'catkin_skip_building_tests' from command line to 'False'
[0.171s] DEBUG:colcon.colcon_core.verb:Building package 'vicon_receiver' with the following arguments: {'ament_cmake_args': None, 'build_base': '/FW_Control/src/build/vicon_receiver', 'catkin_cmake_args': None, 'catkin_skip_building_tests': False, 'cmake_args': None, 'cmake_clean_cache': False, 'cmake_clean_first': False, 'cmake_force_configure': False, 'cmake_target': None, 'cmake_target_skip_unavailable': False, 'install_base': '/FW_Control/src/install/vicon_receiver', 'merge_install': False, 'path': '/FW_Control/src/ros2-vicon-receiver/vicon_receiver', 'symlink_install': False, 'test_result_base': None}
[0.171s] Level 5:colcon.colcon_core.verb:set package 'control' build argument 'cmake_args' from command line to 'None'
[0.171s] Level 5:colcon.colcon_core.verb:set package 'control' build argument 'cmake_target' from command line to 'None'
[0.171s] Level 5:colcon.colcon_core.verb:set package 'control' build argument 'cmake_target_skip_unavailable' from command line to 'False'
[0.172s] Level 5:colcon.colcon_core.verb:set package 'control' build argument 'cmake_clean_cache' from command line to 'False'
[0.172s] Level 5:colcon.colcon_core.verb:set package 'control' build argument 'cmake_clean_first' from command line to 'False'
[0.172s] Level 5:colcon.colcon_core.verb:set package 'control' build argument 'cmake_force_configure' from command line to 'False'
[0.172s] Level 5:colcon.colcon_core.verb:set package 'control' build argument 'ament_cmake_args' from command line to 'None'
[0.172s] Level 5:colcon.colcon_core.verb:set package 'control' build argument 'catkin_cmake_args' from command line to 'None'
[0.172s] Level 5:colcon.colcon_core.verb:set package 'control' build argument 'catkin_skip_building_tests' from command line to 'False'
[0.172s] DEBUG:colcon.colcon_core.verb:Building package 'control' with the following arguments: {'ament_cmake_args': None, 'build_base': '/FW_Control/src/build/control', 'catkin_cmake_args': None, 'catkin_skip_building_tests': False, 'cmake_args': None, 'cmake_clean_cache': False, 'cmake_clean_first': False, 'cmake_force_configure': False, 'cmake_target': None, 'cmake_target_skip_unavailable': False, 'install_base': '/FW_Control/src/install/control', 'merge_install': False, 'path': '/FW_Control/src/control', 'symlink_install': False, 'test_result_base': None}
[0.172s] Level 5:colcon.colcon_core.verb:set package 'serial2arduino' build argument 'cmake_args' from command line to 'None'
[0.172s] Level 5:colcon.colcon_core.verb:set package 'serial2arduino' build argument 'cmake_target' from command line to 'None'
[0.172s] Level 5:colcon.colcon_core.verb:set package 'serial2arduino' build argument 'cmake_target_skip_unavailable' from command line to 'False'
[0.172s] Level 5:colcon.colcon_core.verb:set package 'serial2arduino' build argument 'cmake_clean_cache' from command line to 'False'
[0.172s] Level 5:colcon.colcon_core.verb:set package 'serial2arduino' build argument 'cmake_clean_first' from command line to 'False'
[0.172s] Level 5:colcon.colcon_core.verb:set package 'serial2arduino' build argument 'cmake_force_configure' from command line to 'False'
[0.172s] Level 5:colcon.colcon_core.verb:set package 'serial2arduino' build argument 'ament_cmake_args' from command line to 'None'
[0.172s] Level 5:colcon.colcon_core.verb:set package 'serial2arduino' build argument 'catkin_cmake_args' from command line to 'None'
[0.172s] Level 5:colcon.colcon_core.verb:set package 'serial2arduino' build argument 'catkin_skip_building_tests' from command line to 'False'
[0.172s] DEBUG:colcon.colcon_core.verb:Building package 'serial2arduino' with the following arguments: {'ament_cmake_args': None, 'build_base': '/FW_Control/src/build/serial2arduino', 'catkin_cmake_args': None, 'catkin_skip_building_tests': False, 'cmake_args': None, 'cmake_clean_cache': False, 'cmake_clean_first': False, 'cmake_force_configure': False, 'cmake_target': None, 'cmake_target_skip_unavailable': False, 'install_base': '/FW_Control/src/install/serial2arduino', 'merge_install': False, 'path': '/FW_Control/src/serial2arduino', 'symlink_install': False, 'test_result_base': None}
[0.172s] INFO:colcon.colcon_core.executor:Executing jobs using 'parallel' executor
[0.174s] DEBUG:colcon.colcon_parallel_executor.executor.parallel:run_until_complete
[0.174s] INFO:colcon.colcon_ros.task.ament_cmake.build:Building ROS package in '/FW_Control/src/fw_msgs' with build type 'ament_cmake'
[0.174s] INFO:colcon.colcon_cmake.task.cmake.build:Building CMake package in '/FW_Control/src/fw_msgs'
[0.176s] INFO:colcon.colcon_core.plugin_system:Skipping extension 'colcon_core.shell.bat': Not used on non-Windows systems
[0.176s] INFO:colcon.colcon_core.shell:Skip shell extension 'powershell' for command environment: Not usable outside of PowerShell
[0.176s] DEBUG:colcon.colcon_core.shell:Skip shell extension 'dsv' for command environment
[0.180s] INFO:colcon.colcon_ros.task.ament_cmake.build:Building ROS package in '/FW_Control/src/ros2-vicon-receiver/vicon_receiver' with build type 'ament_cmake'
[0.180s] INFO:colcon.colcon_cmake.task.cmake.build:Building CMake package in '/FW_Control/src/ros2-vicon-receiver/vicon_receiver'
[0.180s] INFO:colcon.colcon_core.shell:Skip shell extension 'powershell' for command environment: Not usable outside of PowerShell
[0.181s] DEBUG:colcon.colcon_core.shell:Skip shell extension 'dsv' for command environment
[0.183s] INFO:colcon.colcon_ros.task.ament_python.build:Building ROS package in '/FW_Control/src/estimatestate' with build type 'ament_python'
[0.183s] Level 1:colcon.colcon_core.shell:create_environment_hook('estimatestate', 'ament_prefix_path')
[0.184s] INFO:colcon.colcon_core.shell:Creating environment hook '/FW_Control/src/install/estimatestate/share/estimatestate/hook/ament_prefix_path.ps1'
[0.185s] INFO:colcon.colcon_core.shell:Creating environment descriptor '/FW_Control/src/install/estimatestate/share/estimatestate/hook/ament_prefix_path.dsv'
[0.185s] INFO:colcon.colcon_core.shell:Creating environment hook '/FW_Control/src/install/estimatestate/share/estimatestate/hook/ament_prefix_path.sh'
[0.185s] INFO:colcon.colcon_core.shell:Skip shell extension 'powershell' for command environment: Not usable outside of PowerShell
[0.185s] DEBUG:colcon.colcon_core.shell:Skip shell extension 'dsv' for command environment
[0.190s] DEBUG:colcon.colcon_core.event_handler.log_command:Invoking command in '/FW_Control/src/build/fw_msgs': CMAKE_PREFIX_PATH=${CMAKE_PREFIX_PATH}:/FW_Control/install/control:/FW_Control/install/serial2arduino:/FW_Control/install/estimatestate:/opt/ros/foxy /usr/bin/cmake --build /FW_Control/src/build/fw_msgs -- -j24 -l24
[0.193s] DEBUG:colcon.colcon_core.event_handler.log_command:Invoking command in '/FW_Control/src/build/vicon_receiver': CMAKE_PREFIX_PATH=${CMAKE_PREFIX_PATH}:/FW_Control/install/control:/FW_Control/install/serial2arduino:/FW_Control/install/estimatestate:/opt/ros/foxy /usr/bin/cmake --build /FW_Control/src/build/vicon_receiver -- -j24 -l24
[0.291s] INFO:colcon.colcon_core.task.python.build:Building Python package in '/FW_Control/src/estimatestate'
[0.292s] INFO:colcon.colcon_core.shell:Skip shell extension 'powershell' for command environment: Not usable outside of PowerShell
[0.292s] DEBUG:colcon.colcon_core.shell:Skip shell extension 'dsv' for command environment
[0.299s] DEBUG:colcon.colcon_core.event_handler.log_command:Invoked command in '/FW_Control/src/build/vicon_receiver' returned '0': CMAKE_PREFIX_PATH=${CMAKE_PREFIX_PATH}:/FW_Control/install/control:/FW_Control/install/serial2arduino:/FW_Control/install/estimatestate:/opt/ros/foxy /usr/bin/cmake --build /FW_Control/src/build/vicon_receiver -- -j24 -l24
[0.300s] DEBUG:colcon.colcon_core.event_handler.log_command:Invoked command in '/FW_Control/src/build/fw_msgs' returned '0': CMAKE_PREFIX_PATH=${CMAKE_PREFIX_PATH}:/FW_Control/install/control:/FW_Control/install/serial2arduino:/FW_Control/install/estimatestate:/opt/ros/foxy /usr/bin/cmake --build /FW_Control/src/build/fw_msgs -- -j24 -l24
[0.327s] DEBUG:colcon.colcon_core.event_handler.log_command:Invoking command in '/FW_Control/src/build/vicon_receiver': CMAKE_PREFIX_PATH=${CMAKE_PREFIX_PATH}:/FW_Control/install/control:/FW_Control/install/serial2arduino:/FW_Control/install/estimatestate:/opt/ros/foxy /usr/bin/cmake --install /FW_Control/src/build/vicon_receiver
[0.337s] DEBUG:colcon.colcon_core.event_handler.log_command:Invoking command in '/FW_Control/src/build/fw_msgs': CMAKE_PREFIX_PATH=${CMAKE_PREFIX_PATH}:/FW_Control/install/control:/FW_Control/install/serial2arduino:/FW_Control/install/estimatestate:/opt/ros/foxy /usr/bin/cmake --install /FW_Control/src/build/fw_msgs
[0.353s] Level 1:colcon.colcon_core.environment:create_environment_scripts_only(vicon_receiver)
[0.354s] DEBUG:colcon.colcon_core.event_handler.log_command:Invoked command in '/FW_Control/src/build/vicon_receiver' returned '0': CMAKE_PREFIX_PATH=${CMAKE_PREFIX_PATH}:/FW_Control/install/control:/FW_Control/install/serial2arduino:/FW_Control/install/estimatestate:/opt/ros/foxy /usr/bin/cmake --install /FW_Control/src/build/vicon_receiver
[0.356s] Level 1:colcon.colcon_core.environment:checking '/FW_Control/src/install/vicon_receiver' for CMake module files
[0.356s] Level 1:colcon.colcon_core.environment:checking '/FW_Control/src/install/vicon_receiver' for CMake config files
[0.356s] Level 1:colcon.colcon_core.shell:create_environment_hook('vicon_receiver', 'cmake_prefix_path')
[0.357s] INFO:colcon.colcon_core.shell:Creating environment hook '/FW_Control/src/install/vicon_receiver/share/vicon_receiver/hook/cmake_prefix_path.ps1'
[0.357s] INFO:colcon.colcon_core.shell:Creating environment descriptor '/FW_Control/src/install/vicon_receiver/share/vicon_receiver/hook/cmake_prefix_path.dsv'
[0.357s] INFO:colcon.colcon_core.shell:Creating environment hook '/FW_Control/src/install/vicon_receiver/share/vicon_receiver/hook/cmake_prefix_path.sh'
[0.358s] Level 1:colcon.colcon_core.environment:checking '/FW_Control/src/install/vicon_receiver/lib'
[0.358s] Level 1:colcon.colcon_core.shell:create_environment_hook('vicon_receiver', 'ld_library_path_lib')
[0.358s] INFO:colcon.colcon_core.shell:Creating environment hook '/FW_Control/src/install/vicon_receiver/share/vicon_receiver/hook/ld_library_path_lib.ps1'
[0.358s] INFO:colcon.colcon_core.shell:Creating environment descriptor '/FW_Control/src/install/vicon_receiver/share/vicon_receiver/hook/ld_library_path_lib.dsv'
[0.359s] INFO:colcon.colcon_core.shell:Creating environment hook '/FW_Control/src/install/vicon_receiver/share/vicon_receiver/hook/ld_library_path_lib.sh'
[0.359s] Level 1:colcon.colcon_core.environment:checking '/FW_Control/src/install/vicon_receiver/bin'
[0.359s] Level 1:colcon.colcon_core.environment:checking '/FW_Control/src/install/vicon_receiver/lib/pkgconfig/vicon_receiver.pc'
[0.359s] Level 1:colcon.colcon_core.environment:checking '/FW_Control/src/install/vicon_receiver/lib/python3.8/site-packages'
[0.359s] Level 1:colcon.colcon_core.shell:create_environment_hook('vicon_receiver', 'pythonpath')
[0.359s] INFO:colcon.colcon_core.shell:Creating environment hook '/FW_Control/src/install/vicon_receiver/share/vicon_receiver/hook/pythonpath.ps1'
[0.359s] INFO:colcon.colcon_core.shell:Creating environment descriptor '/FW_Control/src/install/vicon_receiver/share/vicon_receiver/hook/pythonpath.dsv'
[0.360s] INFO:colcon.colcon_core.shell:Creating environment hook '/FW_Control/src/install/vicon_receiver/share/vicon_receiver/hook/pythonpath.sh'
[0.360s] Level 1:colcon.colcon_core.environment:checking '/FW_Control/src/install/vicon_receiver/bin'
[0.361s] INFO:colcon.colcon_core.shell:Creating package script '/FW_Control/src/install/vicon_receiver/share/vicon_receiver/package.ps1'
[0.362s] INFO:colcon.colcon_core.shell:Creating package descriptor '/FW_Control/src/install/vicon_receiver/share/vicon_receiver/package.dsv'
[0.362s] INFO:colcon.colcon_core.shell:Creating package script '/FW_Control/src/install/vicon_receiver/share/vicon_receiver/package.sh'
[0.363s] INFO:colcon.colcon_core.shell:Creating package script '/FW_Control/src/install/vicon_receiver/share/vicon_receiver/package.bash'
[0.364s] INFO:colcon.colcon_core.shell:Creating package script '/FW_Control/src/install/vicon_receiver/share/vicon_receiver/package.zsh'
[0.364s] Level 1:colcon.colcon_core.environment:create_file_with_runtime_dependencies(/FW_Control/src/install/vicon_receiver/share/colcon-core/packages/vicon_receiver)
[0.367s] Level 1:colcon.colcon_core.environment:create_environment_scripts_only(fw_msgs)
[0.369s] Level 1:colcon.colcon_core.environment:checking '/FW_Control/src/install/fw_msgs' for CMake module files
[0.370s] DEBUG:colcon.colcon_core.event_handler.log_command:Invoked command in '/FW_Control/src/build/fw_msgs' returned '0': CMAKE_PREFIX_PATH=${CMAKE_PREFIX_PATH}:/FW_Control/install/control:/FW_Control/install/serial2arduino:/FW_Control/install/estimatestate:/opt/ros/foxy /usr/bin/cmake --install /FW_Control/src/build/fw_msgs
[0.370s] Level 1:colcon.colcon_core.environment:checking '/FW_Control/src/install/fw_msgs' for CMake config files
[0.370s] Level 1:colcon.colcon_core.shell:create_environment_hook('fw_msgs', 'cmake_prefix_path')
[0.371s] INFO:colcon.colcon_core.shell:Creating environment hook '/FW_Control/src/install/fw_msgs/share/fw_msgs/hook/cmake_prefix_path.ps1'
[0.372s] INFO:colcon.colcon_core.shell:Creating environment descriptor '/FW_Control/src/install/fw_msgs/share/fw_msgs/hook/cmake_prefix_path.dsv'
[0.372s] INFO:colcon.colcon_core.shell:Creating environment hook '/FW_Control/src/install/fw_msgs/share/fw_msgs/hook/cmake_prefix_path.sh'
[0.372s] Level 1:colcon.colcon_core.environment:checking '/FW_Control/src/install/fw_msgs/lib'
[0.372s] Level 1:colcon.colcon_core.shell:create_environment_hook('fw_msgs', 'ld_library_path_lib')
[0.373s] INFO:colcon.colcon_core.shell:Creating environment hook '/FW_Control/src/install/fw_msgs/share/fw_msgs/hook/ld_library_path_lib.ps1'
[0.374s] INFO:colcon.colcon_core.shell:Creating environment descriptor '/FW_Control/src/install/fw_msgs/share/fw_msgs/hook/ld_library_path_lib.dsv'
[0.374s] INFO:colcon.colcon_core.shell:Creating environment hook '/FW_Control/src/install/fw_msgs/share/fw_msgs/hook/ld_library_path_lib.sh'
[0.374s] Level 1:colcon.colcon_core.environment:checking '/FW_Control/src/install/fw_msgs/bin'
[0.374s] Level 1:colcon.colcon_core.environment:checking '/FW_Control/src/install/fw_msgs/lib/pkgconfig/fw_msgs.pc'
[0.374s] Level 1:colcon.colcon_core.environment:checking '/FW_Control/src/install/fw_msgs/lib/python3.8/site-packages'
[0.374s] Level 1:colcon.colcon_core.shell:create_environment_hook('fw_msgs', 'pythonpath')
[0.375s] INFO:colcon.colcon_core.shell:Creating environment hook '/FW_Control/src/install/fw_msgs/share/fw_msgs/hook/pythonpath.ps1'
[0.376s] INFO:colcon.colcon_core.shell:Creating environment descriptor '/FW_Control/src/install/fw_msgs/share/fw_msgs/hook/pythonpath.dsv'
[0.376s] INFO:colcon.colcon_core.shell:Creating environment hook '/FW_Control/src/install/fw_msgs/share/fw_msgs/hook/pythonpath.sh'
[0.376s] Level 1:colcon.colcon_core.environment:checking '/FW_Control/src/install/fw_msgs/bin'
[0.377s] INFO:colcon.colcon_core.shell:Creating package script '/FW_Control/src/install/fw_msgs/share/fw_msgs/package.ps1'
[0.378s] INFO:colcon.colcon_core.shell:Creating package descriptor '/FW_Control/src/install/fw_msgs/share/fw_msgs/package.dsv'
[0.378s] INFO:colcon.colcon_core.shell:Creating package script '/FW_Control/src/install/fw_msgs/share/fw_msgs/package.sh'
[0.378s] INFO:colcon.colcon_core.shell:Creating package script '/FW_Control/src/install/fw_msgs/share/fw_msgs/package.bash'
[0.378s] INFO:colcon.colcon_core.shell:Creating package script '/FW_Control/src/install/fw_msgs/share/fw_msgs/package.zsh'
[0.378s] Level 1:colcon.colcon_core.environment:create_file_with_runtime_dependencies(/FW_Control/src/install/fw_msgs/share/colcon-core/packages/fw_msgs)
[0.388s] Level 1:colcon.colcon_core.environment:create_environment_scripts_only(vicon_receiver)
[0.389s] Level 1:colcon.colcon_core.environment:checking '/FW_Control/src/install/vicon_receiver' for CMake module files
[0.389s] Level 1:colcon.colcon_core.environment:checking '/FW_Control/src/install/vicon_receiver' for CMake config files
[0.389s] Level 1:colcon.colcon_core.shell:create_environment_hook('vicon_receiver', 'cmake_prefix_path')
[0.390s] INFO:colcon.colcon_core.shell:Creating environment hook '/FW_Control/src/install/vicon_receiver/share/vicon_receiver/hook/cmake_prefix_path.ps1'
[0.390s] INFO:colcon.colcon_core.shell:Creating environment descriptor '/FW_Control/src/install/vicon_receiver/share/vicon_receiver/hook/cmake_prefix_path.dsv'
[0.390s] INFO:colcon.colcon_core.shell:Creating environment hook '/FW_Control/src/install/vicon_receiver/share/vicon_receiver/hook/cmake_prefix_path.sh'
[0.390s] Level 1:colcon.colcon_core.environment:checking '/FW_Control/src/install/vicon_receiver/lib'
[0.390s] Level 1:colcon.colcon_core.shell:create_environment_hook('vicon_receiver', 'ld_library_path_lib')
[0.391s] INFO:colcon.colcon_core.shell:Creating environment hook '/FW_Control/src/install/vicon_receiver/share/vicon_receiver/hook/ld_library_path_lib.ps1'
[0.391s] INFO:colcon.colcon_core.shell:Creating environment descriptor '/FW_Control/src/install/vicon_receiver/share/vicon_receiver/hook/ld_library_path_lib.dsv'
[0.391s] INFO:colcon.colcon_core.shell:Creating environment hook '/FW_Control/src/install/vicon_receiver/share/vicon_receiver/hook/ld_library_path_lib.sh'
[0.391s] Level 1:colcon.colcon_core.environment:checking '/FW_Control/src/install/vicon_receiver/bin'
[0.391s] Level 1:colcon.colcon_core.environment:checking '/FW_Control/src/install/vicon_receiver/lib/pkgconfig/vicon_receiver.pc'
[0.392s] Level 1:colcon.colcon_core.environment:checking '/FW_Control/src/install/vicon_receiver/lib/python3.8/site-packages'
[0.392s] Level 1:colcon.colcon_core.shell:create_environment_hook('vicon_receiver', 'pythonpath')
[0.392s] INFO:colcon.colcon_core.shell:Creating environment hook '/FW_Control/src/install/vicon_receiver/share/vicon_receiver/hook/pythonpath.ps1'
[0.392s] INFO:colcon.colcon_core.shell:Creating environment descriptor '/FW_Control/src/install/vicon_receiver/share/vicon_receiver/hook/pythonpath.dsv'
[0.392s] INFO:colcon.colcon_core.shell:Creating environment hook '/FW_Control/src/install/vicon_receiver/share/vicon_receiver/hook/pythonpath.sh'
[0.393s] Level 1:colcon.colcon_core.environment:checking '/FW_Control/src/install/vicon_receiver/bin'
[0.393s] INFO:colcon.colcon_core.shell:Creating package script '/FW_Control/src/install/vicon_receiver/share/vicon_receiver/package.ps1'
[0.393s] INFO:colcon.colcon_core.shell:Creating package descriptor '/FW_Control/src/install/vicon_receiver/share/vicon_receiver/package.dsv'
[0.394s] INFO:colcon.colcon_core.shell:Creating package script '/FW_Control/src/install/vicon_receiver/share/vicon_receiver/package.sh'
[0.394s] INFO:colcon.colcon_core.shell:Creating package script '/FW_Control/src/install/vicon_receiver/share/vicon_receiver/package.bash'
[0.394s] INFO:colcon.colcon_core.shell:Creating package script '/FW_Control/src/install/vicon_receiver/share/vicon_receiver/package.zsh'
[0.394s] Level 1:colcon.colcon_core.environment:create_file_with_runtime_dependencies(/FW_Control/src/install/vicon_receiver/share/colcon-core/packages/vicon_receiver)
[0.394s] INFO:colcon.colcon_ros.task.ament_python.build:Building ROS package in '/FW_Control/src/control' with build type 'ament_python'
[0.394s] Level 1:colcon.colcon_core.shell:create_environment_hook('control', 'ament_prefix_path')
[0.395s] INFO:colcon.colcon_core.shell:Creating environment hook '/FW_Control/src/install/control/share/control/hook/ament_prefix_path.ps1'
[0.395s] INFO:colcon.colcon_core.shell:Creating environment descriptor '/FW_Control/src/install/control/share/control/hook/ament_prefix_path.dsv'
[0.395s] INFO:colcon.colcon_core.shell:Creating environment hook '/FW_Control/src/install/control/share/control/hook/ament_prefix_path.sh'
[0.396s] INFO:colcon.colcon_core.shell:Skip shell extension 'powershell' for command environment: Not usable outside of PowerShell
[0.396s] DEBUG:colcon.colcon_core.shell:Skip shell extension 'dsv' for command environment
[0.491s] INFO:colcon.colcon_core.task.python.build:Building Python package in '/FW_Control/src/control'
[0.492s] INFO:colcon.colcon_core.shell:Skip shell extension 'powershell' for command environment: Not usable outside of PowerShell
[0.492s] DEBUG:colcon.colcon_core.shell:Skip shell extension 'dsv' for command environment
[0.496s] Level 1:colcon.colcon_core.environment:create_environment_scripts_only(fw_msgs)
[0.497s] Level 1:colcon.colcon_core.environment:checking '/FW_Control/src/install/fw_msgs' for CMake module files
[0.498s] Level 1:colcon.colcon_core.environment:checking '/FW_Control/src/install/fw_msgs' for CMake config files
[0.498s] Level 1:colcon.colcon_core.shell:create_environment_hook('fw_msgs', 'cmake_prefix_path')
[0.498s] INFO:colcon.colcon_core.shell:Creating environment hook '/FW_Control/src/install/fw_msgs/share/fw_msgs/hook/cmake_prefix_path.ps1'
[0.499s] INFO:colcon.colcon_core.shell:Creating environment descriptor '/FW_Control/src/install/fw_msgs/share/fw_msgs/hook/cmake_prefix_path.dsv'
[0.499s] INFO:colcon.colcon_core.shell:Creating environment hook '/FW_Control/src/install/fw_msgs/share/fw_msgs/hook/cmake_prefix_path.sh'
[0.499s] Level 1:colcon.colcon_core.environment:checking '/FW_Control/src/install/fw_msgs/lib'
[0.499s] Level 1:colcon.colcon_core.shell:create_environment_hook('fw_msgs', 'ld_library_path_lib')
[0.499s] INFO:colcon.colcon_core.shell:Creating environment hook '/FW_Control/src/install/fw_msgs/share/fw_msgs/hook/ld_library_path_lib.ps1'
[0.500s] INFO:colcon.colcon_core.shell:Creating environment descriptor '/FW_Control/src/install/fw_msgs/share/fw_msgs/hook/ld_library_path_lib.dsv'
[0.500s] INFO:colcon.colcon_core.shell:Creating environment hook '/FW_Control/src/install/fw_msgs/share/fw_msgs/hook/ld_library_path_lib.sh'
[0.500s] Level 1:colcon.colcon_core.environment:checking '/FW_Control/src/install/fw_msgs/bin'
[0.500s] Level 1:colcon.colcon_core.environment:checking '/FW_Control/src/install/fw_msgs/lib/pkgconfig/fw_msgs.pc'
[0.500s] Level 1:colcon.colcon_core.environment:checking '/FW_Control/src/install/fw_msgs/lib/python3.8/site-packages'
[0.500s] Level 1:colcon.colcon_core.shell:create_environment_hook('fw_msgs', 'pythonpath')
[0.501s] INFO:colcon.colcon_core.shell:Creating environment hook '/FW_Control/src/install/fw_msgs/share/fw_msgs/hook/pythonpath.ps1'
[0.501s] INFO:colcon.colcon_core.shell:Creating environment descriptor '/FW_Control/src/install/fw_msgs/share/fw_msgs/hook/pythonpath.dsv'
[0.501s] INFO:colcon.colcon_core.shell:Creating environment hook '/FW_Control/src/install/fw_msgs/share/fw_msgs/hook/pythonpath.sh'
[0.501s] Level 1:colcon.colcon_core.environment:checking '/FW_Control/src/install/fw_msgs/bin'
[0.502s] INFO:colcon.colcon_core.shell:Creating package script '/FW_Control/src/install/fw_msgs/share/fw_msgs/package.ps1'
[0.502s] INFO:colcon.colcon_core.shell:Creating package descriptor '/FW_Control/src/install/fw_msgs/share/fw_msgs/package.dsv'
[0.502s] INFO:colcon.colcon_core.shell:Creating package script '/FW_Control/src/install/fw_msgs/share/fw_msgs/package.sh'
[0.502s] INFO:colcon.colcon_core.shell:Creating package script '/FW_Control/src/install/fw_msgs/share/fw_msgs/package.bash'
[0.502s] INFO:colcon.colcon_core.shell:Creating package script '/FW_Control/src/install/fw_msgs/share/fw_msgs/package.zsh'
[0.502s] Level 1:colcon.colcon_core.environment:create_file_with_runtime_dependencies(/FW_Control/src/install/fw_msgs/share/colcon-core/packages/fw_msgs)
[0.504s] INFO:colcon.colcon_ros.task.ament_python.build:Building ROS package in '/FW_Control/src/serial2arduino' with build type 'ament_python'
[0.505s] Level 1:colcon.colcon_core.shell:create_environment_hook('serial2arduino', 'ament_prefix_path')
[0.505s] INFO:colcon.colcon_core.shell:Creating environment hook '/FW_Control/src/install/serial2arduino/share/serial2arduino/hook/ament_prefix_path.ps1'
[0.506s] INFO:colcon.colcon_core.shell:Creating environment descriptor '/FW_Control/src/install/serial2arduino/share/serial2arduino/hook/ament_prefix_path.dsv'
[0.506s] DEBUG:colcon.colcon_core.event_handler.log_command:Invoking command in '/FW_Control/src/estimatestate': PYTHONPATH=/FW_Control/src/build/estimatestate/prefix_override:/FW_Control/src/install/estimatestate/lib/python3.8/site-packages:${PYTHONPATH} /usr/bin/python3 setup.py egg_info --egg-base ../build/estimatestate build --build-base /FW_Control/src/build/estimatestate/build install --record /FW_Control/src/build/estimatestate/install.log --install-scripts $base/lib/estimatestate --single-version-externally-managed
[0.506s] INFO:colcon.colcon_core.shell:Creating environment hook '/FW_Control/src/install/serial2arduino/share/serial2arduino/hook/ament_prefix_path.sh'
[0.507s] INFO:colcon.colcon_core.shell:Skip shell extension 'powershell' for command environment: Not usable outside of PowerShell
[0.507s] DEBUG:colcon.colcon_core.shell:Skip shell extension 'dsv' for command environment
[0.602s] INFO:colcon.colcon_core.task.python.build:Building Python package in '/FW_Control/src/serial2arduino'
[0.603s] INFO:colcon.colcon_core.shell:Skip shell extension 'powershell' for command environment: Not usable outside of PowerShell
[0.603s] DEBUG:colcon.colcon_core.shell:Skip shell extension 'dsv' for command environment
[0.625s] Level 1:colcon.colcon_core.environment:checking '/FW_Control/src/install/estimatestate' for CMake module files
[0.626s] DEBUG:colcon.colcon_core.event_handler.log_command:Invoked command in '/FW_Control/src/estimatestate' returned '0': PYTHONPATH=/FW_Control/src/build/estimatestate/prefix_override:/FW_Control/src/install/estimatestate/lib/python3.8/site-packages:${PYTHONPATH} /usr/bin/python3 setup.py egg_info --egg-base ../build/estimatestate build --build-base /FW_Control/src/build/estimatestate/build install --record /FW_Control/src/build/estimatestate/install.log --install-scripts $base/lib/estimatestate --single-version-externally-managed
[0.626s] Level 1:colcon.colcon_core.environment:checking '/FW_Control/src/install/estimatestate' for CMake config files
[0.626s] Level 1:colcon.colcon_core.environment:checking '/FW_Control/src/install/estimatestate/lib'
[0.626s] Level 1:colcon.colcon_core.environment:checking '/FW_Control/src/install/estimatestate/bin'
[0.626s] Level 1:colcon.colcon_core.environment:checking '/FW_Control/src/install/estimatestate/lib/pkgconfig/estimatestate.pc'
[0.626s] Level 1:colcon.colcon_core.environment:checking '/FW_Control/src/install/estimatestate/lib/python3.8/site-packages'
[0.626s] Level 1:colcon.colcon_core.shell:create_environment_hook('estimatestate', 'pythonpath')
[0.627s] INFO:colcon.colcon_core.shell:Creating environment hook '/FW_Control/src/install/estimatestate/share/estimatestate/hook/pythonpath.ps1'
[0.627s] INFO:colcon.colcon_core.shell:Creating environment descriptor '/FW_Control/src/install/estimatestate/share/estimatestate/hook/pythonpath.dsv'
[0.627s] INFO:colcon.colcon_core.shell:Creating environment hook '/FW_Control/src/install/estimatestate/share/estimatestate/hook/pythonpath.sh'
[0.628s] Level 1:colcon.colcon_core.environment:checking '/FW_Control/src/install/estimatestate/bin'
[0.628s] Level 1:colcon.colcon_core.environment:create_environment_scripts_only(estimatestate)
[0.628s] INFO:colcon.colcon_core.shell:Creating package script '/FW_Control/src/install/estimatestate/share/estimatestate/package.ps1'
[0.628s] INFO:colcon.colcon_core.shell:Creating package descriptor '/FW_Control/src/install/estimatestate/share/estimatestate/package.dsv'
[0.629s] INFO:colcon.colcon_core.shell:Creating package script '/FW_Control/src/install/estimatestate/share/estimatestate/package.sh'
[0.629s] INFO:colcon.colcon_core.shell:Creating package script '/FW_Control/src/install/estimatestate/share/estimatestate/package.bash'
[0.629s] INFO:colcon.colcon_core.shell:Creating package script '/FW_Control/src/install/estimatestate/share/estimatestate/package.zsh'
[0.629s] Level 1:colcon.colcon_core.environment:create_file_with_runtime_dependencies(/FW_Control/src/install/estimatestate/share/colcon-core/packages/estimatestate)
[0.673s] DEBUG:colcon.colcon_core.event_handler.log_command:Invoking command in '/FW_Control/src/control': AMENT_PREFIX_PATH=/FW_Control/src/install/vicon_receiver:${AMENT_PREFIX_PATH} CMAKE_PREFIX_PATH=/FW_Control/src/install/vicon_receiver:${CMAKE_PREFIX_PATH} LD_LIBRARY_PATH=/FW_Control/src/install/vicon_receiver/lib:${LD_LIBRARY_PATH} PYTHONPATH=/FW_Control/src/build/control/prefix_override:/FW_Control/src/install/control/lib/python3.8/site-packages:/FW_Control/src/install/vicon_receiver/lib/python3.8/site-packages:${PYTHONPATH} /usr/bin/python3 setup.py egg_info --egg-base ../build/control build --build-base /FW_Control/src/build/control/build install --record /FW_Control/src/build/control/install.log --install-scripts $base/lib/control --single-version-externally-managed
[0.772s] DEBUG:colcon.colcon_core.event_handler.log_command:Invoking command in '/FW_Control/src/serial2arduino': AMENT_PREFIX_PATH=/FW_Control/src/install/fw_msgs:${AMENT_PREFIX_PATH} CMAKE_PREFIX_PATH=/FW_Control/src/install/fw_msgs:${CMAKE_PREFIX_PATH} LD_LIBRARY_PATH=/FW_Control/src/install/fw_msgs/lib:${LD_LIBRARY_PATH} PYTHONPATH=/FW_Control/src/build/serial2arduino/prefix_override:/FW_Control/src/install/serial2arduino/lib/python3.8/site-packages:/FW_Control/src/install/fw_msgs/lib/python3.8/site-packages:${PYTHONPATH} /usr/bin/python3 setup.py egg_info --egg-base ../build/serial2arduino build --build-base /FW_Control/src/build/serial2arduino/build install --record /FW_Control/src/build/serial2arduino/install.log --install-scripts $base/lib/serial2arduino --single-version-externally-managed
[0.793s] Level 1:colcon.colcon_core.environment:checking '/FW_Control/src/install/control' for CMake module files
[0.794s] DEBUG:colcon.colcon_core.event_handler.log_command:Invoked command in '/FW_Control/src/control' returned '0': AMENT_PREFIX_PATH=/FW_Control/src/install/vicon_receiver:${AMENT_PREFIX_PATH} CMAKE_PREFIX_PATH=/FW_Control/src/install/vicon_receiver:${CMAKE_PREFIX_PATH} LD_LIBRARY_PATH=/FW_Control/src/install/vicon_receiver/lib:${LD_LIBRARY_PATH} PYTHONPATH=/FW_Control/src/build/control/prefix_override:/FW_Control/src/install/control/lib/python3.8/site-packages:/FW_Control/src/install/vicon_receiver/lib/python3.8/site-packages:${PYTHONPATH} /usr/bin/python3 setup.py egg_info --egg-base ../build/control build --build-base /FW_Control/src/build/control/build install --record /FW_Control/src/build/control/install.log --install-scripts $base/lib/control --single-version-externally-managed
[0.794s] Level 1:colcon.colcon_core.environment:checking '/FW_Control/src/install/control' for CMake config files
[0.795s] Level 1:colcon.colcon_core.environment:checking '/FW_Control/src/install/control/lib'
[0.795s] Level 1:colcon.colcon_core.environment:checking '/FW_Control/src/install/control/bin'
[0.795s] Level 1:colcon.colcon_core.environment:checking '/FW_Control/src/install/control/lib/pkgconfig/control.pc'
[0.795s] Level 1:colcon.colcon_core.environment:checking '/FW_Control/src/install/control/lib/python3.8/site-packages'
[0.795s] Level 1:colcon.colcon_core.shell:create_environment_hook('control', 'pythonpath')
[0.796s] INFO:colcon.colcon_core.shell:Creating environment hook '/FW_Control/src/install/control/share/control/hook/pythonpath.ps1'
[0.797s] INFO:colcon.colcon_core.shell:Creating environment descriptor '/FW_Control/src/install/control/share/control/hook/pythonpath.dsv'
[0.797s] INFO:colcon.colcon_core.shell:Creating environment hook '/FW_Control/src/install/control/share/control/hook/pythonpath.sh'
[0.797s] Level 1:colcon.colcon_core.environment:checking '/FW_Control/src/install/control/bin'
[0.797s] Level 1:colcon.colcon_core.environment:create_environment_scripts_only(control)
[0.798s] INFO:colcon.colcon_core.shell:Creating package script '/FW_Control/src/install/control/share/control/package.ps1'
[0.798s] INFO:colcon.colcon_core.shell:Creating package descriptor '/FW_Control/src/install/control/share/control/package.dsv'
[0.798s] INFO:colcon.colcon_core.shell:Creating package script '/FW_Control/src/install/control/share/control/package.sh'
[0.798s] INFO:colcon.colcon_core.shell:Creating package script '/FW_Control/src/install/control/share/control/package.bash'
[0.799s] INFO:colcon.colcon_core.shell:Creating package script '/FW_Control/src/install/control/share/control/package.zsh'
[0.799s] Level 1:colcon.colcon_core.environment:create_file_with_runtime_dependencies(/FW_Control/src/install/control/share/colcon-core/packages/control)
[0.892s] Level 1:colcon.colcon_core.environment:checking '/FW_Control/src/install/serial2arduino' for CMake module files
[0.893s] DEBUG:colcon.colcon_core.event_handler.log_command:Invoked command in '/FW_Control/src/serial2arduino' returned '0': AMENT_PREFIX_PATH=/FW_Control/src/install/fw_msgs:${AMENT_PREFIX_PATH} CMAKE_PREFIX_PATH=/FW_Control/src/install/fw_msgs:${CMAKE_PREFIX_PATH} LD_LIBRARY_PATH=/FW_Control/src/install/fw_msgs/lib:${LD_LIBRARY_PATH} PYTHONPATH=/FW_Control/src/build/serial2arduino/prefix_override:/FW_Control/src/install/serial2arduino/lib/python3.8/site-packages:/FW_Control/src/install/fw_msgs/lib/python3.8/site-packages:${PYTHONPATH} /usr/bin/python3 setup.py egg_info --egg-base ../build/serial2arduino build --build-base /FW_Control/src/build/serial2arduino/build install --record /FW_Control/src/build/serial2arduino/install.log --install-scripts $base/lib/serial2arduino --single-version-externally-managed
[0.893s] Level 1:colcon.colcon_core.environment:checking '/FW_Control/src/install/serial2arduino' for CMake config files
[0.893s] Level 1:colcon.colcon_core.environment:checking '/FW_Control/src/install/serial2arduino/lib'
[0.893s] Level 1:colcon.colcon_core.environment:checking '/FW_Control/src/install/serial2arduino/bin'
[0.893s] Level 1:colcon.colcon_core.environment:checking '/FW_Control/src/install/serial2arduino/lib/pkgconfig/serial2arduino.pc'
[0.893s] Level 1:colcon.colcon_core.environment:checking '/FW_Control/src/install/serial2arduino/lib/python3.8/site-packages'
[0.893s] Level 1:colcon.colcon_core.shell:create_environment_hook('serial2arduino', 'pythonpath')
[0.894s] INFO:colcon.colcon_core.shell:Creating environment hook '/FW_Control/src/install/serial2arduino/share/serial2arduino/hook/pythonpath.ps1'
[0.894s] INFO:colcon.colcon_core.shell:Creating environment descriptor '/FW_Control/src/install/serial2arduino/share/serial2arduino/hook/pythonpath.dsv'
[0.894s] INFO:colcon.colcon_core.shell:Creating environment hook '/FW_Control/src/install/serial2arduino/share/serial2arduino/hook/pythonpath.sh'
[0.895s] Level 1:colcon.colcon_core.environment:checking '/FW_Control/src/install/serial2arduino/bin'
[0.895s] Level 1:colcon.colcon_core.environment:create_environment_scripts_only(serial2arduino)
[0.895s] INFO:colcon.colcon_core.shell:Creating package script '/FW_Control/src/install/serial2arduino/share/serial2arduino/package.ps1'
[0.895s] INFO:colcon.colcon_core.shell:Creating package descriptor '/FW_Control/src/install/serial2arduino/share/serial2arduino/package.dsv'
[0.896s] INFO:colcon.colcon_core.shell:Creating package script '/FW_Control/src/install/serial2arduino/share/serial2arduino/package.sh'
[0.896s] INFO:colcon.colcon_core.shell:Creating package script '/FW_Control/src/install/serial2arduino/share/serial2arduino/package.bash'
[0.896s] INFO:colcon.colcon_core.shell:Creating package script '/FW_Control/src/install/serial2arduino/share/serial2arduino/package.zsh'
[0.896s] Level 1:colcon.colcon_core.environment:create_file_with_runtime_dependencies(/FW_Control/src/install/serial2arduino/share/colcon-core/packages/serial2arduino)
[0.896s] DEBUG:colcon.colcon_parallel_executor.executor.parallel:closing loop
[0.896s] DEBUG:colcon.colcon_parallel_executor.executor.parallel:loop closed
[0.896s] DEBUG:colcon.colcon_parallel_executor.executor.parallel:run_until_complete finished with '0'
[0.896s] DEBUG:colcon.colcon_core.event_reactor:joining thread
[0.901s] INFO:colcon.colcon_core.plugin_system:Skipping extension 'colcon_notification.desktop_notification.notify_send': Could not find 'notify-send'
[0.901s] INFO:colcon.colcon_core.plugin_system:Skipping extension 'colcon_notification.desktop_notification.terminal_notifier': Not used on non-Darwin systems
[0.901s] INFO:colcon.colcon_core.plugin_system:Skipping extension 'colcon_notification.desktop_notification.win32': Not used on non-Windows systems
[0.901s] INFO:colcon.colcon_notification.desktop_notification:Sending desktop notification using 'notify2'
[0.904s] DEBUG:colcon.colcon_notification.desktop_notification.notify2:Failed to initialize notify2: org.freedesktop.DBus.Error.ServiceUnknown: The name org.freedesktop.Notifications was not provided by any .service files
[0.904s] DEBUG:colcon.colcon_core.event_reactor:joined thread
[0.905s] INFO:colcon.colcon_core.shell:Creating prefix script '/FW_Control/src/install/local_setup.ps1'
[0.905s] INFO:colcon.colcon_core.shell:Creating prefix util module '/FW_Control/src/install/_local_setup_util_ps1.py'
[0.906s] INFO:colcon.colcon_core.shell:Creating prefix chain script '/FW_Control/src/install/setup.ps1'
[0.907s] INFO:colcon.colcon_core.shell:Creating prefix script '/FW_Control/src/install/local_setup.sh'
[0.907s] INFO:colcon.colcon_core.shell:Creating prefix util module '/FW_Control/src/install/_local_setup_util_sh.py'
[0.907s] INFO:colcon.colcon_core.shell:Creating prefix chain script '/FW_Control/src/install/setup.sh'
[0.908s] INFO:colcon.colcon_core.shell:Creating prefix script '/FW_Control/src/install/local_setup.bash'
[0.908s] INFO:colcon.colcon_core.shell:Creating prefix chain script '/FW_Control/src/install/setup.bash'
[0.908s] INFO:colcon.colcon_core.shell:Creating prefix script '/FW_Control/src/install/local_setup.zsh'
[0.909s] INFO:colcon.colcon_core.shell:Creating prefix chain script '/FW_Control/src/install/setup.zsh'
