-- The C compiler identification is GNU 9.4.0
-- The CXX compiler identification is GNU 9.4.0
-- Check for working C compiler: /usr/bin/cc
-- Check for working C compiler: /usr/bin/cc -- works
-- Detecting C compiler ABI info
-- Detecting C compiler ABI info - done
-- Detecting C compile features
-- Detecting C compile features - done
-- Check for working CXX compiler: /usr/bin/c++
-- Check for working CXX compiler: /usr/bin/c++ -- works
-- Detecting CXX compiler ABI info
-- Detecting CXX compiler ABI info - done
-- Detecting CXX compile features
-- Detecting CXX compile features - done
-- Found geometry_msgs: 2.0.5 (/opt/ros/foxy/share/geometry_msgs/cmake)
-- Found PythonInterp: /usr/bin/python3 (found suitable version "3.8.10", minimum required is "3") 
-- Using PYTHON_EXECUTABLE: /usr/bin/python3
-- Using all available rosidl_typesupport_c: rosidl_typesupport_fastrtps_c;rosidl_typesupport_introspection_c
-- Found rosidl_adapter: 1.3.0 (/opt/ros/foxy/share/rosidl_adapter/cmake)
-- Found OpenSSL: /usr/lib/x86_64-linux-gnu/libcrypto.so (found version "1.1.1f")  
-- Found FastRTPS: /opt/ros/foxy/include  
-- Using all available rosidl_typesupport_cpp: rosidl_typesupport_fastrtps_cpp;rosidl_typesupport_introspection_cpp
-- Found rosidl_default_generators: 1.0.1 (/opt/ros/foxy/share/rosidl_default_generators/cmake)
-- Found PythonInterp: /usr/bin/python3 (found version "3.8.10") 
-- Found ament_cmake_ros: 0.9.2 (/opt/ros/foxy/share/ament_cmake_ros/cmake)
-- Using all available rosidl_typesupport_c: rosidl_typesupport_fastrtps_c;rosidl_typesupport_introspection_c
-- Using all available rosidl_typesupport_cpp: rosidl_typesupport_fastrtps_cpp;rosidl_typesupport_introspection_cpp
-- Found PythonInterp: /usr/bin/python3 (found suitable version "3.8.10", minimum required is "3.5") 
-- Found python_cmake_module: 0.8.1 (/opt/ros/foxy/share/python_cmake_module/cmake)
-- Found PythonLibs: /usr/lib/x86_64-linux-gnu/libpython3.8.so (found suitable version "3.8.10", minimum required is "3.5") 
-- Using PYTHON_EXECUTABLE: /usr/bin/python3
-- Using PYTHON_INCLUDE_DIRS: /usr/include/python3.8
-- Using PYTHON_LIBRARIES: /usr/lib/x86_64-linux-gnu/libpython3.8.so
-- Found PythonExtra: .so  
-- Found ament_lint_auto: 0.9.8 (/opt/ros/foxy/share/ament_lint_auto/cmake)
-- Added test 'copyright' to check source files copyright and LICENSE
-- Added test 'lint_cmake' to check CMake code style
-- Added test 'xmllint' to check XML markup files
-- Configuring done
-- Generating done
-- Build files have been written to: /FW_Control/src/build/fw_msgs
[35m[1mScanning dependencies of target fw_msgs__cpp[0m
[  1%] [34m[1mGenerating C code for ROS interfaces[0m
[  3%] [34m[1mGenerating C++ code for ROS interfaces[0m
[  3%] Built target fw_msgs__cpp
[  9%] [34m[1mGenerating C++ introspection for ROS interfaces[0m
[  9%] [34m[1mGenerating C++ type support for eProsima Fast-RTPS[0m
[  9%] [34m[1mGenerating C++ type support dispatch for ROS interfaces[0m
[35m[1mScanning dependencies of target fw_msgs__rosidl_generator_c[0m
[ 12%] [32mBuilding C object CMakeFiles/fw_msgs__rosidl_generator_c.dir/rosidl_generator_c/fw_msgs/msg/detail/position_euler__functions.c.o[0m
[ 12%] [32mBuilding C object CMakeFiles/fw_msgs__rosidl_generator_c.dir/rosidl_generator_c/fw_msgs/msg/detail/ctrl_input__functions.c.o[0m
[ 14%] [32mBuilding C object CMakeFiles/fw_msgs__rosidl_generator_c.dir/rosidl_generator_c/fw_msgs/msg/detail/state_est_quat__functions.c.o[0m
[ 16%] [32mBuilding C object CMakeFiles/fw_msgs__rosidl_generator_c.dir/rosidl_generator_c/fw_msgs/msg/detail/state_est_euler__functions.c.o[0m
[ 18%] [32m[1mLinking C shared library libfw_msgs__rosidl_generator_c.so[0m
[ 18%] Built target fw_msgs__rosidl_generator_c
[ 21%] [34m[1mGenerating C introspection for ROS interfaces[0m
[ 21%] [34m[1mGenerating C type support dispatch for ROS interfaces[0m
[35m[1mScanning dependencies of target fw_msgs__rosidl_typesupport_cpp[0m
[ 23%] [32mBuilding CXX object CMakeFiles/fw_msgs__rosidl_typesupport_cpp.dir/rosidl_typesupport_cpp/fw_msgs/msg/ctrl_input__type_support.cpp.o[0m
[ 25%] [32mBuilding CXX object CMakeFiles/fw_msgs__rosidl_typesupport_cpp.dir/rosidl_typesupport_cpp/fw_msgs/msg/state_est_quat__type_support.cpp.o[0m
[ 27%] [32mBuilding CXX object CMakeFiles/fw_msgs__rosidl_typesupport_cpp.dir/rosidl_typesupport_cpp/fw_msgs/msg/position_euler__type_support.cpp.o[0m
[ 29%] [32mBuilding CXX object CMakeFiles/fw_msgs__rosidl_typesupport_cpp.dir/rosidl_typesupport_cpp/fw_msgs/msg/state_est_euler__type_support.cpp.o[0m
[35m[1mScanning dependencies of target fw_msgs__rosidl_typesupport_introspection_cpp[0m
[ 30%] [32mBuilding CXX object CMakeFiles/fw_msgs__rosidl_typesupport_introspection_cpp.dir/rosidl_typesupport_introspection_cpp/fw_msgs/msg/detail/ctrl_input__type_support.cpp.o[0m
[ 32%] [32mBuilding CXX object CMakeFiles/fw_msgs__rosidl_typesupport_introspection_cpp.dir/rosidl_typesupport_introspection_cpp/fw_msgs/msg/detail/state_est_euler__type_support.cpp.o[0m
[ 36%] [32mBuilding CXX object CMakeFiles/fw_msgs__rosidl_typesupport_introspection_cpp.dir/rosidl_typesupport_introspection_cpp/fw_msgs/msg/detail/position_euler__type_support.cpp.o[0m
[ 36%] [32mBuilding CXX object CMakeFiles/fw_msgs__rosidl_typesupport_introspection_cpp.dir/rosidl_typesupport_introspection_cpp/fw_msgs/msg/detail/state_est_quat__type_support.cpp.o[0m
[35m[1mScanning dependencies of target fw_msgs__rosidl_typesupport_fastrtps_cpp[0m
[ 43%] [32mBuilding CXX object CMakeFiles/fw_msgs__rosidl_typesupport_fastrtps_cpp.dir/rosidl_typesupport_fastrtps_cpp/fw_msgs/msg/detail/dds_fastrtps/ctrl_input__type_support.cpp.o[0m
[ 43%] [32mBuilding CXX object CMakeFiles/fw_msgs__rosidl_typesupport_fastrtps_cpp.dir/rosidl_typesupport_fastrtps_cpp/fw_msgs/msg/detail/dds_fastrtps/state_est_euler__type_support.cpp.o[0m
[ 43%] [32mBuilding CXX object CMakeFiles/fw_msgs__rosidl_typesupport_fastrtps_cpp.dir/rosidl_typesupport_fastrtps_cpp/fw_msgs/msg/detail/dds_fastrtps/position_euler__type_support.cpp.o[0m
[ 43%] [32mBuilding CXX object CMakeFiles/fw_msgs__rosidl_typesupport_fastrtps_cpp.dir/rosidl_typesupport_fastrtps_cpp/fw_msgs/msg/detail/dds_fastrtps/state_est_quat__type_support.cpp.o[0m
[35m[1mScanning dependencies of target fw_msgs__rosidl_typesupport_c[0m
[ 45%] [32mBuilding CXX object CMakeFiles/fw_msgs__rosidl_typesupport_c.dir/rosidl_typesupport_c/fw_msgs/msg/ctrl_input__type_support.cpp.o[0m
[ 47%] [32mBuilding CXX object CMakeFiles/fw_msgs__rosidl_typesupport_c.dir/rosidl_typesupport_c/fw_msgs/msg/state_est_euler__type_support.cpp.o[0m
[35m[1mScanning dependencies of target fw_msgs__rosidl_typesupport_introspection_c[0m
[ 49%] [32mBuilding CXX object CMakeFiles/fw_msgs__rosidl_typesupport_c.dir/rosidl_typesupport_c/fw_msgs/msg/state_est_quat__type_support.cpp.o[0m
[ 54%] [32mBuilding C object CMakeFiles/fw_msgs__rosidl_typesupport_introspection_c.dir/rosidl_typesupport_introspection_c/fw_msgs/msg/detail/state_est_euler__type_support.c.o[0m
[ 54%] [32mBuilding C object CMakeFiles/fw_msgs__rosidl_typesupport_introspection_c.dir/rosidl_typesupport_introspection_c/fw_msgs/msg/detail/state_est_quat__type_support.c.o[0m
[ 56%] [32mBuilding CXX object CMakeFiles/fw_msgs__rosidl_typesupport_c.dir/rosidl_typesupport_c/fw_msgs/msg/position_euler__type_support.cpp.o[0m
[ 56%] [32mBuilding C object CMakeFiles/fw_msgs__rosidl_typesupport_introspection_c.dir/rosidl_typesupport_introspection_c/fw_msgs/msg/detail/ctrl_input__type_support.c.o[0m
[ 58%] [32mBuilding C object CMakeFiles/fw_msgs__rosidl_typesupport_introspection_c.dir/rosidl_typesupport_introspection_c/fw_msgs/msg/detail/position_euler__type_support.c.o[0m
[ 60%] [32m[1mLinking CXX shared library libfw_msgs__rosidl_typesupport_c.so[0m
[ 61%] [32m[1mLinking C shared library libfw_msgs__rosidl_typesupport_introspection_c.so[0m
[ 61%] Built target fw_msgs__rosidl_typesupport_c
[ 61%] Built target fw_msgs__rosidl_typesupport_introspection_c
[ 63%] [32m[1mLinking CXX shared library libfw_msgs__rosidl_typesupport_introspection_cpp.so[0m
[ 63%] Built target fw_msgs__rosidl_typesupport_introspection_cpp
[ 65%] [32m[1mLinking CXX shared library libfw_msgs__rosidl_typesupport_cpp.so[0m
[ 65%] Built target fw_msgs__rosidl_typesupport_cpp
[ 67%] [32m[1mLinking CXX shared library libfw_msgs__rosidl_typesupport_fastrtps_cpp.so[0m
[ 67%] Built target fw_msgs__rosidl_typesupport_fastrtps_cpp
[ 69%] [34m[1mGenerating C type support for eProsima Fast-RTPS[0m
[35m[1mScanning dependencies of target fw_msgs__rosidl_typesupport_fastrtps_c[0m
[ 70%] [32mBuilding CXX object CMakeFiles/fw_msgs__rosidl_typesupport_fastrtps_c.dir/rosidl_typesupport_fastrtps_c/fw_msgs/msg/detail/ctrl_input__type_support_c.cpp.o[0m
[ 72%] [32mBuilding CXX object CMakeFiles/fw_msgs__rosidl_typesupport_fastrtps_c.dir/rosidl_typesupport_fastrtps_c/fw_msgs/msg/detail/position_euler__type_support_c.cpp.o[0m
[ 74%] [32mBuilding CXX object CMakeFiles/fw_msgs__rosidl_typesupport_fastrtps_c.dir/rosidl_typesupport_fastrtps_c/fw_msgs/msg/detail/state_est_euler__type_support_c.cpp.o[0m
[ 76%] [32mBuilding CXX object CMakeFiles/fw_msgs__rosidl_typesupport_fastrtps_c.dir/rosidl_typesupport_fastrtps_c/fw_msgs/msg/detail/state_est_quat__type_support_c.cpp.o[0m
[ 78%] [32m[1mLinking CXX shared library libfw_msgs__rosidl_typesupport_fastrtps_c.so[0m
[ 78%] Built target fw_msgs__rosidl_typesupport_fastrtps_c
[35m[1mScanning dependencies of target fw_msgs[0m
[ 78%] Built target fw_msgs
[35m[1mScanning dependencies of target fw_msgs__py[0m
[ 80%] [34m[1mGenerating Python code for ROS interfaces[0m
[ 80%] Built target fw_msgs__py
[35m[1mScanning dependencies of target fw_msgs__python[0m
[ 83%] [32mBuilding C object CMakeFiles/fw_msgs__python.dir/rosidl_generator_py/fw_msgs/msg/_ctrl_input_s.c.o[0m
[ 83%] [32mBuilding C object CMakeFiles/fw_msgs__python.dir/rosidl_generator_py/fw_msgs/msg/_position_euler_s.c.o[0m
[ 85%] [32mBuilding C object CMakeFiles/fw_msgs__python.dir/rosidl_generator_py/fw_msgs/msg/_state_est_euler_s.c.o[0m
[ 87%] [32mBuilding C object CMakeFiles/fw_msgs__python.dir/rosidl_generator_py/fw_msgs/msg/_state_est_quat_s.c.o[0m
[ 89%] [32m[1mLinking C shared library rosidl_generator_py/fw_msgs/libfw_msgs__python.so[0m
[ 89%] Built target fw_msgs__python
[35m[1mScanning dependencies of target fw_msgs__rosidl_typesupport_c__pyext[0m
[35m[1mScanning dependencies of target fw_msgs__rosidl_typesupport_introspection_c__pyext[0m
[35m[1mScanning dependencies of target fw_msgs__rosidl_typesupport_fastrtps_c__pyext[0m
[ 90%] [32mBuilding C object CMakeFiles/fw_msgs__rosidl_typesupport_c__pyext.dir/rosidl_generator_py/fw_msgs/_fw_msgs_s.ep.rosidl_typesupport_c.c.o[0m
[ 94%] [32mBuilding C object CMakeFiles/fw_msgs__rosidl_typesupport_fastrtps_c__pyext.dir/rosidl_generator_py/fw_msgs/_fw_msgs_s.ep.rosidl_typesupport_fastrtps_c.c.o[0m
[ 94%] [32mBuilding C object CMakeFiles/fw_msgs__rosidl_typesupport_introspection_c__pyext.dir/rosidl_generator_py/fw_msgs/_fw_msgs_s.ep.rosidl_typesupport_introspection_c.c.o[0m
[ 96%] [32m[1mLinking C shared library rosidl_generator_py/fw_msgs/fw_msgs_s__rosidl_typesupport_c.cpython-38-x86_64-linux-gnu.so[0m
[ 98%] [32m[1mLinking C shared library rosidl_generator_py/fw_msgs/fw_msgs_s__rosidl_typesupport_introspection_c.cpython-38-x86_64-linux-gnu.so[0m
[ 98%] Built target fw_msgs__rosidl_typesupport_c__pyext
[100%] [32m[1mLinking CXX shared library rosidl_generator_py/fw_msgs/fw_msgs_s__rosidl_typesupport_fastrtps_c.cpython-38-x86_64-linux-gnu.so[0m
[100%] Built target fw_msgs__rosidl_typesupport_introspection_c__pyext
[100%] Built target fw_msgs__rosidl_typesupport_fastrtps_c__pyext
-- Install configuration: ""
-- Installing: /FW_Control/src/install/fw_msgs/share/ament_index/resource_index/rosidl_interfaces/fw_msgs
-- Installing: /FW_Control/src/install/fw_msgs/include/fw_msgs
-- Installing: /FW_Control/src/install/fw_msgs/include/fw_msgs/msg
-- Installing: /FW_Control/src/install/fw_msgs/include/fw_msgs/msg/detail
-- Installing: /FW_Control/src/install/fw_msgs/include/fw_msgs/msg/detail/ctrl_input__struct.h
-- Installing: /FW_Control/src/install/fw_msgs/include/fw_msgs/msg/detail/position_euler__functions.c
-- Installing: /FW_Control/src/install/fw_msgs/include/fw_msgs/msg/detail/state_est_quat__functions.h
-- Installing: /FW_Control/src/install/fw_msgs/include/fw_msgs/msg/detail/state_est_euler__functions.h
-- Installing: /FW_Control/src/install/fw_msgs/include/fw_msgs/msg/detail/position_euler__type_support.h
-- Installing: /FW_Control/src/install/fw_msgs/include/fw_msgs/msg/detail/state_est_quat__struct.h
-- Installing: /FW_Control/src/install/fw_msgs/include/fw_msgs/msg/detail/state_est_euler__type_support.h
-- Installing: /FW_Control/src/install/fw_msgs/include/fw_msgs/msg/detail/ctrl_input__type_support.h
-- Installing: /FW_Control/src/install/fw_msgs/include/fw_msgs/msg/detail/ctrl_input__functions.h
-- Installing: /FW_Control/src/install/fw_msgs/include/fw_msgs/msg/detail/state_est_quat__functions.c
-- Installing: /FW_Control/src/install/fw_msgs/include/fw_msgs/msg/detail/position_euler__functions.h
-- Installing: /FW_Control/src/install/fw_msgs/include/fw_msgs/msg/detail/state_est_quat__type_support.h
-- Installing: /FW_Control/src/install/fw_msgs/include/fw_msgs/msg/detail/position_euler__struct.h
-- Installing: /FW_Control/src/install/fw_msgs/include/fw_msgs/msg/detail/ctrl_input__functions.c
-- Installing: /FW_Control/src/install/fw_msgs/include/fw_msgs/msg/detail/state_est_euler__functions.c
-- Installing: /FW_Control/src/install/fw_msgs/include/fw_msgs/msg/detail/state_est_euler__struct.h
-- Installing: /FW_Control/src/install/fw_msgs/include/fw_msgs/msg/rosidl_generator_c__visibility_control.h
-- Installing: /FW_Control/src/install/fw_msgs/include/fw_msgs/msg/state_est_euler.h
-- Installing: /FW_Control/src/install/fw_msgs/include/fw_msgs/msg/position_euler.h
-- Installing: /FW_Control/src/install/fw_msgs/include/fw_msgs/msg/state_est_quat.h
-- Installing: /FW_Control/src/install/fw_msgs/include/fw_msgs/msg/ctrl_input.h
-- Installing: /FW_Control/src/install/fw_msgs/share/fw_msgs/environment/library_path.sh
-- Installing: /FW_Control/src/install/fw_msgs/share/fw_msgs/environment/library_path.dsv
-- Installing: /FW_Control/src/install/fw_msgs/lib/libfw_msgs__rosidl_generator_c.so
-- Set runtime path of "/FW_Control/src/install/fw_msgs/lib/libfw_msgs__rosidl_generator_c.so" to ""
-- Up-to-date: /FW_Control/src/install/fw_msgs/include/fw_msgs
-- Up-to-date: /FW_Control/src/install/fw_msgs/include/fw_msgs/msg
-- Up-to-date: /FW_Control/src/install/fw_msgs/include/fw_msgs/msg/detail
-- Installing: /FW_Control/src/install/fw_msgs/include/fw_msgs/msg/detail/state_est_euler__rosidl_typesupport_fastrtps_c.h
-- Installing: /FW_Control/src/install/fw_msgs/include/fw_msgs/msg/detail/state_est_quat__rosidl_typesupport_fastrtps_c.h
-- Installing: /FW_Control/src/install/fw_msgs/include/fw_msgs/msg/detail/ctrl_input__rosidl_typesupport_fastrtps_c.h
-- Installing: /FW_Control/src/install/fw_msgs/include/fw_msgs/msg/detail/position_euler__rosidl_typesupport_fastrtps_c.h
-- Installing: /FW_Control/src/install/fw_msgs/include/fw_msgs/msg/rosidl_typesupport_fastrtps_c__visibility_control.h
-- Installing: /FW_Control/src/install/fw_msgs/lib/libfw_msgs__rosidl_typesupport_fastrtps_c.so
-- Set runtime path of "/FW_Control/src/install/fw_msgs/lib/libfw_msgs__rosidl_typesupport_fastrtps_c.so" to ""
-- Up-to-date: /FW_Control/src/install/fw_msgs/include/fw_msgs
-- Up-to-date: /FW_Control/src/install/fw_msgs/include/fw_msgs/msg
-- Up-to-date: /FW_Control/src/install/fw_msgs/include/fw_msgs/msg/detail
-- Installing: /FW_Control/src/install/fw_msgs/include/fw_msgs/msg/detail/position_euler__rosidl_typesupport_fastrtps_cpp.hpp
-- Installing: /FW_Control/src/install/fw_msgs/include/fw_msgs/msg/detail/state_est_euler__rosidl_typesupport_fastrtps_cpp.hpp
-- Installing: /FW_Control/src/install/fw_msgs/include/fw_msgs/msg/detail/dds_fastrtps
-- Installing: /FW_Control/src/install/fw_msgs/include/fw_msgs/msg/detail/state_est_quat__rosidl_typesupport_fastrtps_cpp.hpp
-- Installing: /FW_Control/src/install/fw_msgs/include/fw_msgs/msg/detail/ctrl_input__rosidl_typesupport_fastrtps_cpp.hpp
-- Installing: /FW_Control/src/install/fw_msgs/include/fw_msgs/msg/rosidl_typesupport_fastrtps_cpp__visibility_control.h
-- Installing: /FW_Control/src/install/fw_msgs/lib/libfw_msgs__rosidl_typesupport_fastrtps_cpp.so
-- Set runtime path of "/FW_Control/src/install/fw_msgs/lib/libfw_msgs__rosidl_typesupport_fastrtps_cpp.so" to ""
-- Up-to-date: /FW_Control/src/install/fw_msgs/include/fw_msgs
-- Up-to-date: /FW_Control/src/install/fw_msgs/include/fw_msgs/msg
-- Up-to-date: /FW_Control/src/install/fw_msgs/include/fw_msgs/msg/detail
-- Installing: /FW_Control/src/install/fw_msgs/include/fw_msgs/msg/detail/state_est_euler__rosidl_typesupport_introspection_c.h
-- Installing: /FW_Control/src/install/fw_msgs/include/fw_msgs/msg/detail/ctrl_input__rosidl_typesupport_introspection_c.h
-- Installing: /FW_Control/src/install/fw_msgs/include/fw_msgs/msg/detail/state_est_euler__type_support.c
-- Installing: /FW_Control/src/install/fw_msgs/include/fw_msgs/msg/detail/state_est_quat__rosidl_typesupport_introspection_c.h
-- Installing: /FW_Control/src/install/fw_msgs/include/fw_msgs/msg/detail/state_est_quat__type_support.c
-- Installing: /FW_Control/src/install/fw_msgs/include/fw_msgs/msg/detail/ctrl_input__type_support.c
-- Installing: /FW_Control/src/install/fw_msgs/include/fw_msgs/msg/detail/position_euler__rosidl_typesupport_introspection_c.h
-- Installing: /FW_Control/src/install/fw_msgs/include/fw_msgs/msg/detail/position_euler__type_support.c
-- Installing: /FW_Control/src/install/fw_msgs/include/fw_msgs/msg/rosidl_typesupport_introspection_c__visibility_control.h
-- Installing: /FW_Control/src/install/fw_msgs/lib/libfw_msgs__rosidl_typesupport_introspection_c.so
-- Set runtime path of "/FW_Control/src/install/fw_msgs/lib/libfw_msgs__rosidl_typesupport_introspection_c.so" to ""
-- Installing: /FW_Control/src/install/fw_msgs/lib/libfw_msgs__rosidl_typesupport_c.so
-- Set runtime path of "/FW_Control/src/install/fw_msgs/lib/libfw_msgs__rosidl_typesupport_c.so" to ""
-- Up-to-date: /FW_Control/src/install/fw_msgs/include/fw_msgs
-- Up-to-date: /FW_Control/src/install/fw_msgs/include/fw_msgs/msg
-- Up-to-date: /FW_Control/src/install/fw_msgs/include/fw_msgs/msg/detail
-- Installing: /FW_Control/src/install/fw_msgs/include/fw_msgs/msg/detail/ctrl_input__struct.hpp
-- Installing: /FW_Control/src/install/fw_msgs/include/fw_msgs/msg/detail/position_euler__builder.hpp
-- Installing: /FW_Control/src/install/fw_msgs/include/fw_msgs/msg/detail/ctrl_input__builder.hpp
-- Installing: /FW_Control/src/install/fw_msgs/include/fw_msgs/msg/detail/ctrl_input__traits.hpp
-- Installing: /FW_Control/src/install/fw_msgs/include/fw_msgs/msg/detail/position_euler__struct.hpp
-- Installing: /FW_Control/src/install/fw_msgs/include/fw_msgs/msg/detail/state_est_quat__struct.hpp
-- Installing: /FW_Control/src/install/fw_msgs/include/fw_msgs/msg/detail/state_est_euler__struct.hpp
-- Installing: /FW_Control/src/install/fw_msgs/include/fw_msgs/msg/detail/position_euler__traits.hpp
-- Installing: /FW_Control/src/install/fw_msgs/include/fw_msgs/msg/detail/state_est_euler__builder.hpp
-- Installing: /FW_Control/src/install/fw_msgs/include/fw_msgs/msg/detail/state_est_euler__traits.hpp
-- Installing: /FW_Control/src/install/fw_msgs/include/fw_msgs/msg/detail/state_est_quat__traits.hpp
-- Installing: /FW_Control/src/install/fw_msgs/include/fw_msgs/msg/detail/state_est_quat__builder.hpp
-- Installing: /FW_Control/src/install/fw_msgs/include/fw_msgs/msg/state_est_quat.hpp
-- Installing: /FW_Control/src/install/fw_msgs/include/fw_msgs/msg/ctrl_input.hpp
-- Installing: /FW_Control/src/install/fw_msgs/include/fw_msgs/msg/state_est_euler.hpp
-- Installing: /FW_Control/src/install/fw_msgs/include/fw_msgs/msg/position_euler.hpp
-- Up-to-date: /FW_Control/src/install/fw_msgs/include/fw_msgs
-- Up-to-date: /FW_Control/src/install/fw_msgs/include/fw_msgs/msg
-- Up-to-date: /FW_Control/src/install/fw_msgs/include/fw_msgs/msg/detail
-- Installing: /FW_Control/src/install/fw_msgs/include/fw_msgs/msg/detail/state_est_euler__rosidl_typesupport_introspection_cpp.hpp
-- Installing: /FW_Control/src/install/fw_msgs/include/fw_msgs/msg/detail/state_est_euler__type_support.cpp
-- Installing: /FW_Control/src/install/fw_msgs/include/fw_msgs/msg/detail/ctrl_input__rosidl_typesupport_introspection_cpp.hpp
-- Installing: /FW_Control/src/install/fw_msgs/include/fw_msgs/msg/detail/ctrl_input__type_support.cpp
-- Installing: /FW_Control/src/install/fw_msgs/include/fw_msgs/msg/detail/state_est_quat__rosidl_typesupport_introspection_cpp.hpp
-- Installing: /FW_Control/src/install/fw_msgs/include/fw_msgs/msg/detail/position_euler__rosidl_typesupport_introspection_cpp.hpp
-- Installing: /FW_Control/src/install/fw_msgs/include/fw_msgs/msg/detail/position_euler__type_support.cpp
-- Installing: /FW_Control/src/install/fw_msgs/include/fw_msgs/msg/detail/state_est_quat__type_support.cpp
-- Installing: /FW_Control/src/install/fw_msgs/lib/libfw_msgs__rosidl_typesupport_introspection_cpp.so
-- Set runtime path of "/FW_Control/src/install/fw_msgs/lib/libfw_msgs__rosidl_typesupport_introspection_cpp.so" to ""
-- Installing: /FW_Control/src/install/fw_msgs/lib/libfw_msgs__rosidl_typesupport_cpp.so
-- Set runtime path of "/FW_Control/src/install/fw_msgs/lib/libfw_msgs__rosidl_typesupport_cpp.so" to ""
-- Installing: /FW_Control/src/install/fw_msgs/share/fw_msgs/environment/pythonpath.sh
-- Installing: /FW_Control/src/install/fw_msgs/share/fw_msgs/environment/pythonpath.dsv
-- Installing: /FW_Control/src/install/fw_msgs/lib/python3.8/site-packages/fw_msgs/__init__.py
Compiling '/FW_Control/src/install/fw_msgs/lib/python3.8/site-packages/fw_msgs/__init__.py'...
-- Installing: /FW_Control/src/install/fw_msgs/lib/python3.8/site-packages/fw_msgs/msg
-- Installing: /FW_Control/src/install/fw_msgs/lib/python3.8/site-packages/fw_msgs/msg/_state_est_quat.py
-- Installing: /FW_Control/src/install/fw_msgs/lib/python3.8/site-packages/fw_msgs/msg/__init__.py
-- Installing: /FW_Control/src/install/fw_msgs/lib/python3.8/site-packages/fw_msgs/msg/_ctrl_input.py
-- Installing: /FW_Control/src/install/fw_msgs/lib/python3.8/site-packages/fw_msgs/msg/_ctrl_input_s.c
-- Installing: /FW_Control/src/install/fw_msgs/lib/python3.8/site-packages/fw_msgs/msg/_position_euler_s.c
-- Installing: /FW_Control/src/install/fw_msgs/lib/python3.8/site-packages/fw_msgs/msg/_state_est_euler_s.c
-- Installing: /FW_Control/src/install/fw_msgs/lib/python3.8/site-packages/fw_msgs/msg/_state_est_quat_s.c
-- Installing: /FW_Control/src/install/fw_msgs/lib/python3.8/site-packages/fw_msgs/msg/_position_euler.py
-- Installing: /FW_Control/src/install/fw_msgs/lib/python3.8/site-packages/fw_msgs/msg/_state_est_euler.py
-- Installing: /FW_Control/src/install/fw_msgs/lib/python3.8/site-packages/fw_msgs/fw_msgs_s__rosidl_typesupport_fastrtps_c.cpython-38-x86_64-linux-gnu.so
-- Set runtime path of "/FW_Control/src/install/fw_msgs/lib/python3.8/site-packages/fw_msgs/fw_msgs_s__rosidl_typesupport_fastrtps_c.cpython-38-x86_64-linux-gnu.so" to ""
-- Installing: /FW_Control/src/install/fw_msgs/lib/python3.8/site-packages/fw_msgs/fw_msgs_s__rosidl_typesupport_introspection_c.cpython-38-x86_64-linux-gnu.so
-- Set runtime path of "/FW_Control/src/install/fw_msgs/lib/python3.8/site-packages/fw_msgs/fw_msgs_s__rosidl_typesupport_introspection_c.cpython-38-x86_64-linux-gnu.so" to ""
-- Installing: /FW_Control/src/install/fw_msgs/lib/python3.8/site-packages/fw_msgs/fw_msgs_s__rosidl_typesupport_c.cpython-38-x86_64-linux-gnu.so
-- Set runtime path of "/FW_Control/src/install/fw_msgs/lib/python3.8/site-packages/fw_msgs/fw_msgs_s__rosidl_typesupport_c.cpython-38-x86_64-linux-gnu.so" to ""
-- Installing: /FW_Control/src/install/fw_msgs/lib/libfw_msgs__python.so
-- Set runtime path of "/FW_Control/src/install/fw_msgs/lib/libfw_msgs__python.so" to ""
-- Installing: /FW_Control/src/install/fw_msgs/share/fw_msgs/msg/CtrlInput.idl
-- Installing: /FW_Control/src/install/fw_msgs/share/fw_msgs/msg/PositionEuler.idl
-- Installing: /FW_Control/src/install/fw_msgs/share/fw_msgs/msg/StateEstEuler.idl
-- Installing: /FW_Control/src/install/fw_msgs/share/fw_msgs/msg/StateEstQuat.idl
-- Installing: /FW_Control/src/install/fw_msgs/share/fw_msgs/msg/CtrlInput.msg
-- Installing: /FW_Control/src/install/fw_msgs/share/fw_msgs/msg/PositionEuler.msg
-- Installing: /FW_Control/src/install/fw_msgs/share/fw_msgs/msg/StateEstEuler.msg
-- Installing: /FW_Control/src/install/fw_msgs/share/fw_msgs/msg/StateEstQuat.msg
-- Installing: /FW_Control/src/install/fw_msgs/share/ament_index/resource_index/package_run_dependencies/fw_msgs
-- Installing: /FW_Control/src/install/fw_msgs/share/ament_index/resource_index/parent_prefix_path/fw_msgs
-- Installing: /FW_Control/src/install/fw_msgs/share/fw_msgs/environment/ament_prefix_path.sh
-- Installing: /FW_Control/src/install/fw_msgs/share/fw_msgs/environment/ament_prefix_path.dsv
-- Installing: /FW_Control/src/install/fw_msgs/share/fw_msgs/environment/path.sh
-- Installing: /FW_Control/src/install/fw_msgs/share/fw_msgs/environment/path.dsv
-- Installing: /FW_Control/src/install/fw_msgs/share/fw_msgs/local_setup.bash
-- Installing: /FW_Control/src/install/fw_msgs/share/fw_msgs/local_setup.sh
-- Installing: /FW_Control/src/install/fw_msgs/share/fw_msgs/local_setup.zsh
-- Installing: /FW_Control/src/install/fw_msgs/share/fw_msgs/local_setup.dsv
-- Installing: /FW_Control/src/install/fw_msgs/share/fw_msgs/package.dsv
-- Installing: /FW_Control/src/install/fw_msgs/share/ament_index/resource_index/packages/fw_msgs
-- Installing: /FW_Control/src/install/fw_msgs/share/fw_msgs/cmake/fw_msgs__rosidl_generator_cExport.cmake
-- Installing: /FW_Control/src/install/fw_msgs/share/fw_msgs/cmake/fw_msgs__rosidl_generator_cExport-noconfig.cmake
-- Installing: /FW_Control/src/install/fw_msgs/share/fw_msgs/cmake/fw_msgs__rosidl_typesupport_introspection_cExport.cmake
-- Installing: /FW_Control/src/install/fw_msgs/share/fw_msgs/cmake/fw_msgs__rosidl_typesupport_introspection_cExport-noconfig.cmake
-- Installing: /FW_Control/src/install/fw_msgs/share/fw_msgs/cmake/fw_msgs__rosidl_typesupport_cExport.cmake
-- Installing: /FW_Control/src/install/fw_msgs/share/fw_msgs/cmake/fw_msgs__rosidl_typesupport_cExport-noconfig.cmake
-- Installing: /FW_Control/src/install/fw_msgs/share/fw_msgs/cmake/fw_msgs__rosidl_generator_cppExport.cmake
-- Installing: /FW_Control/src/install/fw_msgs/share/fw_msgs/cmake/fw_msgs__rosidl_typesupport_introspection_cppExport.cmake
-- Installing: /FW_Control/src/install/fw_msgs/share/fw_msgs/cmake/fw_msgs__rosidl_typesupport_introspection_cppExport-noconfig.cmake
-- Installing: /FW_Control/src/install/fw_msgs/share/fw_msgs/cmake/fw_msgs__rosidl_typesupport_cppExport.cmake
-- Installing: /FW_Control/src/install/fw_msgs/share/fw_msgs/cmake/fw_msgs__rosidl_typesupport_cppExport-noconfig.cmake
-- Installing: /FW_Control/src/install/fw_msgs/share/fw_msgs/cmake/rosidl_cmake-extras.cmake
-- Installing: /FW_Control/src/install/fw_msgs/share/fw_msgs/cmake/ament_cmake_export_dependencies-extras.cmake
-- Installing: /FW_Control/src/install/fw_msgs/share/fw_msgs/cmake/ament_cmake_export_libraries-extras.cmake
-- Installing: /FW_Control/src/install/fw_msgs/share/fw_msgs/cmake/ament_cmake_export_targets-extras.cmake
-- Installing: /FW_Control/src/install/fw_msgs/share/fw_msgs/cmake/ament_cmake_export_include_directories-extras.cmake
-- Installing: /FW_Control/src/install/fw_msgs/share/fw_msgs/cmake/rosidl_cmake_export_typesupport_libraries-extras.cmake
-- Installing: /FW_Control/src/install/fw_msgs/share/fw_msgs/cmake/rosidl_cmake_export_typesupport_targets-extras.cmake
-- Installing: /FW_Control/src/install/fw_msgs/share/fw_msgs/cmake/fw_msgsConfig.cmake
-- Installing: /FW_Control/src/install/fw_msgs/share/fw_msgs/cmake/fw_msgsConfig-version.cmake
-- Installing: /FW_Control/src/install/fw_msgs/share/fw_msgs/package.xml
