[0.017s] Invoking command in '/FW_Control/src/build/fw_msgs': CMAKE_PREFIX_PATH=${CMAKE_PREFIX_PATH}:/FW_Control/install/control:/FW_Control/install/serial2arduino:/FW_Control/install/estimatestate:/opt/ros/foxy /usr/bin/cmake /FW_Control/src/fw_msgs -DCMAKE_INSTALL_PREFIX=/FW_Control/src/install/fw_msgs
[0.044s] -- The C compiler identification is GNU 9.4.0
[0.071s] -- The CXX compiler identification is GNU 9.4.0
[0.073s] -- Check for working C compiler: /usr/bin/cc
[0.107s] -- Check for working C compiler: /usr/bin/cc -- works
[0.107s] -- Detecting C compiler ABI info
[0.141s] -- Detecting C compiler ABI info - done
[0.146s] -- Detecting C compile features
[0.146s] -- Detecting C compile features - done
[0.147s] -- Check for working CXX compiler: /usr/bin/c++
[0.185s] -- Check for working CXX compiler: /usr/bin/c++ -- works
[0.186s] -- Detecting CXX compiler ABI info
[0.225s] -- Detecting CXX compiler ABI info - done
[0.230s] -- Detecting CXX compile features
[0.230s] -- Detecting CXX compile features - done
[0.232s] -- Found geometry_msgs: 2.0.5 (/opt/ros/foxy/share/geometry_msgs/cmake)
[0.245s] -- Found PythonInterp: /usr/bin/python3 (found suitable version "3.8.10", minimum required is "3") 
[0.245s] -- Using PYTHON_EXECUTABLE: /usr/bin/python3
[0.351s] -- Using all available rosidl_typesupport_c: rosidl_typesupport_fastrtps_c;rosidl_typesupport_introspection_c
[0.355s] -- Found rosidl_adapter: 1.3.0 (/opt/ros/foxy/share/rosidl_adapter/cmake)
[0.398s] -- Found OpenSSL: /usr/lib/x86_64-linux-gnu/libcrypto.so (found version "1.1.1f")  
[0.416s] -- Found FastRTPS: /opt/ros/foxy/include  
[0.459s] -- Using all available rosidl_typesupport_cpp: rosidl_typesupport_fastrtps_cpp;rosidl_typesupport_introspection_cpp
[0.501s] -- Found rosidl_default_generators: 1.0.1 (/opt/ros/foxy/share/rosidl_default_generators/cmake)
[0.518s] -- Found PythonInterp: /usr/bin/python3 (found version "3.8.10") 
[0.583s] -- Found ament_cmake_ros: 0.9.2 (/opt/ros/foxy/share/ament_cmake_ros/cmake)
[0.645s] -- Using all available rosidl_typesupport_c: rosidl_typesupport_fastrtps_c;rosidl_typesupport_introspection_c
[0.648s] -- Using all available rosidl_typesupport_cpp: rosidl_typesupport_fastrtps_cpp;rosidl_typesupport_introspection_cpp
[0.660s] -- Found PythonInterp: /usr/bin/python3 (found suitable version "3.8.10", minimum required is "3.5") 
[0.661s] -- Found python_cmake_module: 0.8.1 (/opt/ros/foxy/share/python_cmake_module/cmake)
[0.675s] -- Found PythonLibs: /usr/lib/x86_64-linux-gnu/libpython3.8.so (found suitable version "3.8.10", minimum required is "3.5") 
[0.675s] -- Using PYTHON_EXECUTABLE: /usr/bin/python3
[0.675s] -- Using PYTHON_INCLUDE_DIRS: /usr/include/python3.8
[0.675s] -- Using PYTHON_LIBRARIES: /usr/lib/x86_64-linux-gnu/libpython3.8.so
[0.686s] -- Found PythonExtra: .so  
[0.707s] -- Found ament_lint_auto: 0.9.8 (/opt/ros/foxy/share/ament_lint_auto/cmake)
[0.719s] -- Added test 'copyright' to check source files copyright and LICENSE
[0.720s] -- Added test 'lint_cmake' to check CMake code style
[0.721s] -- Added test 'xmllint' to check XML markup files
[0.723s] -- Configuring done
[0.739s] -- Generating done
[0.740s] -- Build files have been written to: /FW_Control/src/build/fw_msgs
[0.746s] Invoked command in '/FW_Control/src/build/fw_msgs' returned '0': CMAKE_PREFIX_PATH=${CMAKE_PREFIX_PATH}:/FW_Control/install/control:/FW_Control/install/serial2arduino:/FW_Control/install/estimatestate:/opt/ros/foxy /usr/bin/cmake /FW_Control/src/fw_msgs -DCMAKE_INSTALL_PREFIX=/FW_Control/src/install/fw_msgs
[0.747s] Invoking command in '/FW_Control/src/build/fw_msgs': CMAKE_PREFIX_PATH=${CMAKE_PREFIX_PATH}:/FW_Control/install/control:/FW_Control/install/serial2arduino:/FW_Control/install/estimatestate:/opt/ros/foxy /usr/bin/cmake --build /FW_Control/src/build/fw_msgs -- -j24 -l24
[0.768s] [35m[1mScanning dependencies of target fw_msgs__cpp[0m
[0.768s] [  1%] [34m[1mGenerating C code for ROS interfaces[0m
[0.773s] [  3%] [34m[1mGenerating C++ code for ROS interfaces[0m
[0.926s] [  3%] Built target fw_msgs__cpp
[0.931s] [  9%] [34m[1mGenerating C++ introspection for ROS interfaces[0m
[0.931s] [  9%] [34m[1mGenerating C++ type support for eProsima Fast-RTPS[0m
[0.931s] [  9%] [34m[1mGenerating C++ type support dispatch for ROS interfaces[0m
[0.932s] [35m[1mScanning dependencies of target fw_msgs__rosidl_generator_c[0m
[0.938s] [ 12%] [32mBuilding C object CMakeFiles/fw_msgs__rosidl_generator_c.dir/rosidl_generator_c/fw_msgs/msg/detail/position_euler__functions.c.o[0m
[0.938s] [ 12%] [32mBuilding C object CMakeFiles/fw_msgs__rosidl_generator_c.dir/rosidl_generator_c/fw_msgs/msg/detail/ctrl_input__functions.c.o[0m
[0.939s] [ 14%] [32mBuilding C object CMakeFiles/fw_msgs__rosidl_generator_c.dir/rosidl_generator_c/fw_msgs/msg/detail/state_est_quat__functions.c.o[0m
[0.940s] [ 16%] [32mBuilding C object CMakeFiles/fw_msgs__rosidl_generator_c.dir/rosidl_generator_c/fw_msgs/msg/detail/state_est_euler__functions.c.o[0m
[0.964s] [ 18%] [32m[1mLinking C shared library libfw_msgs__rosidl_generator_c.so[0m
[0.981s] [ 18%] Built target fw_msgs__rosidl_generator_c
[0.986s] [ 21%] [34m[1mGenerating C introspection for ROS interfaces[0m
[0.987s] [ 21%] [34m[1mGenerating C type support dispatch for ROS interfaces[0m
[1.053s] [35m[1mScanning dependencies of target fw_msgs__rosidl_typesupport_cpp[0m
[1.061s] [ 23%] [32mBuilding CXX object CMakeFiles/fw_msgs__rosidl_typesupport_cpp.dir/rosidl_typesupport_cpp/fw_msgs/msg/ctrl_input__type_support.cpp.o[0m
[1.062s] [ 25%] [32mBuilding CXX object CMakeFiles/fw_msgs__rosidl_typesupport_cpp.dir/rosidl_typesupport_cpp/fw_msgs/msg/state_est_quat__type_support.cpp.o[0m
[1.062s] [ 27%] [32mBuilding CXX object CMakeFiles/fw_msgs__rosidl_typesupport_cpp.dir/rosidl_typesupport_cpp/fw_msgs/msg/position_euler__type_support.cpp.o[0m
[1.062s] [ 29%] [32mBuilding CXX object CMakeFiles/fw_msgs__rosidl_typesupport_cpp.dir/rosidl_typesupport_cpp/fw_msgs/msg/state_est_euler__type_support.cpp.o[0m
[1.067s] [35m[1mScanning dependencies of target fw_msgs__rosidl_typesupport_introspection_cpp[0m
[1.076s] [ 30%] [32mBuilding CXX object CMakeFiles/fw_msgs__rosidl_typesupport_introspection_cpp.dir/rosidl_typesupport_introspection_cpp/fw_msgs/msg/detail/ctrl_input__type_support.cpp.o[0m
[1.078s] [ 32%] [32mBuilding CXX object CMakeFiles/fw_msgs__rosidl_typesupport_introspection_cpp.dir/rosidl_typesupport_introspection_cpp/fw_msgs/msg/detail/state_est_euler__type_support.cpp.o[0m
[1.078s] [ 36%] [32mBuilding CXX object CMakeFiles/fw_msgs__rosidl_typesupport_introspection_cpp.dir/rosidl_typesupport_introspection_cpp/fw_msgs/msg/detail/position_euler__type_support.cpp.o[0m
[1.078s] [ 36%] [32mBuilding CXX object CMakeFiles/fw_msgs__rosidl_typesupport_introspection_cpp.dir/rosidl_typesupport_introspection_cpp/fw_msgs/msg/detail/state_est_quat__type_support.cpp.o[0m
[1.087s] [35m[1mScanning dependencies of target fw_msgs__rosidl_typesupport_fastrtps_cpp[0m
[1.100s] [ 43%] [32mBuilding CXX object CMakeFiles/fw_msgs__rosidl_typesupport_fastrtps_cpp.dir/rosidl_typesupport_fastrtps_cpp/fw_msgs/msg/detail/dds_fastrtps/ctrl_input__type_support.cpp.o[0m
[1.101s] [ 43%] [32mBuilding CXX object CMakeFiles/fw_msgs__rosidl_typesupport_fastrtps_cpp.dir/rosidl_typesupport_fastrtps_cpp/fw_msgs/msg/detail/dds_fastrtps/state_est_euler__type_support.cpp.o[0m
[1.101s] [ 43%] [32mBuilding CXX object CMakeFiles/fw_msgs__rosidl_typesupport_fastrtps_cpp.dir/rosidl_typesupport_fastrtps_cpp/fw_msgs/msg/detail/dds_fastrtps/position_euler__type_support.cpp.o[0m
[1.101s] [ 43%] [32mBuilding CXX object CMakeFiles/fw_msgs__rosidl_typesupport_fastrtps_cpp.dir/rosidl_typesupport_fastrtps_cpp/fw_msgs/msg/detail/dds_fastrtps/state_est_quat__type_support.cpp.o[0m
[1.114s] [35m[1mScanning dependencies of target fw_msgs__rosidl_typesupport_c[0m
[1.134s] [ 45%] [32mBuilding CXX object CMakeFiles/fw_msgs__rosidl_typesupport_c.dir/rosidl_typesupport_c/fw_msgs/msg/ctrl_input__type_support.cpp.o[0m
[1.134s] [ 47%] [32mBuilding CXX object CMakeFiles/fw_msgs__rosidl_typesupport_c.dir/rosidl_typesupport_c/fw_msgs/msg/state_est_euler__type_support.cpp.o[0m
[1.141s] [35m[1mScanning dependencies of target fw_msgs__rosidl_typesupport_introspection_c[0m
[1.148s] [ 49%] [32mBuilding CXX object CMakeFiles/fw_msgs__rosidl_typesupport_c.dir/rosidl_typesupport_c/fw_msgs/msg/state_est_quat__type_support.cpp.o[0m
[1.152s] [ 54%] [32mBuilding C object CMakeFiles/fw_msgs__rosidl_typesupport_introspection_c.dir/rosidl_typesupport_introspection_c/fw_msgs/msg/detail/state_est_euler__type_support.c.o[0m
[1.152s] [ 54%] [32mBuilding C object CMakeFiles/fw_msgs__rosidl_typesupport_introspection_c.dir/rosidl_typesupport_introspection_c/fw_msgs/msg/detail/state_est_quat__type_support.c.o[0m
[1.152s] [ 56%] [32mBuilding CXX object CMakeFiles/fw_msgs__rosidl_typesupport_c.dir/rosidl_typesupport_c/fw_msgs/msg/position_euler__type_support.cpp.o[0m
[1.152s] [ 56%] [32mBuilding C object CMakeFiles/fw_msgs__rosidl_typesupport_introspection_c.dir/rosidl_typesupport_introspection_c/fw_msgs/msg/detail/ctrl_input__type_support.c.o[0m
[1.159s] [ 58%] [32mBuilding C object CMakeFiles/fw_msgs__rosidl_typesupport_introspection_c.dir/rosidl_typesupport_introspection_c/fw_msgs/msg/detail/position_euler__type_support.c.o[0m
[1.177s] [ 60%] [32m[1mLinking CXX shared library libfw_msgs__rosidl_typesupport_c.so[0m
[1.184s] [ 61%] [32m[1mLinking C shared library libfw_msgs__rosidl_typesupport_introspection_c.so[0m
[1.202s] [ 61%] Built target fw_msgs__rosidl_typesupport_c
[1.206s] [ 61%] Built target fw_msgs__rosidl_typesupport_introspection_c
[1.272s] [ 63%] [32m[1mLinking CXX shared library libfw_msgs__rosidl_typesupport_introspection_cpp.so[0m
[1.294s] [ 63%] Built target fw_msgs__rosidl_typesupport_introspection_cpp
[1.295s] [ 65%] [32m[1mLinking CXX shared library libfw_msgs__rosidl_typesupport_cpp.so[0m
[1.316s] [ 65%] Built target fw_msgs__rosidl_typesupport_cpp
[1.392s] [ 67%] [32m[1mLinking CXX shared library libfw_msgs__rosidl_typesupport_fastrtps_cpp.so[0m
[1.435s] [ 67%] Built target fw_msgs__rosidl_typesupport_fastrtps_cpp
[1.440s] [ 69%] [34m[1mGenerating C type support for eProsima Fast-RTPS[0m
[1.587s] [35m[1mScanning dependencies of target fw_msgs__rosidl_typesupport_fastrtps_c[0m
[1.595s] [ 70%] [32mBuilding CXX object CMakeFiles/fw_msgs__rosidl_typesupport_fastrtps_c.dir/rosidl_typesupport_fastrtps_c/fw_msgs/msg/detail/ctrl_input__type_support_c.cpp.o[0m
[1.595s] [ 72%] [32mBuilding CXX object CMakeFiles/fw_msgs__rosidl_typesupport_fastrtps_c.dir/rosidl_typesupport_fastrtps_c/fw_msgs/msg/detail/position_euler__type_support_c.cpp.o[0m
[1.595s] [ 74%] [32mBuilding CXX object CMakeFiles/fw_msgs__rosidl_typesupport_fastrtps_c.dir/rosidl_typesupport_fastrtps_c/fw_msgs/msg/detail/state_est_euler__type_support_c.cpp.o[0m
[1.595s] [ 76%] [32mBuilding CXX object CMakeFiles/fw_msgs__rosidl_typesupport_fastrtps_c.dir/rosidl_typesupport_fastrtps_c/fw_msgs/msg/detail/state_est_quat__type_support_c.cpp.o[0m
[1.746s] [ 78%] [32m[1mLinking CXX shared library libfw_msgs__rosidl_typesupport_fastrtps_c.so[0m
[1.789s] [ 78%] Built target fw_msgs__rosidl_typesupport_fastrtps_c
[1.794s] [35m[1mScanning dependencies of target fw_msgs[0m
[1.799s] [ 78%] Built target fw_msgs
[1.804s] [35m[1mScanning dependencies of target fw_msgs__py[0m
[1.809s] [ 80%] [34m[1mGenerating Python code for ROS interfaces[0m
[2.109s] [ 80%] Built target fw_msgs__py
[2.114s] [35m[1mScanning dependencies of target fw_msgs__python[0m
[2.126s] [ 83%] [32mBuilding C object CMakeFiles/fw_msgs__python.dir/rosidl_generator_py/fw_msgs/msg/_ctrl_input_s.c.o[0m
[2.127s] [ 83%] [32mBuilding C object CMakeFiles/fw_msgs__python.dir/rosidl_generator_py/fw_msgs/msg/_position_euler_s.c.o[0m
[2.127s] [ 85%] [32mBuilding C object CMakeFiles/fw_msgs__python.dir/rosidl_generator_py/fw_msgs/msg/_state_est_euler_s.c.o[0m
[2.127s] [ 87%] [32mBuilding C object CMakeFiles/fw_msgs__python.dir/rosidl_generator_py/fw_msgs/msg/_state_est_quat_s.c.o[0m
[2.178s] [ 89%] [32m[1mLinking C shared library rosidl_generator_py/fw_msgs/libfw_msgs__python.so[0m
[2.199s] [ 89%] Built target fw_msgs__python
[2.204s] [35m[1mScanning dependencies of target fw_msgs__rosidl_typesupport_c__pyext[0m
[2.206s] [35m[1mScanning dependencies of target fw_msgs__rosidl_typesupport_introspection_c__pyext[0m
[2.207s] [35m[1mScanning dependencies of target fw_msgs__rosidl_typesupport_fastrtps_c__pyext[0m
[2.212s] [ 90%] [32mBuilding C object CMakeFiles/fw_msgs__rosidl_typesupport_c__pyext.dir/rosidl_generator_py/fw_msgs/_fw_msgs_s.ep.rosidl_typesupport_c.c.o[0m
[2.222s] [ 94%] [32mBuilding C object CMakeFiles/fw_msgs__rosidl_typesupport_fastrtps_c__pyext.dir/rosidl_generator_py/fw_msgs/_fw_msgs_s.ep.rosidl_typesupport_fastrtps_c.c.o[0m
[2.222s] [ 94%] [32mBuilding C object CMakeFiles/fw_msgs__rosidl_typesupport_introspection_c__pyext.dir/rosidl_generator_py/fw_msgs/_fw_msgs_s.ep.rosidl_typesupport_introspection_c.c.o[0m
[2.255s] [ 96%] [32m[1mLinking C shared library rosidl_generator_py/fw_msgs/fw_msgs_s__rosidl_typesupport_c.cpython-38-x86_64-linux-gnu.so[0m
[2.272s] [ 98%] [32m[1mLinking C shared library rosidl_generator_py/fw_msgs/fw_msgs_s__rosidl_typesupport_introspection_c.cpython-38-x86_64-linux-gnu.so[0m
[2.272s] [ 98%] Built target fw_msgs__rosidl_typesupport_c__pyext
[2.274s] [100%] [32m[1mLinking CXX shared library rosidl_generator_py/fw_msgs/fw_msgs_s__rosidl_typesupport_fastrtps_c.cpython-38-x86_64-linux-gnu.so[0m
[2.289s] [100%] Built target fw_msgs__rosidl_typesupport_introspection_c__pyext
[2.303s] [100%] Built target fw_msgs__rosidl_typesupport_fastrtps_c__pyext
[2.310s] Invoked command in '/FW_Control/src/build/fw_msgs' returned '0': CMAKE_PREFIX_PATH=${CMAKE_PREFIX_PATH}:/FW_Control/install/control:/FW_Control/install/serial2arduino:/FW_Control/install/estimatestate:/opt/ros/foxy /usr/bin/cmake --build /FW_Control/src/build/fw_msgs -- -j24 -l24
[2.356s] Invoking command in '/FW_Control/src/build/fw_msgs': CMAKE_PREFIX_PATH=${CMAKE_PREFIX_PATH}:/FW_Control/install/control:/FW_Control/install/serial2arduino:/FW_Control/install/estimatestate:/opt/ros/foxy /usr/bin/cmake --install /FW_Control/src/build/fw_msgs
[2.360s] -- Install configuration: ""
[2.361s] -- Installing: /FW_Control/src/install/fw_msgs/share/ament_index/resource_index/rosidl_interfaces/fw_msgs
[2.361s] -- Installing: /FW_Control/src/install/fw_msgs/include/fw_msgs
[2.361s] -- Installing: /FW_Control/src/install/fw_msgs/include/fw_msgs/msg
[2.361s] -- Installing: /FW_Control/src/install/fw_msgs/include/fw_msgs/msg/detail
[2.361s] -- Installing: /FW_Control/src/install/fw_msgs/include/fw_msgs/msg/detail/ctrl_input__struct.h
[2.361s] -- Installing: /FW_Control/src/install/fw_msgs/include/fw_msgs/msg/detail/position_euler__functions.c
[2.361s] -- Installing: /FW_Control/src/install/fw_msgs/include/fw_msgs/msg/detail/state_est_quat__functions.h
[2.361s] -- Installing: /FW_Control/src/install/fw_msgs/include/fw_msgs/msg/detail/state_est_euler__functions.h
[2.361s] -- Installing: /FW_Control/src/install/fw_msgs/include/fw_msgs/msg/detail/position_euler__type_support.h
[2.361s] -- Installing: /FW_Control/src/install/fw_msgs/include/fw_msgs/msg/detail/state_est_quat__struct.h
[2.361s] -- Installing: /FW_Control/src/install/fw_msgs/include/fw_msgs/msg/detail/state_est_euler__type_support.h
[2.361s] -- Installing: /FW_Control/src/install/fw_msgs/include/fw_msgs/msg/detail/ctrl_input__type_support.h
[2.361s] -- Installing: /FW_Control/src/install/fw_msgs/include/fw_msgs/msg/detail/ctrl_input__functions.h
[2.361s] -- Installing: /FW_Control/src/install/fw_msgs/include/fw_msgs/msg/detail/state_est_quat__functions.c
[2.361s] -- Installing: /FW_Control/src/install/fw_msgs/include/fw_msgs/msg/detail/position_euler__functions.h
[2.361s] -- Installing: /FW_Control/src/install/fw_msgs/include/fw_msgs/msg/detail/state_est_quat__type_support.h
[2.361s] -- Installing: /FW_Control/src/install/fw_msgs/include/fw_msgs/msg/detail/position_euler__struct.h
[2.361s] -- Installing: /FW_Control/src/install/fw_msgs/include/fw_msgs/msg/detail/ctrl_input__functions.c
[2.361s] -- Installing: /FW_Control/src/install/fw_msgs/include/fw_msgs/msg/detail/state_est_euler__functions.c
[2.361s] -- Installing: /FW_Control/src/install/fw_msgs/include/fw_msgs/msg/detail/state_est_euler__struct.h
[2.361s] -- Installing: /FW_Control/src/install/fw_msgs/include/fw_msgs/msg/rosidl_generator_c__visibility_control.h
[2.361s] -- Installing: /FW_Control/src/install/fw_msgs/include/fw_msgs/msg/state_est_euler.h
[2.361s] -- Installing: /FW_Control/src/install/fw_msgs/include/fw_msgs/msg/position_euler.h
[2.361s] -- Installing: /FW_Control/src/install/fw_msgs/include/fw_msgs/msg/state_est_quat.h
[2.361s] -- Installing: /FW_Control/src/install/fw_msgs/include/fw_msgs/msg/ctrl_input.h
[2.361s] -- Installing: /FW_Control/src/install/fw_msgs/share/fw_msgs/environment/library_path.sh
[2.361s] -- Installing: /FW_Control/src/install/fw_msgs/share/fw_msgs/environment/library_path.dsv
[2.362s] -- Installing: /FW_Control/src/install/fw_msgs/lib/libfw_msgs__rosidl_generator_c.so
[2.362s] -- Set runtime path of "/FW_Control/src/install/fw_msgs/lib/libfw_msgs__rosidl_generator_c.so" to ""
[2.362s] -- Up-to-date: /FW_Control/src/install/fw_msgs/include/fw_msgs
[2.362s] -- Up-to-date: /FW_Control/src/install/fw_msgs/include/fw_msgs/msg
[2.362s] -- Up-to-date: /FW_Control/src/install/fw_msgs/include/fw_msgs/msg/detail
[2.362s] -- Installing: /FW_Control/src/install/fw_msgs/include/fw_msgs/msg/detail/state_est_euler__rosidl_typesupport_fastrtps_c.h
[2.362s] -- Installing: /FW_Control/src/install/fw_msgs/include/fw_msgs/msg/detail/state_est_quat__rosidl_typesupport_fastrtps_c.h
[2.362s] -- Installing: /FW_Control/src/install/fw_msgs/include/fw_msgs/msg/detail/ctrl_input__rosidl_typesupport_fastrtps_c.h
[2.362s] -- Installing: /FW_Control/src/install/fw_msgs/include/fw_msgs/msg/detail/position_euler__rosidl_typesupport_fastrtps_c.h
[2.362s] -- Installing: /FW_Control/src/install/fw_msgs/include/fw_msgs/msg/rosidl_typesupport_fastrtps_c__visibility_control.h
[2.362s] -- Installing: /FW_Control/src/install/fw_msgs/lib/libfw_msgs__rosidl_typesupport_fastrtps_c.so
[2.362s] -- Set runtime path of "/FW_Control/src/install/fw_msgs/lib/libfw_msgs__rosidl_typesupport_fastrtps_c.so" to ""
[2.362s] -- Up-to-date: /FW_Control/src/install/fw_msgs/include/fw_msgs
[2.362s] -- Up-to-date: /FW_Control/src/install/fw_msgs/include/fw_msgs/msg
[2.362s] -- Up-to-date: /FW_Control/src/install/fw_msgs/include/fw_msgs/msg/detail
[2.363s] -- Installing: /FW_Control/src/install/fw_msgs/include/fw_msgs/msg/detail/position_euler__rosidl_typesupport_fastrtps_cpp.hpp
[2.363s] -- Installing: /FW_Control/src/install/fw_msgs/include/fw_msgs/msg/detail/state_est_euler__rosidl_typesupport_fastrtps_cpp.hpp
[2.363s] -- Installing: /FW_Control/src/install/fw_msgs/include/fw_msgs/msg/detail/dds_fastrtps
[2.363s] -- Installing: /FW_Control/src/install/fw_msgs/include/fw_msgs/msg/detail/state_est_quat__rosidl_typesupport_fastrtps_cpp.hpp
[2.363s] -- Installing: /FW_Control/src/install/fw_msgs/include/fw_msgs/msg/detail/ctrl_input__rosidl_typesupport_fastrtps_cpp.hpp
[2.363s] -- Installing: /FW_Control/src/install/fw_msgs/include/fw_msgs/msg/rosidl_typesupport_fastrtps_cpp__visibility_control.h
[2.363s] -- Installing: /FW_Control/src/install/fw_msgs/lib/libfw_msgs__rosidl_typesupport_fastrtps_cpp.so
[2.363s] -- Set runtime path of "/FW_Control/src/install/fw_msgs/lib/libfw_msgs__rosidl_typesupport_fastrtps_cpp.so" to ""
[2.363s] -- Up-to-date: /FW_Control/src/install/fw_msgs/include/fw_msgs
[2.363s] -- Up-to-date: /FW_Control/src/install/fw_msgs/include/fw_msgs/msg
[2.363s] -- Up-to-date: /FW_Control/src/install/fw_msgs/include/fw_msgs/msg/detail
[2.363s] -- Installing: /FW_Control/src/install/fw_msgs/include/fw_msgs/msg/detail/state_est_euler__rosidl_typesupport_introspection_c.h
[2.363s] -- Installing: /FW_Control/src/install/fw_msgs/include/fw_msgs/msg/detail/ctrl_input__rosidl_typesupport_introspection_c.h
[2.363s] -- Installing: /FW_Control/src/install/fw_msgs/include/fw_msgs/msg/detail/state_est_euler__type_support.c
[2.363s] -- Installing: /FW_Control/src/install/fw_msgs/include/fw_msgs/msg/detail/state_est_quat__rosidl_typesupport_introspection_c.h
[2.363s] -- Installing: /FW_Control/src/install/fw_msgs/include/fw_msgs/msg/detail/state_est_quat__type_support.c
[2.363s] -- Installing: /FW_Control/src/install/fw_msgs/include/fw_msgs/msg/detail/ctrl_input__type_support.c
[2.363s] -- Installing: /FW_Control/src/install/fw_msgs/include/fw_msgs/msg/detail/position_euler__rosidl_typesupport_introspection_c.h
[2.363s] -- Installing: /FW_Control/src/install/fw_msgs/include/fw_msgs/msg/detail/position_euler__type_support.c
[2.363s] -- Installing: /FW_Control/src/install/fw_msgs/include/fw_msgs/msg/rosidl_typesupport_introspection_c__visibility_control.h
[2.363s] -- Installing: /FW_Control/src/install/fw_msgs/lib/libfw_msgs__rosidl_typesupport_introspection_c.so
[2.363s] -- Set runtime path of "/FW_Control/src/install/fw_msgs/lib/libfw_msgs__rosidl_typesupport_introspection_c.so" to ""
[2.364s] -- Installing: /FW_Control/src/install/fw_msgs/lib/libfw_msgs__rosidl_typesupport_c.so
[2.364s] -- Set runtime path of "/FW_Control/src/install/fw_msgs/lib/libfw_msgs__rosidl_typesupport_c.so" to ""
[2.364s] -- Up-to-date: /FW_Control/src/install/fw_msgs/include/fw_msgs
[2.364s] -- Up-to-date: /FW_Control/src/install/fw_msgs/include/fw_msgs/msg
[2.364s] -- Up-to-date: /FW_Control/src/install/fw_msgs/include/fw_msgs/msg/detail
[2.364s] -- Installing: /FW_Control/src/install/fw_msgs/include/fw_msgs/msg/detail/ctrl_input__struct.hpp
[2.364s] -- Installing: /FW_Control/src/install/fw_msgs/include/fw_msgs/msg/detail/position_euler__builder.hpp
[2.364s] -- Installing: /FW_Control/src/install/fw_msgs/include/fw_msgs/msg/detail/ctrl_input__builder.hpp
[2.364s] -- Installing: /FW_Control/src/install/fw_msgs/include/fw_msgs/msg/detail/ctrl_input__traits.hpp
[2.364s] -- Installing: /FW_Control/src/install/fw_msgs/include/fw_msgs/msg/detail/position_euler__struct.hpp
[2.364s] -- Installing: /FW_Control/src/install/fw_msgs/include/fw_msgs/msg/detail/state_est_quat__struct.hpp
[2.364s] -- Installing: /FW_Control/src/install/fw_msgs/include/fw_msgs/msg/detail/state_est_euler__struct.hpp
[2.364s] -- Installing: /FW_Control/src/install/fw_msgs/include/fw_msgs/msg/detail/position_euler__traits.hpp
[2.364s] -- Installing: /FW_Control/src/install/fw_msgs/include/fw_msgs/msg/detail/state_est_euler__builder.hpp
[2.364s] -- Installing: /FW_Control/src/install/fw_msgs/include/fw_msgs/msg/detail/state_est_euler__traits.hpp
[2.364s] -- Installing: /FW_Control/src/install/fw_msgs/include/fw_msgs/msg/detail/state_est_quat__traits.hpp
[2.364s] -- Installing: /FW_Control/src/install/fw_msgs/include/fw_msgs/msg/detail/state_est_quat__builder.hpp
[2.364s] -- Installing: /FW_Control/src/install/fw_msgs/include/fw_msgs/msg/state_est_quat.hpp
[2.364s] -- Installing: /FW_Control/src/install/fw_msgs/include/fw_msgs/msg/ctrl_input.hpp
[2.364s] -- Installing: /FW_Control/src/install/fw_msgs/include/fw_msgs/msg/state_est_euler.hpp
[2.364s] -- Installing: /FW_Control/src/install/fw_msgs/include/fw_msgs/msg/position_euler.hpp
[2.364s] -- Up-to-date: /FW_Control/src/install/fw_msgs/include/fw_msgs
[2.364s] -- Up-to-date: /FW_Control/src/install/fw_msgs/include/fw_msgs/msg
[2.364s] -- Up-to-date: /FW_Control/src/install/fw_msgs/include/fw_msgs/msg/detail
[2.364s] -- Installing: /FW_Control/src/install/fw_msgs/include/fw_msgs/msg/detail/state_est_euler__rosidl_typesupport_introspection_cpp.hpp
[2.364s] -- Installing: /FW_Control/src/install/fw_msgs/include/fw_msgs/msg/detail/state_est_euler__type_support.cpp
[2.364s] -- Installing: /FW_Control/src/install/fw_msgs/include/fw_msgs/msg/detail/ctrl_input__rosidl_typesupport_introspection_cpp.hpp
[2.365s] -- Installing: /FW_Control/src/install/fw_msgs/include/fw_msgs/msg/detail/ctrl_input__type_support.cpp
[2.365s] -- Installing: /FW_Control/src/install/fw_msgs/include/fw_msgs/msg/detail/state_est_quat__rosidl_typesupport_introspection_cpp.hpp
[2.365s] -- Installing: /FW_Control/src/install/fw_msgs/include/fw_msgs/msg/detail/position_euler__rosidl_typesupport_introspection_cpp.hpp
[2.365s] -- Installing: /FW_Control/src/install/fw_msgs/include/fw_msgs/msg/detail/position_euler__type_support.cpp
[2.365s] -- Installing: /FW_Control/src/install/fw_msgs/include/fw_msgs/msg/detail/state_est_quat__type_support.cpp
[2.365s] -- Installing: /FW_Control/src/install/fw_msgs/lib/libfw_msgs__rosidl_typesupport_introspection_cpp.so
[2.365s] -- Set runtime path of "/FW_Control/src/install/fw_msgs/lib/libfw_msgs__rosidl_typesupport_introspection_cpp.so" to ""
[2.365s] -- Installing: /FW_Control/src/install/fw_msgs/lib/libfw_msgs__rosidl_typesupport_cpp.so
[2.365s] -- Set runtime path of "/FW_Control/src/install/fw_msgs/lib/libfw_msgs__rosidl_typesupport_cpp.so" to ""
[2.365s] -- Installing: /FW_Control/src/install/fw_msgs/share/fw_msgs/environment/pythonpath.sh
[2.365s] -- Installing: /FW_Control/src/install/fw_msgs/share/fw_msgs/environment/pythonpath.dsv
[2.365s] -- Installing: /FW_Control/src/install/fw_msgs/lib/python3.8/site-packages/fw_msgs/__init__.py
[2.381s] Compiling '/FW_Control/src/install/fw_msgs/lib/python3.8/site-packages/fw_msgs/__init__.py'...
[2.383s] -- Installing: /FW_Control/src/install/fw_msgs/lib/python3.8/site-packages/fw_msgs/msg
[2.383s] -- Installing: /FW_Control/src/install/fw_msgs/lib/python3.8/site-packages/fw_msgs/msg/_state_est_quat.py
[2.383s] -- Installing: /FW_Control/src/install/fw_msgs/lib/python3.8/site-packages/fw_msgs/msg/__init__.py
[2.384s] -- Installing: /FW_Control/src/install/fw_msgs/lib/python3.8/site-packages/fw_msgs/msg/_ctrl_input.py
[2.384s] -- Installing: /FW_Control/src/install/fw_msgs/lib/python3.8/site-packages/fw_msgs/msg/_ctrl_input_s.c
[2.384s] -- Installing: /FW_Control/src/install/fw_msgs/lib/python3.8/site-packages/fw_msgs/msg/_position_euler_s.c
[2.384s] -- Installing: /FW_Control/src/install/fw_msgs/lib/python3.8/site-packages/fw_msgs/msg/_state_est_euler_s.c
[2.384s] -- Installing: /FW_Control/src/install/fw_msgs/lib/python3.8/site-packages/fw_msgs/msg/_state_est_quat_s.c
[2.384s] -- Installing: /FW_Control/src/install/fw_msgs/lib/python3.8/site-packages/fw_msgs/msg/_position_euler.py
[2.384s] -- Installing: /FW_Control/src/install/fw_msgs/lib/python3.8/site-packages/fw_msgs/msg/_state_est_euler.py
[2.384s] -- Installing: /FW_Control/src/install/fw_msgs/lib/python3.8/site-packages/fw_msgs/fw_msgs_s__rosidl_typesupport_fastrtps_c.cpython-38-x86_64-linux-gnu.so
[2.384s] -- Set runtime path of "/FW_Control/src/install/fw_msgs/lib/python3.8/site-packages/fw_msgs/fw_msgs_s__rosidl_typesupport_fastrtps_c.cpython-38-x86_64-linux-gnu.so" to ""
[2.384s] -- Installing: /FW_Control/src/install/fw_msgs/lib/python3.8/site-packages/fw_msgs/fw_msgs_s__rosidl_typesupport_introspection_c.cpython-38-x86_64-linux-gnu.so
[2.384s] -- Set runtime path of "/FW_Control/src/install/fw_msgs/lib/python3.8/site-packages/fw_msgs/fw_msgs_s__rosidl_typesupport_introspection_c.cpython-38-x86_64-linux-gnu.so" to ""
[2.384s] -- Installing: /FW_Control/src/install/fw_msgs/lib/python3.8/site-packages/fw_msgs/fw_msgs_s__rosidl_typesupport_c.cpython-38-x86_64-linux-gnu.so
[2.384s] -- Set runtime path of "/FW_Control/src/install/fw_msgs/lib/python3.8/site-packages/fw_msgs/fw_msgs_s__rosidl_typesupport_c.cpython-38-x86_64-linux-gnu.so" to ""
[2.385s] -- Installing: /FW_Control/src/install/fw_msgs/lib/libfw_msgs__python.so
[2.385s] -- Set runtime path of "/FW_Control/src/install/fw_msgs/lib/libfw_msgs__python.so" to ""
[2.385s] -- Installing: /FW_Control/src/install/fw_msgs/share/fw_msgs/msg/CtrlInput.idl
[2.385s] -- Installing: /FW_Control/src/install/fw_msgs/share/fw_msgs/msg/PositionEuler.idl
[2.385s] -- Installing: /FW_Control/src/install/fw_msgs/share/fw_msgs/msg/StateEstEuler.idl
[2.385s] -- Installing: /FW_Control/src/install/fw_msgs/share/fw_msgs/msg/StateEstQuat.idl
[2.385s] -- Installing: /FW_Control/src/install/fw_msgs/share/fw_msgs/msg/CtrlInput.msg
[2.385s] -- Installing: /FW_Control/src/install/fw_msgs/share/fw_msgs/msg/PositionEuler.msg
[2.385s] -- Installing: /FW_Control/src/install/fw_msgs/share/fw_msgs/msg/StateEstEuler.msg
[2.385s] -- Installing: /FW_Control/src/install/fw_msgs/share/fw_msgs/msg/StateEstQuat.msg
[2.385s] -- Installing: /FW_Control/src/install/fw_msgs/share/ament_index/resource_index/package_run_dependencies/fw_msgs
[2.385s] -- Installing: /FW_Control/src/install/fw_msgs/share/ament_index/resource_index/parent_prefix_path/fw_msgs
[2.385s] -- Installing: /FW_Control/src/install/fw_msgs/share/fw_msgs/environment/ament_prefix_path.sh
[2.385s] -- Installing: /FW_Control/src/install/fw_msgs/share/fw_msgs/environment/ament_prefix_path.dsv
[2.386s] -- Installing: /FW_Control/src/install/fw_msgs/share/fw_msgs/environment/path.sh
[2.386s] -- Installing: /FW_Control/src/install/fw_msgs/share/fw_msgs/environment/path.dsv
[2.386s] -- Installing: /FW_Control/src/install/fw_msgs/share/fw_msgs/local_setup.bash
[2.386s] -- Installing: /FW_Control/src/install/fw_msgs/share/fw_msgs/local_setup.sh
[2.386s] -- Installing: /FW_Control/src/install/fw_msgs/share/fw_msgs/local_setup.zsh
[2.386s] -- Installing: /FW_Control/src/install/fw_msgs/share/fw_msgs/local_setup.dsv
[2.386s] -- Installing: /FW_Control/src/install/fw_msgs/share/fw_msgs/package.dsv
[2.386s] -- Installing: /FW_Control/src/install/fw_msgs/share/ament_index/resource_index/packages/fw_msgs
[2.386s] -- Installing: /FW_Control/src/install/fw_msgs/share/fw_msgs/cmake/fw_msgs__rosidl_generator_cExport.cmake
[2.386s] -- Installing: /FW_Control/src/install/fw_msgs/share/fw_msgs/cmake/fw_msgs__rosidl_generator_cExport-noconfig.cmake
[2.386s] -- Installing: /FW_Control/src/install/fw_msgs/share/fw_msgs/cmake/fw_msgs__rosidl_typesupport_introspection_cExport.cmake
[2.386s] -- Installing: /FW_Control/src/install/fw_msgs/share/fw_msgs/cmake/fw_msgs__rosidl_typesupport_introspection_cExport-noconfig.cmake
[2.386s] -- Installing: /FW_Control/src/install/fw_msgs/share/fw_msgs/cmake/fw_msgs__rosidl_typesupport_cExport.cmake
[2.386s] -- Installing: /FW_Control/src/install/fw_msgs/share/fw_msgs/cmake/fw_msgs__rosidl_typesupport_cExport-noconfig.cmake
[2.386s] -- Installing: /FW_Control/src/install/fw_msgs/share/fw_msgs/cmake/fw_msgs__rosidl_generator_cppExport.cmake
[2.386s] -- Installing: /FW_Control/src/install/fw_msgs/share/fw_msgs/cmake/fw_msgs__rosidl_typesupport_introspection_cppExport.cmake
[2.386s] -- Installing: /FW_Control/src/install/fw_msgs/share/fw_msgs/cmake/fw_msgs__rosidl_typesupport_introspection_cppExport-noconfig.cmake
[2.387s] -- Installing: /FW_Control/src/install/fw_msgs/share/fw_msgs/cmake/fw_msgs__rosidl_typesupport_cppExport.cmake
[2.387s] -- Installing: /FW_Control/src/install/fw_msgs/share/fw_msgs/cmake/fw_msgs__rosidl_typesupport_cppExport-noconfig.cmake
[2.387s] -- Installing: /FW_Control/src/install/fw_msgs/share/fw_msgs/cmake/rosidl_cmake-extras.cmake
[2.387s] -- Installing: /FW_Control/src/install/fw_msgs/share/fw_msgs/cmake/ament_cmake_export_dependencies-extras.cmake
[2.387s] -- Installing: /FW_Control/src/install/fw_msgs/share/fw_msgs/cmake/ament_cmake_export_libraries-extras.cmake
[2.387s] -- Installing: /FW_Control/src/install/fw_msgs/share/fw_msgs/cmake/ament_cmake_export_targets-extras.cmake
[2.387s] -- Installing: /FW_Control/src/install/fw_msgs/share/fw_msgs/cmake/ament_cmake_export_include_directories-extras.cmake
[2.387s] -- Installing: /FW_Control/src/install/fw_msgs/share/fw_msgs/cmake/rosidl_cmake_export_typesupport_libraries-extras.cmake
[2.387s] -- Installing: /FW_Control/src/install/fw_msgs/share/fw_msgs/cmake/rosidl_cmake_export_typesupport_targets-extras.cmake
[2.387s] -- Installing: /FW_Control/src/install/fw_msgs/share/fw_msgs/cmake/fw_msgsConfig.cmake
[2.387s] -- Installing: /FW_Control/src/install/fw_msgs/share/fw_msgs/cmake/fw_msgsConfig-version.cmake
[2.387s] -- Installing: /FW_Control/src/install/fw_msgs/share/fw_msgs/package.xml
[2.391s] Invoked command in '/FW_Control/src/build/fw_msgs' returned '0': CMAKE_PREFIX_PATH=${CMAKE_PREFIX_PATH}:/FW_Control/install/control:/FW_Control/install/serial2arduino:/FW_Control/install/estimatestate:/opt/ros/foxy /usr/bin/cmake --install /FW_Control/src/build/fw_msgs
