running egg_info
creating ../build/serial2arduino/serial2arduino.egg-info
writing ../build/serial2arduino/serial2arduino.egg-info/PKG-INFO
writing dependency_links to ../build/serial2arduino/serial2arduino.egg-info/dependency_links.txt
writing entry points to ../build/serial2arduino/serial2arduino.egg-info/entry_points.txt
writing requirements to ../build/serial2arduino/serial2arduino.egg-info/requires.txt
writing top-level names to ../build/serial2arduino/serial2arduino.egg-info/top_level.txt
writing manifest file '../build/serial2arduino/serial2arduino.egg-info/SOURCES.txt'
reading manifest file '../build/serial2arduino/serial2arduino.egg-info/SOURCES.txt'
writing manifest file '../build/serial2arduino/serial2arduino.egg-info/SOURCES.txt'
running build
running build_py
creating /FW_Control/src/build/serial2arduino/build
creating /FW_Control/src/build/serial2arduino/build/lib
creating /FW_Control/src/build/serial2arduino/build/lib/serial2arduino
copying serial2arduino/__init__.py -> /FW_Control/src/build/serial2arduino/build/lib/serial2arduino
copying serial2arduino/testcontroller.py -> /FW_Control/src/build/serial2arduino/build/lib/serial2arduino
copying serial2arduino/sendcommands.py -> /FW_Control/src/build/serial2arduino/build/lib/serial2arduino
running install
running install_lib
creating /FW_Control/src/install/serial2arduino/lib/python3.8/site-packages/serial2arduino
copying /FW_Control/src/build/serial2arduino/build/lib/serial2arduino/__init__.py -> /FW_Control/src/install/serial2arduino/lib/python3.8/site-packages/serial2arduino
copying /FW_Control/src/build/serial2arduino/build/lib/serial2arduino/testcontroller.py -> /FW_Control/src/install/serial2arduino/lib/python3.8/site-packages/serial2arduino
copying /FW_Control/src/build/serial2arduino/build/lib/serial2arduino/sendcommands.py -> /FW_Control/src/install/serial2arduino/lib/python3.8/site-packages/serial2arduino
byte-compiling /FW_Control/src/install/serial2arduino/lib/python3.8/site-packages/serial2arduino/__init__.py to __init__.cpython-38.pyc
byte-compiling /FW_Control/src/install/serial2arduino/lib/python3.8/site-packages/serial2arduino/testcontroller.py to testcontroller.cpython-38.pyc
byte-compiling /FW_Control/src/install/serial2arduino/lib/python3.8/site-packages/serial2arduino/sendcommands.py to sendcommands.cpython-38.pyc
running install_data
creating /FW_Control/src/install/serial2arduino/share/ament_index
creating /FW_Control/src/install/serial2arduino/share/ament_index/resource_index
creating /FW_Control/src/install/serial2arduino/share/ament_index/resource_index/packages
copying resource/serial2arduino -> /FW_Control/src/install/serial2arduino/share/ament_index/resource_index/packages
copying package.xml -> /FW_Control/src/install/serial2arduino/share/serial2arduino
running install_egg_info
Copying ../build/serial2arduino/serial2arduino.egg-info to /FW_Control/src/install/serial2arduino/lib/python3.8/site-packages/serial2arduino-0.0.0-py3.8.egg-info
running install_scripts
Installing sendcommands script to /FW_Control/src/install/serial2arduino/lib/serial2arduino
Installing testcontroller script to /FW_Control/src/install/serial2arduino/lib/serial2arduino
writing list of installed files to '/FW_Control/src/build/serial2arduino/install.log'
