[  3%] Built target fw_msgs__cpp
[ 12%] Built target fw_msgs__rosidl_generator_c
[ 45%] Built target fw_msgs__rosidl_typesupport_cpp
[ 45%] Built target fw_msgs__rosidl_typesupport_c
[ 45%] Built target fw_msgs__rosidl_typesupport_introspection_c
[ 56%] Built target fw_msgs__rosidl_typesupport_fastrtps_cpp
[ 67%] Built target fw_msgs__rosidl_typesupport_introspection_cpp
[ 78%] Built target fw_msgs__rosidl_typesupport_fastrtps_c
[ 78%] Built target fw_msgs
[ 80%] Built target fw_msgs__py
[ 89%] Built target fw_msgs__python
[100%] Built target fw_msgs__rosidl_typesupport_c__pyext
[100%] Built target fw_msgs__rosidl_typesupport_introspection_c__pyext
[100%] Built target fw_msgs__rosidl_typesupport_fastrtps_c__pyext
-- Install configuration: ""
-- Up-to-date: /FW_Control/src/install/fw_msgs/share/ament_index/resource_index/rosidl_interfaces/fw_msgs
-- Up-to-date: /FW_Control/src/install/fw_msgs/include/fw_msgs
-- Up-to-date: /FW_Control/src/install/fw_msgs/include/fw_msgs/msg
-- Up-to-date: /FW_Control/src/install/fw_msgs/include/fw_msgs/msg/detail
-- Up-to-date: /FW_Control/src/install/fw_msgs/include/fw_msgs/msg/detail/ctrl_input__struct.h
-- Up-to-date: /FW_Control/src/install/fw_msgs/include/fw_msgs/msg/detail/position_euler__functions.c
-- Up-to-date: /FW_Control/src/install/fw_msgs/include/fw_msgs/msg/detail/state_est_quat__functions.h
-- Up-to-date: /FW_Control/src/install/fw_msgs/include/fw_msgs/msg/detail/state_est_euler__functions.h
-- Up-to-date: /FW_Control/src/install/fw_msgs/include/fw_msgs/msg/detail/position_euler__type_support.h
-- Up-to-date: /FW_Control/src/install/fw_msgs/include/fw_msgs/msg/detail/state_est_quat__struct.h
-- Up-to-date: /FW_Control/src/install/fw_msgs/include/fw_msgs/msg/detail/state_est_euler__type_support.h
-- Up-to-date: /FW_Control/src/install/fw_msgs/include/fw_msgs/msg/detail/ctrl_input__type_support.h
-- Up-to-date: /FW_Control/src/install/fw_msgs/include/fw_msgs/msg/detail/ctrl_input__functions.h
-- Up-to-date: /FW_Control/src/install/fw_msgs/include/fw_msgs/msg/detail/state_est_quat__functions.c
-- Up-to-date: /FW_Control/src/install/fw_msgs/include/fw_msgs/msg/detail/position_euler__functions.h
-- Up-to-date: /FW_Control/src/install/fw_msgs/include/fw_msgs/msg/detail/state_est_quat__type_support.h
-- Up-to-date: /FW_Control/src/install/fw_msgs/include/fw_msgs/msg/detail/position_euler__struct.h
-- Up-to-date: /FW_Control/src/install/fw_msgs/include/fw_msgs/msg/detail/ctrl_input__functions.c
-- Up-to-date: /FW_Control/src/install/fw_msgs/include/fw_msgs/msg/detail/state_est_euler__functions.c
-- Up-to-date: /FW_Control/src/install/fw_msgs/include/fw_msgs/msg/detail/state_est_euler__struct.h
-- Up-to-date: /FW_Control/src/install/fw_msgs/include/fw_msgs/msg/rosidl_generator_c__visibility_control.h
-- Up-to-date: /FW_Control/src/install/fw_msgs/include/fw_msgs/msg/state_est_euler.h
-- Up-to-date: /FW_Control/src/install/fw_msgs/include/fw_msgs/msg/position_euler.h
-- Up-to-date: /FW_Control/src/install/fw_msgs/include/fw_msgs/msg/state_est_quat.h
-- Up-to-date: /FW_Control/src/install/fw_msgs/include/fw_msgs/msg/ctrl_input.h
-- Up-to-date: /FW_Control/src/install/fw_msgs/share/fw_msgs/environment/library_path.sh
-- Up-to-date: /FW_Control/src/install/fw_msgs/share/fw_msgs/environment/library_path.dsv
-- Up-to-date: /FW_Control/src/install/fw_msgs/lib/libfw_msgs__rosidl_generator_c.so
-- Up-to-date: /FW_Control/src/install/fw_msgs/include/fw_msgs
-- Up-to-date: /FW_Control/src/install/fw_msgs/include/fw_msgs/msg
-- Up-to-date: /FW_Control/src/install/fw_msgs/include/fw_msgs/msg/detail
-- Up-to-date: /FW_Control/src/install/fw_msgs/include/fw_msgs/msg/detail/state_est_euler__rosidl_typesupport_fastrtps_c.h
-- Up-to-date: /FW_Control/src/install/fw_msgs/include/fw_msgs/msg/detail/state_est_quat__rosidl_typesupport_fastrtps_c.h
-- Up-to-date: /FW_Control/src/install/fw_msgs/include/fw_msgs/msg/detail/ctrl_input__rosidl_typesupport_fastrtps_c.h
-- Up-to-date: /FW_Control/src/install/fw_msgs/include/fw_msgs/msg/detail/position_euler__rosidl_typesupport_fastrtps_c.h
-- Up-to-date: /FW_Control/src/install/fw_msgs/include/fw_msgs/msg/rosidl_typesupport_fastrtps_c__visibility_control.h
-- Up-to-date: /FW_Control/src/install/fw_msgs/lib/libfw_msgs__rosidl_typesupport_fastrtps_c.so
-- Up-to-date: /FW_Control/src/install/fw_msgs/include/fw_msgs
-- Up-to-date: /FW_Control/src/install/fw_msgs/include/fw_msgs/msg
-- Up-to-date: /FW_Control/src/install/fw_msgs/include/fw_msgs/msg/detail
-- Up-to-date: /FW_Control/src/install/fw_msgs/include/fw_msgs/msg/detail/position_euler__rosidl_typesupport_fastrtps_cpp.hpp
-- Up-to-date: /FW_Control/src/install/fw_msgs/include/fw_msgs/msg/detail/state_est_euler__rosidl_typesupport_fastrtps_cpp.hpp
-- Up-to-date: /FW_Control/src/install/fw_msgs/include/fw_msgs/msg/detail/dds_fastrtps
-- Up-to-date: /FW_Control/src/install/fw_msgs/include/fw_msgs/msg/detail/state_est_quat__rosidl_typesupport_fastrtps_cpp.hpp
-- Up-to-date: /FW_Control/src/install/fw_msgs/include/fw_msgs/msg/detail/ctrl_input__rosidl_typesupport_fastrtps_cpp.hpp
-- Up-to-date: /FW_Control/src/install/fw_msgs/include/fw_msgs/msg/rosidl_typesupport_fastrtps_cpp__visibility_control.h
-- Up-to-date: /FW_Control/src/install/fw_msgs/lib/libfw_msgs__rosidl_typesupport_fastrtps_cpp.so
-- Up-to-date: /FW_Control/src/install/fw_msgs/include/fw_msgs
-- Up-to-date: /FW_Control/src/install/fw_msgs/include/fw_msgs/msg
-- Up-to-date: /FW_Control/src/install/fw_msgs/include/fw_msgs/msg/detail
-- Up-to-date: /FW_Control/src/install/fw_msgs/include/fw_msgs/msg/detail/state_est_euler__rosidl_typesupport_introspection_c.h
-- Up-to-date: /FW_Control/src/install/fw_msgs/include/fw_msgs/msg/detail/ctrl_input__rosidl_typesupport_introspection_c.h
-- Up-to-date: /FW_Control/src/install/fw_msgs/include/fw_msgs/msg/detail/state_est_euler__type_support.c
-- Up-to-date: /FW_Control/src/install/fw_msgs/include/fw_msgs/msg/detail/state_est_quat__rosidl_typesupport_introspection_c.h
-- Up-to-date: /FW_Control/src/install/fw_msgs/include/fw_msgs/msg/detail/state_est_quat__type_support.c
-- Up-to-date: /FW_Control/src/install/fw_msgs/include/fw_msgs/msg/detail/ctrl_input__type_support.c
-- Up-to-date: /FW_Control/src/install/fw_msgs/include/fw_msgs/msg/detail/position_euler__rosidl_typesupport_introspection_c.h
-- Up-to-date: /FW_Control/src/install/fw_msgs/include/fw_msgs/msg/detail/position_euler__type_support.c
-- Up-to-date: /FW_Control/src/install/fw_msgs/include/fw_msgs/msg/rosidl_typesupport_introspection_c__visibility_control.h
-- Up-to-date: /FW_Control/src/install/fw_msgs/lib/libfw_msgs__rosidl_typesupport_introspection_c.so
-- Up-to-date: /FW_Control/src/install/fw_msgs/lib/libfw_msgs__rosidl_typesupport_c.so
-- Up-to-date: /FW_Control/src/install/fw_msgs/include/fw_msgs
-- Up-to-date: /FW_Control/src/install/fw_msgs/include/fw_msgs/msg
-- Up-to-date: /FW_Control/src/install/fw_msgs/include/fw_msgs/msg/detail
-- Up-to-date: /FW_Control/src/install/fw_msgs/include/fw_msgs/msg/detail/ctrl_input__struct.hpp
-- Up-to-date: /FW_Control/src/install/fw_msgs/include/fw_msgs/msg/detail/position_euler__builder.hpp
-- Up-to-date: /FW_Control/src/install/fw_msgs/include/fw_msgs/msg/detail/ctrl_input__builder.hpp
-- Up-to-date: /FW_Control/src/install/fw_msgs/include/fw_msgs/msg/detail/ctrl_input__traits.hpp
-- Up-to-date: /FW_Control/src/install/fw_msgs/include/fw_msgs/msg/detail/position_euler__struct.hpp
-- Up-to-date: /FW_Control/src/install/fw_msgs/include/fw_msgs/msg/detail/state_est_quat__struct.hpp
-- Up-to-date: /FW_Control/src/install/fw_msgs/include/fw_msgs/msg/detail/state_est_euler__struct.hpp
-- Up-to-date: /FW_Control/src/install/fw_msgs/include/fw_msgs/msg/detail/position_euler__traits.hpp
-- Up-to-date: /FW_Control/src/install/fw_msgs/include/fw_msgs/msg/detail/state_est_euler__builder.hpp
-- Up-to-date: /FW_Control/src/install/fw_msgs/include/fw_msgs/msg/detail/state_est_euler__traits.hpp
-- Up-to-date: /FW_Control/src/install/fw_msgs/include/fw_msgs/msg/detail/state_est_quat__traits.hpp
-- Up-to-date: /FW_Control/src/install/fw_msgs/include/fw_msgs/msg/detail/state_est_quat__builder.hpp
-- Up-to-date: /FW_Control/src/install/fw_msgs/include/fw_msgs/msg/state_est_quat.hpp
-- Up-to-date: /FW_Control/src/install/fw_msgs/include/fw_msgs/msg/ctrl_input.hpp
-- Up-to-date: /FW_Control/src/install/fw_msgs/include/fw_msgs/msg/state_est_euler.hpp
-- Up-to-date: /FW_Control/src/install/fw_msgs/include/fw_msgs/msg/position_euler.hpp
-- Up-to-date: /FW_Control/src/install/fw_msgs/include/fw_msgs
-- Up-to-date: /FW_Control/src/install/fw_msgs/include/fw_msgs/msg
-- Up-to-date: /FW_Control/src/install/fw_msgs/include/fw_msgs/msg/detail
-- Up-to-date: /FW_Control/src/install/fw_msgs/include/fw_msgs/msg/detail/state_est_euler__rosidl_typesupport_introspection_cpp.hpp
-- Up-to-date: /FW_Control/src/install/fw_msgs/include/fw_msgs/msg/detail/state_est_euler__type_support.cpp
-- Up-to-date: /FW_Control/src/install/fw_msgs/include/fw_msgs/msg/detail/ctrl_input__rosidl_typesupport_introspection_cpp.hpp
-- Up-to-date: /FW_Control/src/install/fw_msgs/include/fw_msgs/msg/detail/ctrl_input__type_support.cpp
-- Up-to-date: /FW_Control/src/install/fw_msgs/include/fw_msgs/msg/detail/state_est_quat__rosidl_typesupport_introspection_cpp.hpp
-- Up-to-date: /FW_Control/src/install/fw_msgs/include/fw_msgs/msg/detail/position_euler__rosidl_typesupport_introspection_cpp.hpp
-- Up-to-date: /FW_Control/src/install/fw_msgs/include/fw_msgs/msg/detail/position_euler__type_support.cpp
-- Up-to-date: /FW_Control/src/install/fw_msgs/include/fw_msgs/msg/detail/state_est_quat__type_support.cpp
-- Up-to-date: /FW_Control/src/install/fw_msgs/lib/libfw_msgs__rosidl_typesupport_introspection_cpp.so
-- Up-to-date: /FW_Control/src/install/fw_msgs/lib/libfw_msgs__rosidl_typesupport_cpp.so
-- Up-to-date: /FW_Control/src/install/fw_msgs/share/fw_msgs/environment/pythonpath.sh
-- Up-to-date: /FW_Control/src/install/fw_msgs/share/fw_msgs/environment/pythonpath.dsv
-- Up-to-date: /FW_Control/src/install/fw_msgs/lib/python3.8/site-packages/fw_msgs/__init__.py
-- Up-to-date: /FW_Control/src/install/fw_msgs/lib/python3.8/site-packages/fw_msgs/msg
-- Up-to-date: /FW_Control/src/install/fw_msgs/lib/python3.8/site-packages/fw_msgs/msg/_state_est_quat.py
-- Up-to-date: /FW_Control/src/install/fw_msgs/lib/python3.8/site-packages/fw_msgs/msg/__init__.py
-- Up-to-date: /FW_Control/src/install/fw_msgs/lib/python3.8/site-packages/fw_msgs/msg/_ctrl_input.py
-- Up-to-date: /FW_Control/src/install/fw_msgs/lib/python3.8/site-packages/fw_msgs/msg/_ctrl_input_s.c
-- Up-to-date: /FW_Control/src/install/fw_msgs/lib/python3.8/site-packages/fw_msgs/msg/_position_euler_s.c
-- Up-to-date: /FW_Control/src/install/fw_msgs/lib/python3.8/site-packages/fw_msgs/msg/_state_est_euler_s.c
-- Up-to-date: /FW_Control/src/install/fw_msgs/lib/python3.8/site-packages/fw_msgs/msg/_state_est_quat_s.c
-- Up-to-date: /FW_Control/src/install/fw_msgs/lib/python3.8/site-packages/fw_msgs/msg/_position_euler.py
-- Up-to-date: /FW_Control/src/install/fw_msgs/lib/python3.8/site-packages/fw_msgs/msg/_state_est_euler.py
-- Up-to-date: /FW_Control/src/install/fw_msgs/lib/python3.8/site-packages/fw_msgs/fw_msgs_s__rosidl_typesupport_fastrtps_c.cpython-38-x86_64-linux-gnu.so
-- Up-to-date: /FW_Control/src/install/fw_msgs/lib/python3.8/site-packages/fw_msgs/fw_msgs_s__rosidl_typesupport_introspection_c.cpython-38-x86_64-linux-gnu.so
-- Up-to-date: /FW_Control/src/install/fw_msgs/lib/python3.8/site-packages/fw_msgs/fw_msgs_s__rosidl_typesupport_c.cpython-38-x86_64-linux-gnu.so
-- Up-to-date: /FW_Control/src/install/fw_msgs/lib/libfw_msgs__python.so
-- Up-to-date: /FW_Control/src/install/fw_msgs/share/fw_msgs/msg/CtrlInput.idl
-- Up-to-date: /FW_Control/src/install/fw_msgs/share/fw_msgs/msg/PositionEuler.idl
-- Up-to-date: /FW_Control/src/install/fw_msgs/share/fw_msgs/msg/StateEstEuler.idl
-- Up-to-date: /FW_Control/src/install/fw_msgs/share/fw_msgs/msg/StateEstQuat.idl
-- Up-to-date: /FW_Control/src/install/fw_msgs/share/fw_msgs/msg/CtrlInput.msg
-- Up-to-date: /FW_Control/src/install/fw_msgs/share/fw_msgs/msg/PositionEuler.msg
-- Up-to-date: /FW_Control/src/install/fw_msgs/share/fw_msgs/msg/StateEstEuler.msg
-- Up-to-date: /FW_Control/src/install/fw_msgs/share/fw_msgs/msg/StateEstQuat.msg
-- Up-to-date: /FW_Control/src/install/fw_msgs/share/ament_index/resource_index/package_run_dependencies/fw_msgs
-- Up-to-date: /FW_Control/src/install/fw_msgs/share/ament_index/resource_index/parent_prefix_path/fw_msgs
-- Up-to-date: /FW_Control/src/install/fw_msgs/share/fw_msgs/environment/ament_prefix_path.sh
-- Up-to-date: /FW_Control/src/install/fw_msgs/share/fw_msgs/environment/ament_prefix_path.dsv
-- Up-to-date: /FW_Control/src/install/fw_msgs/share/fw_msgs/environment/path.sh
-- Up-to-date: /FW_Control/src/install/fw_msgs/share/fw_msgs/environment/path.dsv
-- Up-to-date: /FW_Control/src/install/fw_msgs/share/fw_msgs/local_setup.bash
-- Up-to-date: /FW_Control/src/install/fw_msgs/share/fw_msgs/local_setup.sh
-- Up-to-date: /FW_Control/src/install/fw_msgs/share/fw_msgs/local_setup.zsh
-- Up-to-date: /FW_Control/src/install/fw_msgs/share/fw_msgs/local_setup.dsv
-- Installing: /FW_Control/src/install/fw_msgs/share/fw_msgs/package.dsv
-- Up-to-date: /FW_Control/src/install/fw_msgs/share/ament_index/resource_index/packages/fw_msgs
-- Up-to-date: /FW_Control/src/install/fw_msgs/share/fw_msgs/cmake/fw_msgs__rosidl_generator_cExport.cmake
-- Up-to-date: /FW_Control/src/install/fw_msgs/share/fw_msgs/cmake/fw_msgs__rosidl_generator_cExport-noconfig.cmake
-- Up-to-date: /FW_Control/src/install/fw_msgs/share/fw_msgs/cmake/fw_msgs__rosidl_typesupport_introspection_cExport.cmake
-- Up-to-date: /FW_Control/src/install/fw_msgs/share/fw_msgs/cmake/fw_msgs__rosidl_typesupport_introspection_cExport-noconfig.cmake
-- Up-to-date: /FW_Control/src/install/fw_msgs/share/fw_msgs/cmake/fw_msgs__rosidl_typesupport_cExport.cmake
-- Up-to-date: /FW_Control/src/install/fw_msgs/share/fw_msgs/cmake/fw_msgs__rosidl_typesupport_cExport-noconfig.cmake
-- Up-to-date: /FW_Control/src/install/fw_msgs/share/fw_msgs/cmake/fw_msgs__rosidl_generator_cppExport.cmake
-- Up-to-date: /FW_Control/src/install/fw_msgs/share/fw_msgs/cmake/fw_msgs__rosidl_typesupport_introspection_cppExport.cmake
-- Up-to-date: /FW_Control/src/install/fw_msgs/share/fw_msgs/cmake/fw_msgs__rosidl_typesupport_introspection_cppExport-noconfig.cmake
-- Up-to-date: /FW_Control/src/install/fw_msgs/share/fw_msgs/cmake/fw_msgs__rosidl_typesupport_cppExport.cmake
-- Up-to-date: /FW_Control/src/install/fw_msgs/share/fw_msgs/cmake/fw_msgs__rosidl_typesupport_cppExport-noconfig.cmake
-- Up-to-date: /FW_Control/src/install/fw_msgs/share/fw_msgs/cmake/rosidl_cmake-extras.cmake
-- Up-to-date: /FW_Control/src/install/fw_msgs/share/fw_msgs/cmake/ament_cmake_export_dependencies-extras.cmake
-- Up-to-date: /FW_Control/src/install/fw_msgs/share/fw_msgs/cmake/ament_cmake_export_libraries-extras.cmake
-- Up-to-date: /FW_Control/src/install/fw_msgs/share/fw_msgs/cmake/ament_cmake_export_targets-extras.cmake
-- Up-to-date: /FW_Control/src/install/fw_msgs/share/fw_msgs/cmake/ament_cmake_export_include_directories-extras.cmake
-- Up-to-date: /FW_Control/src/install/fw_msgs/share/fw_msgs/cmake/rosidl_cmake_export_typesupport_libraries-extras.cmake
-- Up-to-date: /FW_Control/src/install/fw_msgs/share/fw_msgs/cmake/rosidl_cmake_export_typesupport_targets-extras.cmake
-- Up-to-date: /FW_Control/src/install/fw_msgs/share/fw_msgs/cmake/fw_msgsConfig.cmake
-- Up-to-date: /FW_Control/src/install/fw_msgs/share/fw_msgs/cmake/fw_msgsConfig-version.cmake
-- Up-to-date: /FW_Control/src/install/fw_msgs/share/fw_msgs/package.xml
