[0.015s] Invoking command in '/FW_Control/src/build/fw_msgs': CMAKE_PREFIX_PATH=${CMAKE_PREFIX_PATH}:/FW_Control/install/control:/FW_Control/install/serial2arduino:/FW_Control/install/estimatestate:/opt/ros/foxy /usr/bin/cmake --build /FW_Control/src/build/fw_msgs -- -j24 -l24
[0.045s] [  3%] Built target fw_msgs__cpp
[0.045s] [ 12%] Built target fw_msgs__rosidl_generator_c
[0.057s] [ 45%] Built target fw_msgs__rosidl_typesupport_cpp
[0.057s] [ 45%] Built target fw_msgs__rosidl_typesupport_c
[0.057s] [ 45%] Built target fw_msgs__rosidl_typesupport_introspection_c
[0.059s] [ 56%] Built target fw_msgs__rosidl_typesupport_fastrtps_cpp
[0.059s] [ 67%] Built target fw_msgs__rosidl_typesupport_introspection_cpp
[0.071s] [ 78%] Built target fw_msgs__rosidl_typesupport_fastrtps_c
[0.080s] [ 78%] Built target fw_msgs
[0.089s] [ 80%] Built target fw_msgs__py
[0.102s] [ 89%] Built target fw_msgs__python
[0.119s] [100%] Built target fw_msgs__rosidl_typesupport_c__pyext
[0.119s] [100%] Built target fw_msgs__rosidl_typesupport_introspection_c__pyext
[0.119s] [100%] Built target fw_msgs__rosidl_typesupport_fastrtps_c__pyext
[0.125s] Invoked command in '/FW_Control/src/build/fw_msgs' returned '0': CMAKE_PREFIX_PATH=${CMAKE_PREFIX_PATH}:/FW_Control/install/control:/FW_Control/install/serial2arduino:/FW_Control/install/estimatestate:/opt/ros/foxy /usr/bin/cmake --build /FW_Control/src/build/fw_msgs -- -j24 -l24
[0.162s] Invoking command in '/FW_Control/src/build/fw_msgs': CMAKE_PREFIX_PATH=${CMAKE_PREFIX_PATH}:/FW_Control/install/control:/FW_Control/install/serial2arduino:/FW_Control/install/estimatestate:/opt/ros/foxy /usr/bin/cmake --install /FW_Control/src/build/fw_msgs
[0.166s] -- Install configuration: ""
[0.166s] -- Up-to-date: /FW_Control/src/install/fw_msgs/share/ament_index/resource_index/rosidl_interfaces/fw_msgs
[0.166s] -- Up-to-date: /FW_Control/src/install/fw_msgs/include/fw_msgs
[0.166s] -- Up-to-date: /FW_Control/src/install/fw_msgs/include/fw_msgs/msg
[0.166s] -- Up-to-date: /FW_Control/src/install/fw_msgs/include/fw_msgs/msg/detail
[0.166s] -- Up-to-date: /FW_Control/src/install/fw_msgs/include/fw_msgs/msg/detail/ctrl_input__struct.h
[0.166s] -- Up-to-date: /FW_Control/src/install/fw_msgs/include/fw_msgs/msg/detail/position_euler__functions.c
[0.166s] -- Up-to-date: /FW_Control/src/install/fw_msgs/include/fw_msgs/msg/detail/state_est_quat__functions.h
[0.166s] -- Up-to-date: /FW_Control/src/install/fw_msgs/include/fw_msgs/msg/detail/state_est_euler__functions.h
[0.166s] -- Up-to-date: /FW_Control/src/install/fw_msgs/include/fw_msgs/msg/detail/position_euler__type_support.h
[0.166s] -- Up-to-date: /FW_Control/src/install/fw_msgs/include/fw_msgs/msg/detail/state_est_quat__struct.h
[0.166s] -- Up-to-date: /FW_Control/src/install/fw_msgs/include/fw_msgs/msg/detail/state_est_euler__type_support.h
[0.166s] -- Up-to-date: /FW_Control/src/install/fw_msgs/include/fw_msgs/msg/detail/ctrl_input__type_support.h
[0.167s] -- Up-to-date: /FW_Control/src/install/fw_msgs/include/fw_msgs/msg/detail/ctrl_input__functions.h
[0.167s] -- Up-to-date: /FW_Control/src/install/fw_msgs/include/fw_msgs/msg/detail/state_est_quat__functions.c
[0.167s] -- Up-to-date: /FW_Control/src/install/fw_msgs/include/fw_msgs/msg/detail/position_euler__functions.h
[0.167s] -- Up-to-date: /FW_Control/src/install/fw_msgs/include/fw_msgs/msg/detail/state_est_quat__type_support.h
[0.167s] -- Up-to-date: /FW_Control/src/install/fw_msgs/include/fw_msgs/msg/detail/position_euler__struct.h
[0.167s] -- Up-to-date: /FW_Control/src/install/fw_msgs/include/fw_msgs/msg/detail/ctrl_input__functions.c
[0.167s] -- Up-to-date: /FW_Control/src/install/fw_msgs/include/fw_msgs/msg/detail/state_est_euler__functions.c
[0.167s] -- Up-to-date: /FW_Control/src/install/fw_msgs/include/fw_msgs/msg/detail/state_est_euler__struct.h
[0.167s] -- Up-to-date: /FW_Control/src/install/fw_msgs/include/fw_msgs/msg/rosidl_generator_c__visibility_control.h
[0.167s] -- Up-to-date: /FW_Control/src/install/fw_msgs/include/fw_msgs/msg/state_est_euler.h
[0.167s] -- Up-to-date: /FW_Control/src/install/fw_msgs/include/fw_msgs/msg/position_euler.h
[0.167s] -- Up-to-date: /FW_Control/src/install/fw_msgs/include/fw_msgs/msg/state_est_quat.h
[0.167s] -- Up-to-date: /FW_Control/src/install/fw_msgs/include/fw_msgs/msg/ctrl_input.h
[0.167s] -- Up-to-date: /FW_Control/src/install/fw_msgs/share/fw_msgs/environment/library_path.sh
[0.167s] -- Up-to-date: /FW_Control/src/install/fw_msgs/share/fw_msgs/environment/library_path.dsv
[0.167s] -- Up-to-date: /FW_Control/src/install/fw_msgs/lib/libfw_msgs__rosidl_generator_c.so
[0.167s] -- Up-to-date: /FW_Control/src/install/fw_msgs/include/fw_msgs
[0.167s] -- Up-to-date: /FW_Control/src/install/fw_msgs/include/fw_msgs/msg
[0.167s] -- Up-to-date: /FW_Control/src/install/fw_msgs/include/fw_msgs/msg/detail
[0.167s] -- Up-to-date: /FW_Control/src/install/fw_msgs/include/fw_msgs/msg/detail/state_est_euler__rosidl_typesupport_fastrtps_c.h
[0.167s] -- Up-to-date: /FW_Control/src/install/fw_msgs/include/fw_msgs/msg/detail/state_est_quat__rosidl_typesupport_fastrtps_c.h
[0.167s] -- Up-to-date: /FW_Control/src/install/fw_msgs/include/fw_msgs/msg/detail/ctrl_input__rosidl_typesupport_fastrtps_c.h
[0.167s] -- Up-to-date: /FW_Control/src/install/fw_msgs/include/fw_msgs/msg/detail/position_euler__rosidl_typesupport_fastrtps_c.h
[0.167s] -- Up-to-date: /FW_Control/src/install/fw_msgs/include/fw_msgs/msg/rosidl_typesupport_fastrtps_c__visibility_control.h
[0.167s] -- Up-to-date: /FW_Control/src/install/fw_msgs/lib/libfw_msgs__rosidl_typesupport_fastrtps_c.so
[0.167s] -- Up-to-date: /FW_Control/src/install/fw_msgs/include/fw_msgs
[0.167s] -- Up-to-date: /FW_Control/src/install/fw_msgs/include/fw_msgs/msg
[0.167s] -- Up-to-date: /FW_Control/src/install/fw_msgs/include/fw_msgs/msg/detail
[0.167s] -- Up-to-date: /FW_Control/src/install/fw_msgs/include/fw_msgs/msg/detail/position_euler__rosidl_typesupport_fastrtps_cpp.hpp
[0.167s] -- Up-to-date: /FW_Control/src/install/fw_msgs/include/fw_msgs/msg/detail/state_est_euler__rosidl_typesupport_fastrtps_cpp.hpp
[0.167s] -- Up-to-date: /FW_Control/src/install/fw_msgs/include/fw_msgs/msg/detail/dds_fastrtps
[0.168s] -- Up-to-date: /FW_Control/src/install/fw_msgs/include/fw_msgs/msg/detail/state_est_quat__rosidl_typesupport_fastrtps_cpp.hpp
[0.168s] -- Up-to-date: /FW_Control/src/install/fw_msgs/include/fw_msgs/msg/detail/ctrl_input__rosidl_typesupport_fastrtps_cpp.hpp
[0.168s] -- Up-to-date: /FW_Control/src/install/fw_msgs/include/fw_msgs/msg/rosidl_typesupport_fastrtps_cpp__visibility_control.h
[0.168s] -- Up-to-date: /FW_Control/src/install/fw_msgs/lib/libfw_msgs__rosidl_typesupport_fastrtps_cpp.so
[0.168s] -- Up-to-date: /FW_Control/src/install/fw_msgs/include/fw_msgs
[0.168s] -- Up-to-date: /FW_Control/src/install/fw_msgs/include/fw_msgs/msg
[0.168s] -- Up-to-date: /FW_Control/src/install/fw_msgs/include/fw_msgs/msg/detail
[0.168s] -- Up-to-date: /FW_Control/src/install/fw_msgs/include/fw_msgs/msg/detail/state_est_euler__rosidl_typesupport_introspection_c.h
[0.168s] -- Up-to-date: /FW_Control/src/install/fw_msgs/include/fw_msgs/msg/detail/ctrl_input__rosidl_typesupport_introspection_c.h
[0.168s] -- Up-to-date: /FW_Control/src/install/fw_msgs/include/fw_msgs/msg/detail/state_est_euler__type_support.c
[0.168s] -- Up-to-date: /FW_Control/src/install/fw_msgs/include/fw_msgs/msg/detail/state_est_quat__rosidl_typesupport_introspection_c.h
[0.168s] -- Up-to-date: /FW_Control/src/install/fw_msgs/include/fw_msgs/msg/detail/state_est_quat__type_support.c
[0.168s] -- Up-to-date: /FW_Control/src/install/fw_msgs/include/fw_msgs/msg/detail/ctrl_input__type_support.c
[0.168s] -- Up-to-date: /FW_Control/src/install/fw_msgs/include/fw_msgs/msg/detail/position_euler__rosidl_typesupport_introspection_c.h
[0.168s] -- Up-to-date: /FW_Control/src/install/fw_msgs/include/fw_msgs/msg/detail/position_euler__type_support.c
[0.168s] -- Up-to-date: /FW_Control/src/install/fw_msgs/include/fw_msgs/msg/rosidl_typesupport_introspection_c__visibility_control.h
[0.168s] -- Up-to-date: /FW_Control/src/install/fw_msgs/lib/libfw_msgs__rosidl_typesupport_introspection_c.so
[0.168s] -- Up-to-date: /FW_Control/src/install/fw_msgs/lib/libfw_msgs__rosidl_typesupport_c.so
[0.168s] -- Up-to-date: /FW_Control/src/install/fw_msgs/include/fw_msgs
[0.168s] -- Up-to-date: /FW_Control/src/install/fw_msgs/include/fw_msgs/msg
[0.168s] -- Up-to-date: /FW_Control/src/install/fw_msgs/include/fw_msgs/msg/detail
[0.168s] -- Up-to-date: /FW_Control/src/install/fw_msgs/include/fw_msgs/msg/detail/ctrl_input__struct.hpp
[0.168s] -- Up-to-date: /FW_Control/src/install/fw_msgs/include/fw_msgs/msg/detail/position_euler__builder.hpp
[0.168s] -- Up-to-date: /FW_Control/src/install/fw_msgs/include/fw_msgs/msg/detail/ctrl_input__builder.hpp
[0.168s] -- Up-to-date: /FW_Control/src/install/fw_msgs/include/fw_msgs/msg/detail/ctrl_input__traits.hpp
[0.168s] -- Up-to-date: /FW_Control/src/install/fw_msgs/include/fw_msgs/msg/detail/position_euler__struct.hpp
[0.168s] -- Up-to-date: /FW_Control/src/install/fw_msgs/include/fw_msgs/msg/detail/state_est_quat__struct.hpp
[0.168s] -- Up-to-date: /FW_Control/src/install/fw_msgs/include/fw_msgs/msg/detail/state_est_euler__struct.hpp
[0.168s] -- Up-to-date: /FW_Control/src/install/fw_msgs/include/fw_msgs/msg/detail/position_euler__traits.hpp
[0.169s] -- Up-to-date: /FW_Control/src/install/fw_msgs/include/fw_msgs/msg/detail/state_est_euler__builder.hpp
[0.169s] -- Up-to-date: /FW_Control/src/install/fw_msgs/include/fw_msgs/msg/detail/state_est_euler__traits.hpp
[0.169s] -- Up-to-date: /FW_Control/src/install/fw_msgs/include/fw_msgs/msg/detail/state_est_quat__traits.hpp
[0.169s] -- Up-to-date: /FW_Control/src/install/fw_msgs/include/fw_msgs/msg/detail/state_est_quat__builder.hpp
[0.169s] -- Up-to-date: /FW_Control/src/install/fw_msgs/include/fw_msgs/msg/state_est_quat.hpp
[0.169s] -- Up-to-date: /FW_Control/src/install/fw_msgs/include/fw_msgs/msg/ctrl_input.hpp
[0.169s] -- Up-to-date: /FW_Control/src/install/fw_msgs/include/fw_msgs/msg/state_est_euler.hpp
[0.169s] -- Up-to-date: /FW_Control/src/install/fw_msgs/include/fw_msgs/msg/position_euler.hpp
[0.169s] -- Up-to-date: /FW_Control/src/install/fw_msgs/include/fw_msgs
[0.169s] -- Up-to-date: /FW_Control/src/install/fw_msgs/include/fw_msgs/msg
[0.169s] -- Up-to-date: /FW_Control/src/install/fw_msgs/include/fw_msgs/msg/detail
[0.169s] -- Up-to-date: /FW_Control/src/install/fw_msgs/include/fw_msgs/msg/detail/state_est_euler__rosidl_typesupport_introspection_cpp.hpp
[0.169s] -- Up-to-date: /FW_Control/src/install/fw_msgs/include/fw_msgs/msg/detail/state_est_euler__type_support.cpp
[0.169s] -- Up-to-date: /FW_Control/src/install/fw_msgs/include/fw_msgs/msg/detail/ctrl_input__rosidl_typesupport_introspection_cpp.hpp
[0.169s] -- Up-to-date: /FW_Control/src/install/fw_msgs/include/fw_msgs/msg/detail/ctrl_input__type_support.cpp
[0.169s] -- Up-to-date: /FW_Control/src/install/fw_msgs/include/fw_msgs/msg/detail/state_est_quat__rosidl_typesupport_introspection_cpp.hpp
[0.169s] -- Up-to-date: /FW_Control/src/install/fw_msgs/include/fw_msgs/msg/detail/position_euler__rosidl_typesupport_introspection_cpp.hpp
[0.169s] -- Up-to-date: /FW_Control/src/install/fw_msgs/include/fw_msgs/msg/detail/position_euler__type_support.cpp
[0.169s] -- Up-to-date: /FW_Control/src/install/fw_msgs/include/fw_msgs/msg/detail/state_est_quat__type_support.cpp
[0.169s] -- Up-to-date: /FW_Control/src/install/fw_msgs/lib/libfw_msgs__rosidl_typesupport_introspection_cpp.so
[0.169s] -- Up-to-date: /FW_Control/src/install/fw_msgs/lib/libfw_msgs__rosidl_typesupport_cpp.so
[0.169s] -- Up-to-date: /FW_Control/src/install/fw_msgs/share/fw_msgs/environment/pythonpath.sh
[0.169s] -- Up-to-date: /FW_Control/src/install/fw_msgs/share/fw_msgs/environment/pythonpath.dsv
[0.169s] -- Up-to-date: /FW_Control/src/install/fw_msgs/lib/python3.8/site-packages/fw_msgs/__init__.py
[0.185s] -- Up-to-date: /FW_Control/src/install/fw_msgs/lib/python3.8/site-packages/fw_msgs/msg
[0.185s] -- Up-to-date: /FW_Control/src/install/fw_msgs/lib/python3.8/site-packages/fw_msgs/msg/_state_est_quat.py
[0.185s] -- Up-to-date: /FW_Control/src/install/fw_msgs/lib/python3.8/site-packages/fw_msgs/msg/__init__.py
[0.185s] -- Up-to-date: /FW_Control/src/install/fw_msgs/lib/python3.8/site-packages/fw_msgs/msg/_ctrl_input.py
[0.186s] -- Up-to-date: /FW_Control/src/install/fw_msgs/lib/python3.8/site-packages/fw_msgs/msg/_ctrl_input_s.c
[0.186s] -- Up-to-date: /FW_Control/src/install/fw_msgs/lib/python3.8/site-packages/fw_msgs/msg/_position_euler_s.c
[0.186s] -- Up-to-date: /FW_Control/src/install/fw_msgs/lib/python3.8/site-packages/fw_msgs/msg/_state_est_euler_s.c
[0.186s] -- Up-to-date: /FW_Control/src/install/fw_msgs/lib/python3.8/site-packages/fw_msgs/msg/_state_est_quat_s.c
[0.187s] -- Up-to-date: /FW_Control/src/install/fw_msgs/lib/python3.8/site-packages/fw_msgs/msg/_position_euler.py
[0.187s] -- Up-to-date: /FW_Control/src/install/fw_msgs/lib/python3.8/site-packages/fw_msgs/msg/_state_est_euler.py
[0.187s] -- Up-to-date: /FW_Control/src/install/fw_msgs/lib/python3.8/site-packages/fw_msgs/fw_msgs_s__rosidl_typesupport_fastrtps_c.cpython-38-x86_64-linux-gnu.so
[0.187s] -- Up-to-date: /FW_Control/src/install/fw_msgs/lib/python3.8/site-packages/fw_msgs/fw_msgs_s__rosidl_typesupport_introspection_c.cpython-38-x86_64-linux-gnu.so
[0.188s] -- Up-to-date: /FW_Control/src/install/fw_msgs/lib/python3.8/site-packages/fw_msgs/fw_msgs_s__rosidl_typesupport_c.cpython-38-x86_64-linux-gnu.so
[0.188s] -- Up-to-date: /FW_Control/src/install/fw_msgs/lib/libfw_msgs__python.so
[0.188s] -- Up-to-date: /FW_Control/src/install/fw_msgs/share/fw_msgs/msg/CtrlInput.idl
[0.188s] -- Up-to-date: /FW_Control/src/install/fw_msgs/share/fw_msgs/msg/PositionEuler.idl
[0.189s] -- Up-to-date: /FW_Control/src/install/fw_msgs/share/fw_msgs/msg/StateEstEuler.idl
[0.189s] -- Up-to-date: /FW_Control/src/install/fw_msgs/share/fw_msgs/msg/StateEstQuat.idl
[0.189s] -- Up-to-date: /FW_Control/src/install/fw_msgs/share/fw_msgs/msg/CtrlInput.msg
[0.189s] -- Up-to-date: /FW_Control/src/install/fw_msgs/share/fw_msgs/msg/PositionEuler.msg
[0.189s] -- Up-to-date: /FW_Control/src/install/fw_msgs/share/fw_msgs/msg/StateEstEuler.msg
[0.189s] -- Up-to-date: /FW_Control/src/install/fw_msgs/share/fw_msgs/msg/StateEstQuat.msg
[0.189s] -- Up-to-date: /FW_Control/src/install/fw_msgs/share/ament_index/resource_index/package_run_dependencies/fw_msgs
[0.190s] -- Up-to-date: /FW_Control/src/install/fw_msgs/share/ament_index/resource_index/parent_prefix_path/fw_msgs
[0.190s] -- Up-to-date: /FW_Control/src/install/fw_msgs/share/fw_msgs/environment/ament_prefix_path.sh
[0.190s] -- Up-to-date: /FW_Control/src/install/fw_msgs/share/fw_msgs/environment/ament_prefix_path.dsv
[0.190s] -- Up-to-date: /FW_Control/src/install/fw_msgs/share/fw_msgs/environment/path.sh
[0.190s] -- Up-to-date: /FW_Control/src/install/fw_msgs/share/fw_msgs/environment/path.dsv
[0.190s] -- Up-to-date: /FW_Control/src/install/fw_msgs/share/fw_msgs/local_setup.bash
[0.191s] -- Up-to-date: /FW_Control/src/install/fw_msgs/share/fw_msgs/local_setup.sh
[0.192s] -- Up-to-date: /FW_Control/src/install/fw_msgs/share/fw_msgs/local_setup.zsh
[0.192s] -- Up-to-date: /FW_Control/src/install/fw_msgs/share/fw_msgs/local_setup.dsv
[0.192s] -- Installing: /FW_Control/src/install/fw_msgs/share/fw_msgs/package.dsv
[0.192s] -- Up-to-date: /FW_Control/src/install/fw_msgs/share/ament_index/resource_index/packages/fw_msgs
[0.193s] -- Up-to-date: /FW_Control/src/install/fw_msgs/share/fw_msgs/cmake/fw_msgs__rosidl_generator_cExport.cmake
[0.194s] -- Up-to-date: /FW_Control/src/install/fw_msgs/share/fw_msgs/cmake/fw_msgs__rosidl_generator_cExport-noconfig.cmake
[0.195s] -- Up-to-date: /FW_Control/src/install/fw_msgs/share/fw_msgs/cmake/fw_msgs__rosidl_typesupport_introspection_cExport.cmake
[0.195s] -- Up-to-date: /FW_Control/src/install/fw_msgs/share/fw_msgs/cmake/fw_msgs__rosidl_typesupport_introspection_cExport-noconfig.cmake
[0.195s] -- Up-to-date: /FW_Control/src/install/fw_msgs/share/fw_msgs/cmake/fw_msgs__rosidl_typesupport_cExport.cmake
[0.195s] -- Up-to-date: /FW_Control/src/install/fw_msgs/share/fw_msgs/cmake/fw_msgs__rosidl_typesupport_cExport-noconfig.cmake
[0.195s] -- Up-to-date: /FW_Control/src/install/fw_msgs/share/fw_msgs/cmake/fw_msgs__rosidl_generator_cppExport.cmake
[0.195s] -- Up-to-date: /FW_Control/src/install/fw_msgs/share/fw_msgs/cmake/fw_msgs__rosidl_typesupport_introspection_cppExport.cmake
[0.195s] -- Up-to-date: /FW_Control/src/install/fw_msgs/share/fw_msgs/cmake/fw_msgs__rosidl_typesupport_introspection_cppExport-noconfig.cmake
[0.195s] -- Up-to-date: /FW_Control/src/install/fw_msgs/share/fw_msgs/cmake/fw_msgs__rosidl_typesupport_cppExport.cmake
[0.195s] -- Up-to-date: /FW_Control/src/install/fw_msgs/share/fw_msgs/cmake/fw_msgs__rosidl_typesupport_cppExport-noconfig.cmake
[0.195s] -- Up-to-date: /FW_Control/src/install/fw_msgs/share/fw_msgs/cmake/rosidl_cmake-extras.cmake
[0.195s] -- Up-to-date: /FW_Control/src/install/fw_msgs/share/fw_msgs/cmake/ament_cmake_export_dependencies-extras.cmake
[0.195s] -- Up-to-date: /FW_Control/src/install/fw_msgs/share/fw_msgs/cmake/ament_cmake_export_libraries-extras.cmake
[0.195s] -- Up-to-date: /FW_Control/src/install/fw_msgs/share/fw_msgs/cmake/ament_cmake_export_targets-extras.cmake
[0.195s] -- Up-to-date: /FW_Control/src/install/fw_msgs/share/fw_msgs/cmake/ament_cmake_export_include_directories-extras.cmake
[0.195s] -- Up-to-date: /FW_Control/src/install/fw_msgs/share/fw_msgs/cmake/rosidl_cmake_export_typesupport_libraries-extras.cmake
[0.195s] -- Up-to-date: /FW_Control/src/install/fw_msgs/share/fw_msgs/cmake/rosidl_cmake_export_typesupport_targets-extras.cmake
[0.195s] -- Up-to-date: /FW_Control/src/install/fw_msgs/share/fw_msgs/cmake/fw_msgsConfig.cmake
[0.195s] -- Up-to-date: /FW_Control/src/install/fw_msgs/share/fw_msgs/cmake/fw_msgsConfig-version.cmake
[0.195s] -- Up-to-date: /FW_Control/src/install/fw_msgs/share/fw_msgs/package.xml
[0.195s] Invoked command in '/FW_Control/src/build/fw_msgs' returned '0': CMAKE_PREFIX_PATH=${CMAKE_PREFIX_PATH}:/FW_Control/install/control:/FW_Control/install/serial2arduino:/FW_Control/install/estimatestate:/opt/ros/foxy /usr/bin/cmake --install /FW_Control/src/build/fw_msgs
