[0.132s] DEBUG:colcon:Command line arguments: ['/usr/bin/colcon', 'build']
[0.132s] DEBUG:colcon:Parsed command line arguments: Namespace(ament_cmake_args=None, base_paths=['.'], build_base='build', catkin_cmake_args=None, catkin_skip_building_tests=False, cmake_args=None, cmake_clean_cache=False, cmake_clean_first=False, cmake_force_configure=False, cmake_target=None, cmake_target_skip_unavailable=False, continue_on_error=False, event_handlers=None, executor='parallel', ignore_user_meta=False, install_base='install', log_base=None, log_level=None, main=<bound method BuildVerb.main of <colcon_core.verb.build.BuildVerb object at 0x7f36e0528a30>>, merge_install=False, metas=['./colcon.meta'], mixin=None, mixin_files=None, mixin_verb=('build',), packages_above=None, packages_above_and_dependencies=None, packages_above_depth=None, packages_end=None, packages_ignore=None, packages_ignore_regex=None, packages_select=None, packages_select_build_failed=False, packages_select_by_dep=None, packages_select_regex=None, packages_select_test_failures=False, packages_skip=None, packages_skip_build_finished=False, packages_skip_by_dep=None, packages_skip_regex=None, packages_skip_test_passed=False, packages_skip_up_to=None, packages_start=None, packages_up_to=None, packages_up_to_regex=None, parallel_workers=24, paths=None, symlink_install=False, test_result_base=None, verb_extension=<colcon_core.verb.build.BuildVerb object at 0x7f36e0528a30>, verb_name='build', verb_parser=<colcon_mixin.mixin.mixin_argument.MixinArgumentDecorator object at 0x7f36e0534040>)
[0.144s] Level 1:colcon.colcon_core.package_discovery:discover_packages(colcon_meta) check parameters
[0.144s] INFO:colcon.colcon_metadata.package_discovery.colcon_meta:Using configuration from '/root/.colcon/metadata/default/Gazebo.meta'
[0.145s] INFO:colcon.colcon_metadata.package_discovery.colcon_meta:Using configuration from '/root/.colcon/metadata/default/fastrtps.meta'
[0.145s] Level 1:colcon.colcon_core.package_discovery:discover_packages(recursive) check parameters
[0.145s] Level 1:colcon.colcon_core.package_discovery:discover_packages(ignore) check parameters
[0.145s] Level 1:colcon.colcon_core.package_discovery:discover_packages(path) check parameters
[0.145s] Level 1:colcon.colcon_core.package_discovery:discover_packages(colcon_meta) discover
[0.145s] Level 1:colcon.colcon_core.package_discovery:discover_packages(recursive) discover
[0.145s] INFO:colcon.colcon_core.package_discovery:Crawling recursively for packages in '/FW_Control/src'
[0.145s] Level 1:colcon.colcon_core.package_identification:_identify(.) by extensions ['ignore', 'ignore_ament_install']
[0.145s] Level 1:colcon.colcon_core.package_identification:_identify(.) by extension 'ignore'
[0.145s] Level 1:colcon.colcon_core.package_identification:_identify(.) by extension 'ignore_ament_install'
[0.145s] Level 1:colcon.colcon_core.package_identification:_identify(.) by extensions ['colcon_pkg']
[0.145s] Level 1:colcon.colcon_core.package_identification:_identify(.) by extension 'colcon_pkg'
[0.145s] Level 1:colcon.colcon_core.package_identification:_identify(.) by extensions ['colcon_meta']
[0.145s] Level 1:colcon.colcon_core.package_identification:_identify(.) by extension 'colcon_meta'
[0.145s] Level 1:colcon.colcon_core.package_identification:_identify(.) by extensions ['ros']
[0.145s] Level 1:colcon.colcon_core.package_identification:_identify(.) by extension 'ros'
[0.154s] Level 1:colcon.colcon_core.package_identification:_identify(.) by extensions ['cmake', 'python']
[0.154s] Level 1:colcon.colcon_core.package_identification:_identify(.) by extension 'cmake'
[0.154s] Level 1:colcon.colcon_core.package_identification:_identify(.) by extension 'python'
[0.154s] Level 1:colcon.colcon_core.package_identification:_identify(.) by extensions ['python_setup_py']
[0.154s] Level 1:colcon.colcon_core.package_identification:_identify(.) by extension 'python_setup_py'
[0.154s] Level 1:colcon.colcon_core.package_identification:_identify(Docker) by extensions ['ignore', 'ignore_ament_install']
[0.154s] Level 1:colcon.colcon_core.package_identification:_identify(Docker) by extension 'ignore'
[0.154s] Level 1:colcon.colcon_core.package_identification:_identify(Docker) by extension 'ignore_ament_install'
[0.154s] Level 1:colcon.colcon_core.package_identification:_identify(Docker) by extensions ['colcon_pkg']
[0.155s] Level 1:colcon.colcon_core.package_identification:_identify(Docker) by extension 'colcon_pkg'
[0.155s] Level 1:colcon.colcon_core.package_identification:_identify(Docker) by extensions ['colcon_meta']
[0.155s] Level 1:colcon.colcon_core.package_identification:_identify(Docker) by extension 'colcon_meta'
[0.155s] Level 1:colcon.colcon_core.package_identification:_identify(Docker) by extensions ['ros']
[0.155s] Level 1:colcon.colcon_core.package_identification:_identify(Docker) by extension 'ros'
[0.155s] Level 1:colcon.colcon_core.package_identification:_identify(Docker) by extensions ['cmake', 'python']
[0.155s] Level 1:colcon.colcon_core.package_identification:_identify(Docker) by extension 'cmake'
[0.155s] Level 1:colcon.colcon_core.package_identification:_identify(Docker) by extension 'python'
[0.155s] Level 1:colcon.colcon_core.package_identification:_identify(Docker) by extensions ['python_setup_py']
[0.155s] Level 1:colcon.colcon_core.package_identification:_identify(Docker) by extension 'python_setup_py'
[0.155s] Level 1:colcon.colcon_core.package_identification:_identify(build) by extensions ['ignore', 'ignore_ament_install']
[0.155s] Level 1:colcon.colcon_core.package_identification:_identify(build) by extension 'ignore'
[0.155s] Level 1:colcon.colcon_core.package_identification:_identify(build) ignored
[0.155s] Level 1:colcon.colcon_core.package_identification:_identify(control) by extensions ['ignore', 'ignore_ament_install']
[0.155s] Level 1:colcon.colcon_core.package_identification:_identify(control) by extension 'ignore'
[0.155s] Level 1:colcon.colcon_core.package_identification:_identify(control) by extension 'ignore_ament_install'
[0.155s] Level 1:colcon.colcon_core.package_identification:_identify(control) by extensions ['colcon_pkg']
[0.155s] Level 1:colcon.colcon_core.package_identification:_identify(control) by extension 'colcon_pkg'
[0.155s] Level 1:colcon.colcon_core.package_identification:_identify(control) by extensions ['colcon_meta']
[0.155s] Level 1:colcon.colcon_core.package_identification:_identify(control) by extension 'colcon_meta'
[0.155s] Level 1:colcon.colcon_core.package_identification:_identify(control) by extensions ['ros']
[0.155s] Level 1:colcon.colcon_core.package_identification:_identify(control) by extension 'ros'
[0.156s] DEBUG:colcon.colcon_core.package_identification:Package 'control' with type 'ros.ament_python' and name 'control'
[0.156s] Level 1:colcon.colcon_core.package_identification:_identify(estimatestate) by extensions ['ignore', 'ignore_ament_install']
[0.156s] Level 1:colcon.colcon_core.package_identification:_identify(estimatestate) by extension 'ignore'
[0.156s] Level 1:colcon.colcon_core.package_identification:_identify(estimatestate) by extension 'ignore_ament_install'
[0.156s] Level 1:colcon.colcon_core.package_identification:_identify(estimatestate) by extensions ['colcon_pkg']
[0.156s] Level 1:colcon.colcon_core.package_identification:_identify(estimatestate) by extension 'colcon_pkg'
[0.156s] Level 1:colcon.colcon_core.package_identification:_identify(estimatestate) by extensions ['colcon_meta']
[0.156s] Level 1:colcon.colcon_core.package_identification:_identify(estimatestate) by extension 'colcon_meta'
[0.156s] Level 1:colcon.colcon_core.package_identification:_identify(estimatestate) by extensions ['ros']
[0.156s] Level 1:colcon.colcon_core.package_identification:_identify(estimatestate) by extension 'ros'
[0.156s] DEBUG:colcon.colcon_core.package_identification:Package 'estimatestate' with type 'ros.ament_python' and name 'estimatestate'
[0.157s] Level 1:colcon.colcon_core.package_identification:_identify(fw_msgs) by extensions ['ignore', 'ignore_ament_install']
[0.157s] Level 1:colcon.colcon_core.package_identification:_identify(fw_msgs) by extension 'ignore'
[0.157s] Level 1:colcon.colcon_core.package_identification:_identify(fw_msgs) by extension 'ignore_ament_install'
[0.157s] Level 1:colcon.colcon_core.package_identification:_identify(fw_msgs) by extensions ['colcon_pkg']
[0.157s] Level 1:colcon.colcon_core.package_identification:_identify(fw_msgs) by extension 'colcon_pkg'
[0.157s] Level 1:colcon.colcon_core.package_identification:_identify(fw_msgs) by extensions ['colcon_meta']
[0.157s] Level 1:colcon.colcon_core.package_identification:_identify(fw_msgs) by extension 'colcon_meta'
[0.157s] Level 1:colcon.colcon_core.package_identification:_identify(fw_msgs) by extensions ['ros']
[0.157s] Level 1:colcon.colcon_core.package_identification:_identify(fw_msgs) by extension 'ros'
[0.157s] DEBUG:colcon.colcon_core.package_identification:Package 'fw_msgs' with type 'ros.ament_cmake' and name 'fw_msgs'
[0.157s] Level 1:colcon.colcon_core.package_identification:_identify(install) by extensions ['ignore', 'ignore_ament_install']
[0.157s] Level 1:colcon.colcon_core.package_identification:_identify(install) by extension 'ignore'
[0.157s] Level 1:colcon.colcon_core.package_identification:_identify(install) ignored
[0.157s] Level 1:colcon.colcon_core.package_identification:_identify(launch) by extensions ['ignore', 'ignore_ament_install']
[0.157s] Level 1:colcon.colcon_core.package_identification:_identify(launch) by extension 'ignore'
[0.157s] Level 1:colcon.colcon_core.package_identification:_identify(launch) by extension 'ignore_ament_install'
[0.157s] Level 1:colcon.colcon_core.package_identification:_identify(launch) by extensions ['colcon_pkg']
[0.157s] Level 1:colcon.colcon_core.package_identification:_identify(launch) by extension 'colcon_pkg'
[0.157s] Level 1:colcon.colcon_core.package_identification:_identify(launch) by extensions ['colcon_meta']
[0.157s] Level 1:colcon.colcon_core.package_identification:_identify(launch) by extension 'colcon_meta'
[0.157s] Level 1:colcon.colcon_core.package_identification:_identify(launch) by extensions ['ros']
[0.157s] Level 1:colcon.colcon_core.package_identification:_identify(launch) by extension 'ros'
[0.157s] Level 1:colcon.colcon_core.package_identification:_identify(launch) by extensions ['cmake', 'python']
[0.157s] Level 1:colcon.colcon_core.package_identification:_identify(launch) by extension 'cmake'
[0.157s] Level 1:colcon.colcon_core.package_identification:_identify(launch) by extension 'python'
[0.157s] Level 1:colcon.colcon_core.package_identification:_identify(launch) by extensions ['python_setup_py']
[0.157s] Level 1:colcon.colcon_core.package_identification:_identify(launch) by extension 'python_setup_py'
[0.157s] Level 1:colcon.colcon_core.package_identification:_identify(log) by extensions ['ignore', 'ignore_ament_install']
[0.157s] Level 1:colcon.colcon_core.package_identification:_identify(log) by extension 'ignore'
[0.157s] Level 1:colcon.colcon_core.package_identification:_identify(log) ignored
[0.157s] Level 1:colcon.colcon_core.package_identification:_identify(ros2-vicon-receiver) by extensions ['ignore', 'ignore_ament_install']
[0.157s] Level 1:colcon.colcon_core.package_identification:_identify(ros2-vicon-receiver) by extension 'ignore'
[0.157s] Level 1:colcon.colcon_core.package_identification:_identify(ros2-vicon-receiver) by extension 'ignore_ament_install'
[0.157s] Level 1:colcon.colcon_core.package_identification:_identify(ros2-vicon-receiver) by extensions ['colcon_pkg']
[0.157s] Level 1:colcon.colcon_core.package_identification:_identify(ros2-vicon-receiver) by extension 'colcon_pkg'
[0.157s] Level 1:colcon.colcon_core.package_identification:_identify(ros2-vicon-receiver) by extensions ['colcon_meta']
[0.157s] Level 1:colcon.colcon_core.package_identification:_identify(ros2-vicon-receiver) by extension 'colcon_meta'
[0.157s] Level 1:colcon.colcon_core.package_identification:_identify(ros2-vicon-receiver) by extensions ['ros']
[0.158s] Level 1:colcon.colcon_core.package_identification:_identify(ros2-vicon-receiver) by extension 'ros'
[0.158s] Level 1:colcon.colcon_core.package_identification:_identify(ros2-vicon-receiver) by extensions ['cmake', 'python']
[0.158s] Level 1:colcon.colcon_core.package_identification:_identify(ros2-vicon-receiver) by extension 'cmake'
[0.158s] Level 1:colcon.colcon_core.package_identification:_identify(ros2-vicon-receiver) by extension 'python'
[0.158s] Level 1:colcon.colcon_core.package_identification:_identify(ros2-vicon-receiver) by extensions ['python_setup_py']
[0.158s] Level 1:colcon.colcon_core.package_identification:_identify(ros2-vicon-receiver) by extension 'python_setup_py'
[0.158s] Level 1:colcon.colcon_core.package_identification:_identify(ros2-vicon-receiver/DataStreamSDK_10.1) by extensions ['ignore', 'ignore_ament_install']
[0.158s] Level 1:colcon.colcon_core.package_identification:_identify(ros2-vicon-receiver/DataStreamSDK_10.1) by extension 'ignore'
[0.158s] Level 1:colcon.colcon_core.package_identification:_identify(ros2-vicon-receiver/DataStreamSDK_10.1) by extension 'ignore_ament_install'
[0.158s] Level 1:colcon.colcon_core.package_identification:_identify(ros2-vicon-receiver/DataStreamSDK_10.1) by extensions ['colcon_pkg']
[0.158s] Level 1:colcon.colcon_core.package_identification:_identify(ros2-vicon-receiver/DataStreamSDK_10.1) by extension 'colcon_pkg'
[0.158s] Level 1:colcon.colcon_core.package_identification:_identify(ros2-vicon-receiver/DataStreamSDK_10.1) by extensions ['colcon_meta']
[0.158s] Level 1:colcon.colcon_core.package_identification:_identify(ros2-vicon-receiver/DataStreamSDK_10.1) by extension 'colcon_meta'
[0.158s] Level 1:colcon.colcon_core.package_identification:_identify(ros2-vicon-receiver/DataStreamSDK_10.1) by extensions ['ros']
[0.158s] Level 1:colcon.colcon_core.package_identification:_identify(ros2-vicon-receiver/DataStreamSDK_10.1) by extension 'ros'
[0.158s] Level 1:colcon.colcon_core.package_identification:_identify(ros2-vicon-receiver/DataStreamSDK_10.1) by extensions ['cmake', 'python']
[0.158s] Level 1:colcon.colcon_core.package_identification:_identify(ros2-vicon-receiver/DataStreamSDK_10.1) by extension 'cmake'
[0.158s] Level 1:colcon.colcon_core.package_identification:_identify(ros2-vicon-receiver/DataStreamSDK_10.1) by extension 'python'
[0.158s] Level 1:colcon.colcon_core.package_identification:_identify(ros2-vicon-receiver/DataStreamSDK_10.1) by extensions ['python_setup_py']
[0.158s] Level 1:colcon.colcon_core.package_identification:_identify(ros2-vicon-receiver/DataStreamSDK_10.1) by extension 'python_setup_py'
[0.158s] Level 1:colcon.colcon_core.package_identification:_identify(ros2-vicon-receiver/vicon_receiver) by extensions ['ignore', 'ignore_ament_install']
[0.158s] Level 1:colcon.colcon_core.package_identification:_identify(ros2-vicon-receiver/vicon_receiver) by extension 'ignore'
[0.158s] Level 1:colcon.colcon_core.package_identification:_identify(ros2-vicon-receiver/vicon_receiver) by extension 'ignore_ament_install'
[0.158s] Level 1:colcon.colcon_core.package_identification:_identify(ros2-vicon-receiver/vicon_receiver) by extensions ['colcon_pkg']
[0.158s] Level 1:colcon.colcon_core.package_identification:_identify(ros2-vicon-receiver/vicon_receiver) by extension 'colcon_pkg'
[0.158s] Level 1:colcon.colcon_core.package_identification:_identify(ros2-vicon-receiver/vicon_receiver) by extensions ['colcon_meta']
[0.158s] Level 1:colcon.colcon_core.package_identification:_identify(ros2-vicon-receiver/vicon_receiver) by extension 'colcon_meta'
[0.158s] Level 1:colcon.colcon_core.package_identification:_identify(ros2-vicon-receiver/vicon_receiver) by extensions ['ros']
[0.158s] Level 1:colcon.colcon_core.package_identification:_identify(ros2-vicon-receiver/vicon_receiver) by extension 'ros'
[0.158s] DEBUG:colcon.colcon_core.package_identification:Package 'ros2-vicon-receiver/vicon_receiver' with type 'ros.ament_cmake' and name 'vicon_receiver'
[0.158s] Level 1:colcon.colcon_core.package_identification:_identify(serial2arduino) by extensions ['ignore', 'ignore_ament_install']
[0.158s] Level 1:colcon.colcon_core.package_identification:_identify(serial2arduino) by extension 'ignore'
[0.158s] Level 1:colcon.colcon_core.package_identification:_identify(serial2arduino) by extension 'ignore_ament_install'
[0.158s] Level 1:colcon.colcon_core.package_identification:_identify(serial2arduino) by extensions ['colcon_pkg']
[0.158s] Level 1:colcon.colcon_core.package_identification:_identify(serial2arduino) by extension 'colcon_pkg'
[0.158s] Level 1:colcon.colcon_core.package_identification:_identify(serial2arduino) by extensions ['colcon_meta']
[0.158s] Level 1:colcon.colcon_core.package_identification:_identify(serial2arduino) by extension 'colcon_meta'
[0.158s] Level 1:colcon.colcon_core.package_identification:_identify(serial2arduino) by extensions ['ros']
[0.158s] Level 1:colcon.colcon_core.package_identification:_identify(serial2arduino) by extension 'ros'
[0.159s] DEBUG:colcon.colcon_core.package_identification:Package 'serial2arduino' with type 'ros.ament_python' and name 'serial2arduino'
[0.159s] Level 1:colcon.colcon_core.package_discovery:discover_packages(recursive) using defaults
[0.159s] Level 1:colcon.colcon_core.package_discovery:discover_packages(ignore) discover
[0.159s] Level 1:colcon.colcon_core.package_discovery:discover_packages(ignore) using defaults
[0.159s] Level 1:colcon.colcon_core.package_discovery:discover_packages(path) discover
[0.159s] Level 1:colcon.colcon_core.package_discovery:discover_packages(path) using defaults
[0.168s] Level 5:colcon.colcon_core.verb:set package 'estimatestate' build argument 'cmake_args' from command line to 'None'
[0.168s] Level 5:colcon.colcon_core.verb:set package 'estimatestate' build argument 'cmake_target' from command line to 'None'
[0.168s] Level 5:colcon.colcon_core.verb:set package 'estimatestate' build argument 'cmake_target_skip_unavailable' from command line to 'False'
[0.168s] Level 5:colcon.colcon_core.verb:set package 'estimatestate' build argument 'cmake_clean_cache' from command line to 'False'
[0.168s] Level 5:colcon.colcon_core.verb:set package 'estimatestate' build argument 'cmake_clean_first' from command line to 'False'
[0.168s] Level 5:colcon.colcon_core.verb:set package 'estimatestate' build argument 'cmake_force_configure' from command line to 'False'
[0.168s] Level 5:colcon.colcon_core.verb:set package 'estimatestate' build argument 'ament_cmake_args' from command line to 'None'
[0.168s] Level 5:colcon.colcon_core.verb:set package 'estimatestate' build argument 'catkin_cmake_args' from command line to 'None'
[0.168s] Level 5:colcon.colcon_core.verb:set package 'estimatestate' build argument 'catkin_skip_building_tests' from command line to 'False'
[0.168s] DEBUG:colcon.colcon_core.verb:Building package 'estimatestate' with the following arguments: {'ament_cmake_args': None, 'build_base': '/FW_Control/src/build/estimatestate', 'catkin_cmake_args': None, 'catkin_skip_building_tests': False, 'cmake_args': None, 'cmake_clean_cache': False, 'cmake_clean_first': False, 'cmake_force_configure': False, 'cmake_target': None, 'cmake_target_skip_unavailable': False, 'install_base': '/FW_Control/src/install/estimatestate', 'merge_install': False, 'path': '/FW_Control/src/estimatestate', 'symlink_install': False, 'test_result_base': None}
[0.169s] Level 5:colcon.colcon_core.verb:set package 'fw_msgs' build argument 'cmake_args' from command line to 'None'
[0.169s] Level 5:colcon.colcon_core.verb:set package 'fw_msgs' build argument 'cmake_target' from command line to 'None'
[0.169s] Level 5:colcon.colcon_core.verb:set package 'fw_msgs' build argument 'cmake_target_skip_unavailable' from command line to 'False'
[0.169s] Level 5:colcon.colcon_core.verb:set package 'fw_msgs' build argument 'cmake_clean_cache' from command line to 'False'
[0.169s] Level 5:colcon.colcon_core.verb:set package 'fw_msgs' build argument 'cmake_clean_first' from command line to 'False'
[0.169s] Level 5:colcon.colcon_core.verb:set package 'fw_msgs' build argument 'cmake_force_configure' from command line to 'False'
[0.169s] Level 5:colcon.colcon_core.verb:set package 'fw_msgs' build argument 'ament_cmake_args' from command line to 'None'
[0.169s] Level 5:colcon.colcon_core.verb:set package 'fw_msgs' build argument 'catkin_cmake_args' from command line to 'None'
[0.169s] Level 5:colcon.colcon_core.verb:set package 'fw_msgs' build argument 'catkin_skip_building_tests' from command line to 'False'
[0.169s] DEBUG:colcon.colcon_core.verb:Building package 'fw_msgs' with the following arguments: {'ament_cmake_args': None, 'build_base': '/FW_Control/src/build/fw_msgs', 'catkin_cmake_args': None, 'catkin_skip_building_tests': False, 'cmake_args': None, 'cmake_clean_cache': False, 'cmake_clean_first': False, 'cmake_force_configure': False, 'cmake_target': None, 'cmake_target_skip_unavailable': False, 'install_base': '/FW_Control/src/install/fw_msgs', 'merge_install': False, 'path': '/FW_Control/src/fw_msgs', 'symlink_install': False, 'test_result_base': None}
[0.169s] Level 5:colcon.colcon_core.verb:set package 'vicon_receiver' build argument 'cmake_args' from command line to 'None'
[0.169s] Level 5:colcon.colcon_core.verb:set package 'vicon_receiver' build argument 'cmake_target' from command line to 'None'
[0.169s] Level 5:colcon.colcon_core.verb:set package 'vicon_receiver' build argument 'cmake_target_skip_unavailable' from command line to 'False'
[0.169s] Level 5:colcon.colcon_core.verb:set package 'vicon_receiver' build argument 'cmake_clean_cache' from command line to 'False'
[0.169s] Level 5:colcon.colcon_core.verb:set package 'vicon_receiver' build argument 'cmake_clean_first' from command line to 'False'
[0.169s] Level 5:colcon.colcon_core.verb:set package 'vicon_receiver' build argument 'cmake_force_configure' from command line to 'False'
[0.169s] Level 5:colcon.colcon_core.verb:set package 'vicon_receiver' build argument 'ament_cmake_args' from command line to 'None'
[0.169s] Level 5:colcon.colcon_core.verb:set package 'vicon_receiver' build argument 'catkin_cmake_args' from command line to 'None'
[0.169s] Level 5:colcon.colcon_core.verb:set package 'vicon_receiver' build argument 'catkin_skip_building_tests' from command line to 'False'
[0.169s] DEBUG:colcon.colcon_core.verb:Building package 'vicon_receiver' with the following arguments: {'ament_cmake_args': None, 'build_base': '/FW_Control/src/build/vicon_receiver', 'catkin_cmake_args': None, 'catkin_skip_building_tests': False, 'cmake_args': None, 'cmake_clean_cache': False, 'cmake_clean_first': False, 'cmake_force_configure': False, 'cmake_target': None, 'cmake_target_skip_unavailable': False, 'install_base': '/FW_Control/src/install/vicon_receiver', 'merge_install': False, 'path': '/FW_Control/src/ros2-vicon-receiver/vicon_receiver', 'symlink_install': False, 'test_result_base': None}
[0.170s] Level 5:colcon.colcon_core.verb:set package 'control' build argument 'cmake_args' from command line to 'None'
[0.170s] Level 5:colcon.colcon_core.verb:set package 'control' build argument 'cmake_target' from command line to 'None'
[0.170s] Level 5:colcon.colcon_core.verb:set package 'control' build argument 'cmake_target_skip_unavailable' from command line to 'False'
[0.170s] Level 5:colcon.colcon_core.verb:set package 'control' build argument 'cmake_clean_cache' from command line to 'False'
[0.170s] Level 5:colcon.colcon_core.verb:set package 'control' build argument 'cmake_clean_first' from command line to 'False'
[0.170s] Level 5:colcon.colcon_core.verb:set package 'control' build argument 'cmake_force_configure' from command line to 'False'
[0.170s] Level 5:colcon.colcon_core.verb:set package 'control' build argument 'ament_cmake_args' from command line to 'None'
[0.170s] Level 5:colcon.colcon_core.verb:set package 'control' build argument 'catkin_cmake_args' from command line to 'None'
[0.170s] Level 5:colcon.colcon_core.verb:set package 'control' build argument 'catkin_skip_building_tests' from command line to 'False'
[0.170s] DEBUG:colcon.colcon_core.verb:Building package 'control' with the following arguments: {'ament_cmake_args': None, 'build_base': '/FW_Control/src/build/control', 'catkin_cmake_args': None, 'catkin_skip_building_tests': False, 'cmake_args': None, 'cmake_clean_cache': False, 'cmake_clean_first': False, 'cmake_force_configure': False, 'cmake_target': None, 'cmake_target_skip_unavailable': False, 'install_base': '/FW_Control/src/install/control', 'merge_install': False, 'path': '/FW_Control/src/control', 'symlink_install': False, 'test_result_base': None}
[0.170s] Level 5:colcon.colcon_core.verb:set package 'serial2arduino' build argument 'cmake_args' from command line to 'None'
[0.170s] Level 5:colcon.colcon_core.verb:set package 'serial2arduino' build argument 'cmake_target' from command line to 'None'
[0.170s] Level 5:colcon.colcon_core.verb:set package 'serial2arduino' build argument 'cmake_target_skip_unavailable' from command line to 'False'
[0.170s] Level 5:colcon.colcon_core.verb:set package 'serial2arduino' build argument 'cmake_clean_cache' from command line to 'False'
[0.170s] Level 5:colcon.colcon_core.verb:set package 'serial2arduino' build argument 'cmake_clean_first' from command line to 'False'
[0.170s] Level 5:colcon.colcon_core.verb:set package 'serial2arduino' build argument 'cmake_force_configure' from command line to 'False'
[0.170s] Level 5:colcon.colcon_core.verb:set package 'serial2arduino' build argument 'ament_cmake_args' from command line to 'None'
[0.170s] Level 5:colcon.colcon_core.verb:set package 'serial2arduino' build argument 'catkin_cmake_args' from command line to 'None'
[0.170s] Level 5:colcon.colcon_core.verb:set package 'serial2arduino' build argument 'catkin_skip_building_tests' from command line to 'False'
[0.170s] DEBUG:colcon.colcon_core.verb:Building package 'serial2arduino' with the following arguments: {'ament_cmake_args': None, 'build_base': '/FW_Control/src/build/serial2arduino', 'catkin_cmake_args': None, 'catkin_skip_building_tests': False, 'cmake_args': None, 'cmake_clean_cache': False, 'cmake_clean_first': False, 'cmake_force_configure': False, 'cmake_target': None, 'cmake_target_skip_unavailable': False, 'install_base': '/FW_Control/src/install/serial2arduino', 'merge_install': False, 'path': '/FW_Control/src/serial2arduino', 'symlink_install': False, 'test_result_base': None}
[0.170s] INFO:colcon.colcon_core.executor:Executing jobs using 'parallel' executor
[0.172s] DEBUG:colcon.colcon_parallel_executor.executor.parallel:run_until_complete
[0.172s] INFO:colcon.colcon_ros.task.ament_cmake.build:Building ROS package in '/FW_Control/src/fw_msgs' with build type 'ament_cmake'
[0.172s] INFO:colcon.colcon_cmake.task.cmake.build:Building CMake package in '/FW_Control/src/fw_msgs'
[0.174s] INFO:colcon.colcon_core.plugin_system:Skipping extension 'colcon_core.shell.bat': Not used on non-Windows systems
[0.174s] INFO:colcon.colcon_core.shell:Skip shell extension 'powershell' for command environment: Not usable outside of PowerShell
[0.174s] DEBUG:colcon.colcon_core.shell:Skip shell extension 'dsv' for command environment
[0.178s] INFO:colcon.colcon_ros.task.ament_cmake.build:Building ROS package in '/FW_Control/src/ros2-vicon-receiver/vicon_receiver' with build type 'ament_cmake'
[0.178s] INFO:colcon.colcon_cmake.task.cmake.build:Building CMake package in '/FW_Control/src/ros2-vicon-receiver/vicon_receiver'
[0.179s] INFO:colcon.colcon_core.shell:Skip shell extension 'powershell' for command environment: Not usable outside of PowerShell
[0.179s] DEBUG:colcon.colcon_core.shell:Skip shell extension 'dsv' for command environment
[0.182s] INFO:colcon.colcon_ros.task.ament_python.build:Building ROS package in '/FW_Control/src/estimatestate' with build type 'ament_python'
[0.182s] Level 1:colcon.colcon_core.shell:create_environment_hook('estimatestate', 'ament_prefix_path')
[0.183s] INFO:colcon.colcon_core.shell:Creating environment hook '/FW_Control/src/install/estimatestate/share/estimatestate/hook/ament_prefix_path.ps1'
[0.184s] INFO:colcon.colcon_core.shell:Creating environment descriptor '/FW_Control/src/install/estimatestate/share/estimatestate/hook/ament_prefix_path.dsv'
[0.184s] INFO:colcon.colcon_core.shell:Creating environment hook '/FW_Control/src/install/estimatestate/share/estimatestate/hook/ament_prefix_path.sh'
[0.184s] INFO:colcon.colcon_core.shell:Skip shell extension 'powershell' for command environment: Not usable outside of PowerShell
[0.184s] DEBUG:colcon.colcon_core.shell:Skip shell extension 'dsv' for command environment
[0.190s] DEBUG:colcon.colcon_core.event_handler.log_command:Invoking command in '/FW_Control/src/build/fw_msgs': CMAKE_PREFIX_PATH=${CMAKE_PREFIX_PATH}:/FW_Control/install/control:/FW_Control/install/serial2arduino:/FW_Control/install/estimatestate:/opt/ros/foxy /usr/bin/cmake /FW_Control/src/fw_msgs -DCMAKE_INSTALL_PREFIX=/FW_Control/src/install/fw_msgs
[0.193s] DEBUG:colcon.colcon_core.event_handler.log_command:Invoking command in '/FW_Control/src/build/vicon_receiver': CMAKE_PREFIX_PATH=${CMAKE_PREFIX_PATH}:/FW_Control/install/control:/FW_Control/install/serial2arduino:/FW_Control/install/estimatestate:/opt/ros/foxy /usr/bin/cmake /FW_Control/src/ros2-vicon-receiver/vicon_receiver -DCMAKE_INSTALL_PREFIX=/FW_Control/src/install/vicon_receiver
[0.287s] INFO:colcon.colcon_core.task.python.build:Building Python package in '/FW_Control/src/estimatestate'
[0.288s] INFO:colcon.colcon_core.shell:Skip shell extension 'powershell' for command environment: Not usable outside of PowerShell
[0.288s] DEBUG:colcon.colcon_core.shell:Skip shell extension 'dsv' for command environment
[0.459s] DEBUG:colcon.colcon_core.event_handler.log_command:Invoking command in '/FW_Control/src/estimatestate': PYTHONPATH=/FW_Control/src/build/estimatestate/prefix_override:/FW_Control/src/install/estimatestate/lib/python3.8/site-packages:${PYTHONPATH} /usr/bin/python3 setup.py egg_info --egg-base ../build/estimatestate build --build-base /FW_Control/src/build/estimatestate/build install --record /FW_Control/src/build/estimatestate/install.log --install-scripts $base/lib/estimatestate --single-version-externally-managed
[0.583s] DEBUG:colcon.colcon_core.event_handler.log_command:Invoked command in '/FW_Control/src/estimatestate' returned '0': PYTHONPATH=/FW_Control/src/build/estimatestate/prefix_override:/FW_Control/src/install/estimatestate/lib/python3.8/site-packages:${PYTHONPATH} /usr/bin/python3 setup.py egg_info --egg-base ../build/estimatestate build --build-base /FW_Control/src/build/estimatestate/build install --record /FW_Control/src/build/estimatestate/install.log --install-scripts $base/lib/estimatestate --single-version-externally-managed
[0.586s] Level 1:colcon.colcon_core.environment:checking '/FW_Control/src/install/estimatestate' for CMake module files
[0.586s] Level 1:colcon.colcon_core.environment:checking '/FW_Control/src/install/estimatestate' for CMake config files
[0.586s] Level 1:colcon.colcon_core.environment:checking '/FW_Control/src/install/estimatestate/lib'
[0.586s] Level 1:colcon.colcon_core.environment:checking '/FW_Control/src/install/estimatestate/bin'
[0.586s] Level 1:colcon.colcon_core.environment:checking '/FW_Control/src/install/estimatestate/lib/pkgconfig/estimatestate.pc'
[0.587s] Level 1:colcon.colcon_core.environment:checking '/FW_Control/src/install/estimatestate/lib/python3.8/site-packages'
[0.587s] Level 1:colcon.colcon_core.shell:create_environment_hook('estimatestate', 'pythonpath')
[0.587s] INFO:colcon.colcon_core.shell:Creating environment hook '/FW_Control/src/install/estimatestate/share/estimatestate/hook/pythonpath.ps1'
[0.587s] INFO:colcon.colcon_core.shell:Creating environment descriptor '/FW_Control/src/install/estimatestate/share/estimatestate/hook/pythonpath.dsv'
[0.587s] INFO:colcon.colcon_core.shell:Creating environment hook '/FW_Control/src/install/estimatestate/share/estimatestate/hook/pythonpath.sh'
[0.588s] Level 1:colcon.colcon_core.environment:checking '/FW_Control/src/install/estimatestate/bin'
[0.588s] Level 1:colcon.colcon_core.environment:create_environment_scripts_only(estimatestate)
[0.588s] INFO:colcon.colcon_core.shell:Creating package script '/FW_Control/src/install/estimatestate/share/estimatestate/package.ps1'
[0.589s] INFO:colcon.colcon_core.shell:Creating package descriptor '/FW_Control/src/install/estimatestate/share/estimatestate/package.dsv'
[0.589s] INFO:colcon.colcon_core.shell:Creating package script '/FW_Control/src/install/estimatestate/share/estimatestate/package.sh'
[0.589s] INFO:colcon.colcon_core.shell:Creating package script '/FW_Control/src/install/estimatestate/share/estimatestate/package.bash'
[0.589s] INFO:colcon.colcon_core.shell:Creating package script '/FW_Control/src/install/estimatestate/share/estimatestate/package.zsh'
[0.590s] Level 1:colcon.colcon_core.environment:create_file_with_runtime_dependencies(/FW_Control/src/install/estimatestate/share/colcon-core/packages/estimatestate)
[0.919s] DEBUG:colcon.colcon_core.event_handler.log_command:Invoked command in '/FW_Control/src/build/fw_msgs' returned '0': CMAKE_PREFIX_PATH=${CMAKE_PREFIX_PATH}:/FW_Control/install/control:/FW_Control/install/serial2arduino:/FW_Control/install/estimatestate:/opt/ros/foxy /usr/bin/cmake /FW_Control/src/fw_msgs -DCMAKE_INSTALL_PREFIX=/FW_Control/src/install/fw_msgs
[0.919s] DEBUG:colcon.colcon_core.event_handler.log_command:Invoking command in '/FW_Control/src/build/fw_msgs': CMAKE_PREFIX_PATH=${CMAKE_PREFIX_PATH}:/FW_Control/install/control:/FW_Control/install/serial2arduino:/FW_Control/install/estimatestate:/opt/ros/foxy /usr/bin/cmake --build /FW_Control/src/build/fw_msgs -- -j24 -l24
[1.190s] DEBUG:colcon.colcon_core.event_handler.log_command:Invoked command in '/FW_Control/src/build/vicon_receiver' returned '0': CMAKE_PREFIX_PATH=${CMAKE_PREFIX_PATH}:/FW_Control/install/control:/FW_Control/install/serial2arduino:/FW_Control/install/estimatestate:/opt/ros/foxy /usr/bin/cmake /FW_Control/src/ros2-vicon-receiver/vicon_receiver -DCMAKE_INSTALL_PREFIX=/FW_Control/src/install/vicon_receiver
[1.191s] DEBUG:colcon.colcon_core.event_handler.log_command:Invoking command in '/FW_Control/src/build/vicon_receiver': CMAKE_PREFIX_PATH=${CMAKE_PREFIX_PATH}:/FW_Control/install/control:/FW_Control/install/serial2arduino:/FW_Control/install/estimatestate:/opt/ros/foxy /usr/bin/cmake --build /FW_Control/src/build/vicon_receiver -- -j24 -l24
[2.482s] DEBUG:colcon.colcon_core.event_handler.log_command:Invoked command in '/FW_Control/src/build/fw_msgs' returned '0': CMAKE_PREFIX_PATH=${CMAKE_PREFIX_PATH}:/FW_Control/install/control:/FW_Control/install/serial2arduino:/FW_Control/install/estimatestate:/opt/ros/foxy /usr/bin/cmake --build /FW_Control/src/build/fw_msgs -- -j24 -l24
[2.529s] DEBUG:colcon.colcon_core.event_handler.log_command:Invoking command in '/FW_Control/src/build/fw_msgs': CMAKE_PREFIX_PATH=${CMAKE_PREFIX_PATH}:/FW_Control/install/control:/FW_Control/install/serial2arduino:/FW_Control/install/estimatestate:/opt/ros/foxy /usr/bin/cmake --install /FW_Control/src/build/fw_msgs
[2.561s] Level 1:colcon.colcon_core.environment:create_environment_scripts_only(fw_msgs)
[2.563s] Level 1:colcon.colcon_core.environment:checking '/FW_Control/src/install/fw_msgs' for CMake module files
[2.563s] DEBUG:colcon.colcon_core.event_handler.log_command:Invoked command in '/FW_Control/src/build/fw_msgs' returned '0': CMAKE_PREFIX_PATH=${CMAKE_PREFIX_PATH}:/FW_Control/install/control:/FW_Control/install/serial2arduino:/FW_Control/install/estimatestate:/opt/ros/foxy /usr/bin/cmake --install /FW_Control/src/build/fw_msgs
[2.563s] Level 1:colcon.colcon_core.environment:checking '/FW_Control/src/install/fw_msgs' for CMake config files
[2.563s] Level 1:colcon.colcon_core.shell:create_environment_hook('fw_msgs', 'cmake_prefix_path')
[2.564s] INFO:colcon.colcon_core.shell:Creating environment hook '/FW_Control/src/install/fw_msgs/share/fw_msgs/hook/cmake_prefix_path.ps1'
[2.564s] INFO:colcon.colcon_core.shell:Creating environment descriptor '/FW_Control/src/install/fw_msgs/share/fw_msgs/hook/cmake_prefix_path.dsv'
[2.564s] INFO:colcon.colcon_core.shell:Creating environment hook '/FW_Control/src/install/fw_msgs/share/fw_msgs/hook/cmake_prefix_path.sh'
[2.565s] Level 1:colcon.colcon_core.environment:checking '/FW_Control/src/install/fw_msgs/lib'
[2.565s] Level 1:colcon.colcon_core.shell:create_environment_hook('fw_msgs', 'ld_library_path_lib')
[2.565s] INFO:colcon.colcon_core.shell:Creating environment hook '/FW_Control/src/install/fw_msgs/share/fw_msgs/hook/ld_library_path_lib.ps1'
[2.565s] INFO:colcon.colcon_core.shell:Creating environment descriptor '/FW_Control/src/install/fw_msgs/share/fw_msgs/hook/ld_library_path_lib.dsv'
[2.566s] INFO:colcon.colcon_core.shell:Creating environment hook '/FW_Control/src/install/fw_msgs/share/fw_msgs/hook/ld_library_path_lib.sh'
[2.566s] Level 1:colcon.colcon_core.environment:checking '/FW_Control/src/install/fw_msgs/bin'
[2.566s] Level 1:colcon.colcon_core.environment:checking '/FW_Control/src/install/fw_msgs/lib/pkgconfig/fw_msgs.pc'
[2.566s] Level 1:colcon.colcon_core.environment:checking '/FW_Control/src/install/fw_msgs/lib/python3.8/site-packages'
[2.566s] Level 1:colcon.colcon_core.shell:create_environment_hook('fw_msgs', 'pythonpath')
[2.566s] INFO:colcon.colcon_core.shell:Creating environment hook '/FW_Control/src/install/fw_msgs/share/fw_msgs/hook/pythonpath.ps1'
[2.567s] INFO:colcon.colcon_core.shell:Creating environment descriptor '/FW_Control/src/install/fw_msgs/share/fw_msgs/hook/pythonpath.dsv'
[2.567s] INFO:colcon.colcon_core.shell:Creating environment hook '/FW_Control/src/install/fw_msgs/share/fw_msgs/hook/pythonpath.sh'
[2.567s] Level 1:colcon.colcon_core.environment:checking '/FW_Control/src/install/fw_msgs/bin'
[2.567s] INFO:colcon.colcon_core.shell:Creating package script '/FW_Control/src/install/fw_msgs/share/fw_msgs/package.ps1'
[2.568s] INFO:colcon.colcon_core.shell:Creating package descriptor '/FW_Control/src/install/fw_msgs/share/fw_msgs/package.dsv'
[2.568s] INFO:colcon.colcon_core.shell:Creating package script '/FW_Control/src/install/fw_msgs/share/fw_msgs/package.sh'
[2.568s] INFO:colcon.colcon_core.shell:Creating package script '/FW_Control/src/install/fw_msgs/share/fw_msgs/package.bash'
[2.568s] INFO:colcon.colcon_core.shell:Creating package script '/FW_Control/src/install/fw_msgs/share/fw_msgs/package.zsh'
[2.568s] Level 1:colcon.colcon_core.environment:create_file_with_runtime_dependencies(/FW_Control/src/install/fw_msgs/share/colcon-core/packages/fw_msgs)
[2.608s] Level 1:colcon.colcon_core.environment:create_environment_scripts_only(fw_msgs)
[2.609s] Level 1:colcon.colcon_core.environment:checking '/FW_Control/src/install/fw_msgs' for CMake module files
[2.610s] Level 1:colcon.colcon_core.environment:checking '/FW_Control/src/install/fw_msgs' for CMake config files
[2.610s] Level 1:colcon.colcon_core.shell:create_environment_hook('fw_msgs', 'cmake_prefix_path')
[2.610s] INFO:colcon.colcon_core.shell:Creating environment hook '/FW_Control/src/install/fw_msgs/share/fw_msgs/hook/cmake_prefix_path.ps1'
[2.611s] INFO:colcon.colcon_core.shell:Creating environment descriptor '/FW_Control/src/install/fw_msgs/share/fw_msgs/hook/cmake_prefix_path.dsv'
[2.611s] INFO:colcon.colcon_core.shell:Creating environment hook '/FW_Control/src/install/fw_msgs/share/fw_msgs/hook/cmake_prefix_path.sh'
[2.611s] Level 1:colcon.colcon_core.environment:checking '/FW_Control/src/install/fw_msgs/lib'
[2.611s] Level 1:colcon.colcon_core.shell:create_environment_hook('fw_msgs', 'ld_library_path_lib')
[2.612s] INFO:colcon.colcon_core.shell:Creating environment hook '/FW_Control/src/install/fw_msgs/share/fw_msgs/hook/ld_library_path_lib.ps1'
[2.612s] INFO:colcon.colcon_core.shell:Creating environment descriptor '/FW_Control/src/install/fw_msgs/share/fw_msgs/hook/ld_library_path_lib.dsv'
[2.612s] INFO:colcon.colcon_core.shell:Creating environment hook '/FW_Control/src/install/fw_msgs/share/fw_msgs/hook/ld_library_path_lib.sh'
[2.612s] Level 1:colcon.colcon_core.environment:checking '/FW_Control/src/install/fw_msgs/bin'
[2.612s] Level 1:colcon.colcon_core.environment:checking '/FW_Control/src/install/fw_msgs/lib/pkgconfig/fw_msgs.pc'
[2.612s] Level 1:colcon.colcon_core.environment:checking '/FW_Control/src/install/fw_msgs/lib/python3.8/site-packages'
[2.612s] Level 1:colcon.colcon_core.shell:create_environment_hook('fw_msgs', 'pythonpath')
[2.613s] INFO:colcon.colcon_core.shell:Creating environment hook '/FW_Control/src/install/fw_msgs/share/fw_msgs/hook/pythonpath.ps1'
[2.613s] INFO:colcon.colcon_core.shell:Creating environment descriptor '/FW_Control/src/install/fw_msgs/share/fw_msgs/hook/pythonpath.dsv'
[2.613s] INFO:colcon.colcon_core.shell:Creating environment hook '/FW_Control/src/install/fw_msgs/share/fw_msgs/hook/pythonpath.sh'
[2.613s] Level 1:colcon.colcon_core.environment:checking '/FW_Control/src/install/fw_msgs/bin'
[2.614s] INFO:colcon.colcon_core.shell:Creating package script '/FW_Control/src/install/fw_msgs/share/fw_msgs/package.ps1'
[2.614s] INFO:colcon.colcon_core.shell:Creating package descriptor '/FW_Control/src/install/fw_msgs/share/fw_msgs/package.dsv'
[2.614s] INFO:colcon.colcon_core.shell:Creating package script '/FW_Control/src/install/fw_msgs/share/fw_msgs/package.sh'
[2.614s] INFO:colcon.colcon_core.shell:Creating package script '/FW_Control/src/install/fw_msgs/share/fw_msgs/package.bash'
[2.615s] INFO:colcon.colcon_core.shell:Creating package script '/FW_Control/src/install/fw_msgs/share/fw_msgs/package.zsh'
[2.615s] Level 1:colcon.colcon_core.environment:create_file_with_runtime_dependencies(/FW_Control/src/install/fw_msgs/share/colcon-core/packages/fw_msgs)
[2.615s] INFO:colcon.colcon_ros.task.ament_python.build:Building ROS package in '/FW_Control/src/serial2arduino' with build type 'ament_python'
[2.615s] Level 1:colcon.colcon_core.shell:create_environment_hook('serial2arduino', 'ament_prefix_path')
[2.615s] INFO:colcon.colcon_core.shell:Creating environment hook '/FW_Control/src/install/serial2arduino/share/serial2arduino/hook/ament_prefix_path.ps1'
[2.616s] INFO:colcon.colcon_core.shell:Creating environment descriptor '/FW_Control/src/install/serial2arduino/share/serial2arduino/hook/ament_prefix_path.dsv'
[2.616s] INFO:colcon.colcon_core.shell:Creating environment hook '/FW_Control/src/install/serial2arduino/share/serial2arduino/hook/ament_prefix_path.sh'
[2.617s] INFO:colcon.colcon_core.shell:Skip shell extension 'powershell' for command environment: Not usable outside of PowerShell
[2.617s] DEBUG:colcon.colcon_core.shell:Skip shell extension 'dsv' for command environment
[2.716s] INFO:colcon.colcon_core.task.python.build:Building Python package in '/FW_Control/src/serial2arduino'
[2.717s] INFO:colcon.colcon_core.shell:Skip shell extension 'powershell' for command environment: Not usable outside of PowerShell
[2.717s] DEBUG:colcon.colcon_core.shell:Skip shell extension 'dsv' for command environment
[2.893s] DEBUG:colcon.colcon_core.event_handler.log_command:Invoking command in '/FW_Control/src/serial2arduino': AMENT_PREFIX_PATH=/FW_Control/src/install/fw_msgs:${AMENT_PREFIX_PATH} CMAKE_PREFIX_PATH=/FW_Control/src/install/fw_msgs:${CMAKE_PREFIX_PATH} LD_LIBRARY_PATH=/FW_Control/src/install/fw_msgs/lib:${LD_LIBRARY_PATH} PYTHONPATH=/FW_Control/src/build/serial2arduino/prefix_override:/FW_Control/src/install/serial2arduino/lib/python3.8/site-packages:/FW_Control/src/install/fw_msgs/lib/python3.8/site-packages:${PYTHONPATH} /usr/bin/python3 setup.py egg_info --egg-base ../build/serial2arduino build --build-base /FW_Control/src/build/serial2arduino/build install --record /FW_Control/src/build/serial2arduino/install.log --install-scripts $base/lib/serial2arduino --single-version-externally-managed
[3.017s] Level 1:colcon.colcon_core.environment:checking '/FW_Control/src/install/serial2arduino' for CMake module files
[3.018s] DEBUG:colcon.colcon_core.event_handler.log_command:Invoked command in '/FW_Control/src/serial2arduino' returned '0': AMENT_PREFIX_PATH=/FW_Control/src/install/fw_msgs:${AMENT_PREFIX_PATH} CMAKE_PREFIX_PATH=/FW_Control/src/install/fw_msgs:${CMAKE_PREFIX_PATH} LD_LIBRARY_PATH=/FW_Control/src/install/fw_msgs/lib:${LD_LIBRARY_PATH} PYTHONPATH=/FW_Control/src/build/serial2arduino/prefix_override:/FW_Control/src/install/serial2arduino/lib/python3.8/site-packages:/FW_Control/src/install/fw_msgs/lib/python3.8/site-packages:${PYTHONPATH} /usr/bin/python3 setup.py egg_info --egg-base ../build/serial2arduino build --build-base /FW_Control/src/build/serial2arduino/build install --record /FW_Control/src/build/serial2arduino/install.log --install-scripts $base/lib/serial2arduino --single-version-externally-managed
[3.018s] Level 1:colcon.colcon_core.environment:checking '/FW_Control/src/install/serial2arduino' for CMake config files
[3.018s] Level 1:colcon.colcon_core.environment:checking '/FW_Control/src/install/serial2arduino/lib'
[3.018s] Level 1:colcon.colcon_core.environment:checking '/FW_Control/src/install/serial2arduino/bin'
[3.018s] Level 1:colcon.colcon_core.environment:checking '/FW_Control/src/install/serial2arduino/lib/pkgconfig/serial2arduino.pc'
[3.019s] Level 1:colcon.colcon_core.environment:checking '/FW_Control/src/install/serial2arduino/lib/python3.8/site-packages'
[3.019s] Level 1:colcon.colcon_core.shell:create_environment_hook('serial2arduino', 'pythonpath')
[3.019s] INFO:colcon.colcon_core.shell:Creating environment hook '/FW_Control/src/install/serial2arduino/share/serial2arduino/hook/pythonpath.ps1'
[3.019s] INFO:colcon.colcon_core.shell:Creating environment descriptor '/FW_Control/src/install/serial2arduino/share/serial2arduino/hook/pythonpath.dsv'
[3.019s] INFO:colcon.colcon_core.shell:Creating environment hook '/FW_Control/src/install/serial2arduino/share/serial2arduino/hook/pythonpath.sh'
[3.020s] Level 1:colcon.colcon_core.environment:checking '/FW_Control/src/install/serial2arduino/bin'
[3.020s] Level 1:colcon.colcon_core.environment:create_environment_scripts_only(serial2arduino)
[3.020s] INFO:colcon.colcon_core.shell:Creating package script '/FW_Control/src/install/serial2arduino/share/serial2arduino/package.ps1'
[3.020s] INFO:colcon.colcon_core.shell:Creating package descriptor '/FW_Control/src/install/serial2arduino/share/serial2arduino/package.dsv'
[3.021s] INFO:colcon.colcon_core.shell:Creating package script '/FW_Control/src/install/serial2arduino/share/serial2arduino/package.sh'
[3.021s] INFO:colcon.colcon_core.shell:Creating package script '/FW_Control/src/install/serial2arduino/share/serial2arduino/package.bash'
[3.021s] INFO:colcon.colcon_core.shell:Creating package script '/FW_Control/src/install/serial2arduino/share/serial2arduino/package.zsh'
[3.021s] Level 1:colcon.colcon_core.environment:create_file_with_runtime_dependencies(/FW_Control/src/install/serial2arduino/share/colcon-core/packages/serial2arduino)
[4.082s] DEBUG:colcon.colcon_core.event_handler.log_command:Invoked command in '/FW_Control/src/build/vicon_receiver' returned '0': CMAKE_PREFIX_PATH=${CMAKE_PREFIX_PATH}:/FW_Control/install/control:/FW_Control/install/serial2arduino:/FW_Control/install/estimatestate:/opt/ros/foxy /usr/bin/cmake --build /FW_Control/src/build/vicon_receiver -- -j24 -l24
[4.105s] DEBUG:colcon.colcon_core.event_handler.log_command:Invoking command in '/FW_Control/src/build/vicon_receiver': CMAKE_PREFIX_PATH=${CMAKE_PREFIX_PATH}:/FW_Control/install/control:/FW_Control/install/serial2arduino:/FW_Control/install/estimatestate:/opt/ros/foxy /usr/bin/cmake --install /FW_Control/src/build/vicon_receiver
[4.136s] Level 1:colcon.colcon_core.environment:create_environment_scripts_only(vicon_receiver)
[4.137s] Level 1:colcon.colcon_core.environment:checking '/FW_Control/src/install/vicon_receiver' for CMake module files
[4.137s] DEBUG:colcon.colcon_core.event_handler.log_command:Invoked command in '/FW_Control/src/build/vicon_receiver' returned '0': CMAKE_PREFIX_PATH=${CMAKE_PREFIX_PATH}:/FW_Control/install/control:/FW_Control/install/serial2arduino:/FW_Control/install/estimatestate:/opt/ros/foxy /usr/bin/cmake --install /FW_Control/src/build/vicon_receiver
[4.138s] Level 1:colcon.colcon_core.environment:checking '/FW_Control/src/install/vicon_receiver' for CMake config files
[4.138s] Level 1:colcon.colcon_core.shell:create_environment_hook('vicon_receiver', 'cmake_prefix_path')
[4.138s] INFO:colcon.colcon_core.shell:Creating environment hook '/FW_Control/src/install/vicon_receiver/share/vicon_receiver/hook/cmake_prefix_path.ps1'
[4.138s] INFO:colcon.colcon_core.shell:Creating environment descriptor '/FW_Control/src/install/vicon_receiver/share/vicon_receiver/hook/cmake_prefix_path.dsv'
[4.139s] INFO:colcon.colcon_core.shell:Creating environment hook '/FW_Control/src/install/vicon_receiver/share/vicon_receiver/hook/cmake_prefix_path.sh'
[4.139s] Level 1:colcon.colcon_core.environment:checking '/FW_Control/src/install/vicon_receiver/lib'
[4.139s] Level 1:colcon.colcon_core.shell:create_environment_hook('vicon_receiver', 'ld_library_path_lib')
[4.139s] INFO:colcon.colcon_core.shell:Creating environment hook '/FW_Control/src/install/vicon_receiver/share/vicon_receiver/hook/ld_library_path_lib.ps1'
[4.140s] INFO:colcon.colcon_core.shell:Creating environment descriptor '/FW_Control/src/install/vicon_receiver/share/vicon_receiver/hook/ld_library_path_lib.dsv'
[4.140s] INFO:colcon.colcon_core.shell:Creating environment hook '/FW_Control/src/install/vicon_receiver/share/vicon_receiver/hook/ld_library_path_lib.sh'
[4.140s] Level 1:colcon.colcon_core.environment:checking '/FW_Control/src/install/vicon_receiver/bin'
[4.140s] Level 1:colcon.colcon_core.environment:checking '/FW_Control/src/install/vicon_receiver/lib/pkgconfig/vicon_receiver.pc'
[4.140s] Level 1:colcon.colcon_core.environment:checking '/FW_Control/src/install/vicon_receiver/lib/python3.8/site-packages'
[4.140s] Level 1:colcon.colcon_core.shell:create_environment_hook('vicon_receiver', 'pythonpath')
[4.140s] INFO:colcon.colcon_core.shell:Creating environment hook '/FW_Control/src/install/vicon_receiver/share/vicon_receiver/hook/pythonpath.ps1'
[4.141s] INFO:colcon.colcon_core.shell:Creating environment descriptor '/FW_Control/src/install/vicon_receiver/share/vicon_receiver/hook/pythonpath.dsv'
[4.141s] INFO:colcon.colcon_core.shell:Creating environment hook '/FW_Control/src/install/vicon_receiver/share/vicon_receiver/hook/pythonpath.sh'
[4.141s] Level 1:colcon.colcon_core.environment:checking '/FW_Control/src/install/vicon_receiver/bin'
[4.141s] INFO:colcon.colcon_core.shell:Creating package script '/FW_Control/src/install/vicon_receiver/share/vicon_receiver/package.ps1'
[4.142s] INFO:colcon.colcon_core.shell:Creating package descriptor '/FW_Control/src/install/vicon_receiver/share/vicon_receiver/package.dsv'
[4.142s] INFO:colcon.colcon_core.shell:Creating package script '/FW_Control/src/install/vicon_receiver/share/vicon_receiver/package.sh'
[4.142s] INFO:colcon.colcon_core.shell:Creating package script '/FW_Control/src/install/vicon_receiver/share/vicon_receiver/package.bash'
[4.142s] INFO:colcon.colcon_core.shell:Creating package script '/FW_Control/src/install/vicon_receiver/share/vicon_receiver/package.zsh'
[4.142s] Level 1:colcon.colcon_core.environment:create_file_with_runtime_dependencies(/FW_Control/src/install/vicon_receiver/share/colcon-core/packages/vicon_receiver)
[4.165s] Level 1:colcon.colcon_core.environment:create_environment_scripts_only(vicon_receiver)
[4.166s] Level 1:colcon.colcon_core.environment:checking '/FW_Control/src/install/vicon_receiver' for CMake module files
[4.166s] Level 1:colcon.colcon_core.environment:checking '/FW_Control/src/install/vicon_receiver' for CMake config files
[4.166s] Level 1:colcon.colcon_core.shell:create_environment_hook('vicon_receiver', 'cmake_prefix_path')
[4.167s] INFO:colcon.colcon_core.shell:Creating environment hook '/FW_Control/src/install/vicon_receiver/share/vicon_receiver/hook/cmake_prefix_path.ps1'
[4.167s] INFO:colcon.colcon_core.shell:Creating environment descriptor '/FW_Control/src/install/vicon_receiver/share/vicon_receiver/hook/cmake_prefix_path.dsv'
[4.167s] INFO:colcon.colcon_core.shell:Creating environment hook '/FW_Control/src/install/vicon_receiver/share/vicon_receiver/hook/cmake_prefix_path.sh'
[4.168s] Level 1:colcon.colcon_core.environment:checking '/FW_Control/src/install/vicon_receiver/lib'
[4.168s] Level 1:colcon.colcon_core.shell:create_environment_hook('vicon_receiver', 'ld_library_path_lib')
[4.168s] INFO:colcon.colcon_core.shell:Creating environment hook '/FW_Control/src/install/vicon_receiver/share/vicon_receiver/hook/ld_library_path_lib.ps1'
[4.168s] INFO:colcon.colcon_core.shell:Creating environment descriptor '/FW_Control/src/install/vicon_receiver/share/vicon_receiver/hook/ld_library_path_lib.dsv'
[4.168s] INFO:colcon.colcon_core.shell:Creating environment hook '/FW_Control/src/install/vicon_receiver/share/vicon_receiver/hook/ld_library_path_lib.sh'
[4.168s] Level 1:colcon.colcon_core.environment:checking '/FW_Control/src/install/vicon_receiver/bin'
[4.169s] Level 1:colcon.colcon_core.environment:checking '/FW_Control/src/install/vicon_receiver/lib/pkgconfig/vicon_receiver.pc'
[4.169s] Level 1:colcon.colcon_core.environment:checking '/FW_Control/src/install/vicon_receiver/lib/python3.8/site-packages'
[4.169s] Level 1:colcon.colcon_core.shell:create_environment_hook('vicon_receiver', 'pythonpath')
[4.169s] INFO:colcon.colcon_core.shell:Creating environment hook '/FW_Control/src/install/vicon_receiver/share/vicon_receiver/hook/pythonpath.ps1'
[4.169s] INFO:colcon.colcon_core.shell:Creating environment descriptor '/FW_Control/src/install/vicon_receiver/share/vicon_receiver/hook/pythonpath.dsv'
[4.169s] INFO:colcon.colcon_core.shell:Creating environment hook '/FW_Control/src/install/vicon_receiver/share/vicon_receiver/hook/pythonpath.sh'
[4.170s] Level 1:colcon.colcon_core.environment:checking '/FW_Control/src/install/vicon_receiver/bin'
[4.170s] INFO:colcon.colcon_core.shell:Creating package script '/FW_Control/src/install/vicon_receiver/share/vicon_receiver/package.ps1'
[4.170s] INFO:colcon.colcon_core.shell:Creating package descriptor '/FW_Control/src/install/vicon_receiver/share/vicon_receiver/package.dsv'
[4.171s] INFO:colcon.colcon_core.shell:Creating package script '/FW_Control/src/install/vicon_receiver/share/vicon_receiver/package.sh'
[4.171s] INFO:colcon.colcon_core.shell:Creating package script '/FW_Control/src/install/vicon_receiver/share/vicon_receiver/package.bash'
[4.171s] INFO:colcon.colcon_core.shell:Creating package script '/FW_Control/src/install/vicon_receiver/share/vicon_receiver/package.zsh'
[4.171s] Level 1:colcon.colcon_core.environment:create_file_with_runtime_dependencies(/FW_Control/src/install/vicon_receiver/share/colcon-core/packages/vicon_receiver)
[4.171s] INFO:colcon.colcon_ros.task.ament_python.build:Building ROS package in '/FW_Control/src/control' with build type 'ament_python'
[4.171s] Level 1:colcon.colcon_core.shell:create_environment_hook('control', 'ament_prefix_path')
[4.172s] INFO:colcon.colcon_core.shell:Creating environment hook '/FW_Control/src/install/control/share/control/hook/ament_prefix_path.ps1'
[4.172s] INFO:colcon.colcon_core.shell:Creating environment descriptor '/FW_Control/src/install/control/share/control/hook/ament_prefix_path.dsv'
[4.172s] INFO:colcon.colcon_core.shell:Creating environment hook '/FW_Control/src/install/control/share/control/hook/ament_prefix_path.sh'
[4.173s] INFO:colcon.colcon_core.shell:Skip shell extension 'powershell' for command environment: Not usable outside of PowerShell
[4.173s] DEBUG:colcon.colcon_core.shell:Skip shell extension 'dsv' for command environment
[4.269s] INFO:colcon.colcon_core.task.python.build:Building Python package in '/FW_Control/src/control'
[4.270s] INFO:colcon.colcon_core.shell:Skip shell extension 'powershell' for command environment: Not usable outside of PowerShell
[4.270s] DEBUG:colcon.colcon_core.shell:Skip shell extension 'dsv' for command environment
[4.439s] DEBUG:colcon.colcon_core.event_handler.log_command:Invoking command in '/FW_Control/src/control': AMENT_PREFIX_PATH=/FW_Control/src/install/vicon_receiver:${AMENT_PREFIX_PATH} CMAKE_PREFIX_PATH=/FW_Control/src/install/vicon_receiver:${CMAKE_PREFIX_PATH} LD_LIBRARY_PATH=/FW_Control/src/install/vicon_receiver/lib:${LD_LIBRARY_PATH} PYTHONPATH=/FW_Control/src/build/control/prefix_override:/FW_Control/src/install/control/lib/python3.8/site-packages:/FW_Control/src/install/vicon_receiver/lib/python3.8/site-packages:${PYTHONPATH} /usr/bin/python3 setup.py egg_info --egg-base ../build/control build --build-base /FW_Control/src/build/control/build install --record /FW_Control/src/build/control/install.log --install-scripts $base/lib/control --single-version-externally-managed
[4.561s] Level 1:colcon.colcon_core.environment:checking '/FW_Control/src/install/control' for CMake module files
[4.561s] DEBUG:colcon.colcon_core.event_handler.log_command:Invoked command in '/FW_Control/src/control' returned '0': AMENT_PREFIX_PATH=/FW_Control/src/install/vicon_receiver:${AMENT_PREFIX_PATH} CMAKE_PREFIX_PATH=/FW_Control/src/install/vicon_receiver:${CMAKE_PREFIX_PATH} LD_LIBRARY_PATH=/FW_Control/src/install/vicon_receiver/lib:${LD_LIBRARY_PATH} PYTHONPATH=/FW_Control/src/build/control/prefix_override:/FW_Control/src/install/control/lib/python3.8/site-packages:/FW_Control/src/install/vicon_receiver/lib/python3.8/site-packages:${PYTHONPATH} /usr/bin/python3 setup.py egg_info --egg-base ../build/control build --build-base /FW_Control/src/build/control/build install --record /FW_Control/src/build/control/install.log --install-scripts $base/lib/control --single-version-externally-managed
[4.561s] Level 1:colcon.colcon_core.environment:checking '/FW_Control/src/install/control' for CMake config files
[4.561s] Level 1:colcon.colcon_core.environment:checking '/FW_Control/src/install/control/lib'
[4.561s] Level 1:colcon.colcon_core.environment:checking '/FW_Control/src/install/control/bin'
[4.561s] Level 1:colcon.colcon_core.environment:checking '/FW_Control/src/install/control/lib/pkgconfig/control.pc'
[4.561s] Level 1:colcon.colcon_core.environment:checking '/FW_Control/src/install/control/lib/python3.8/site-packages'
[4.561s] Level 1:colcon.colcon_core.shell:create_environment_hook('control', 'pythonpath')
[4.562s] INFO:colcon.colcon_core.shell:Creating environment hook '/FW_Control/src/install/control/share/control/hook/pythonpath.ps1'
[4.562s] INFO:colcon.colcon_core.shell:Creating environment descriptor '/FW_Control/src/install/control/share/control/hook/pythonpath.dsv'
[4.562s] INFO:colcon.colcon_core.shell:Creating environment hook '/FW_Control/src/install/control/share/control/hook/pythonpath.sh'
[4.563s] Level 1:colcon.colcon_core.environment:checking '/FW_Control/src/install/control/bin'
[4.563s] Level 1:colcon.colcon_core.environment:create_environment_scripts_only(control)
[4.563s] INFO:colcon.colcon_core.shell:Creating package script '/FW_Control/src/install/control/share/control/package.ps1'
[4.563s] INFO:colcon.colcon_core.shell:Creating package descriptor '/FW_Control/src/install/control/share/control/package.dsv'
[4.564s] INFO:colcon.colcon_core.shell:Creating package script '/FW_Control/src/install/control/share/control/package.sh'
[4.564s] INFO:colcon.colcon_core.shell:Creating package script '/FW_Control/src/install/control/share/control/package.bash'
[4.564s] INFO:colcon.colcon_core.shell:Creating package script '/FW_Control/src/install/control/share/control/package.zsh'
[4.564s] Level 1:colcon.colcon_core.environment:create_file_with_runtime_dependencies(/FW_Control/src/install/control/share/colcon-core/packages/control)
[4.564s] DEBUG:colcon.colcon_parallel_executor.executor.parallel:closing loop
[4.564s] DEBUG:colcon.colcon_parallel_executor.executor.parallel:loop closed
[4.564s] DEBUG:colcon.colcon_parallel_executor.executor.parallel:run_until_complete finished with '0'
[4.564s] DEBUG:colcon.colcon_core.event_reactor:joining thread
[4.570s] INFO:colcon.colcon_core.plugin_system:Skipping extension 'colcon_notification.desktop_notification.notify_send': Could not find 'notify-send'
[4.570s] INFO:colcon.colcon_core.plugin_system:Skipping extension 'colcon_notification.desktop_notification.terminal_notifier': Not used on non-Darwin systems
[4.570s] INFO:colcon.colcon_core.plugin_system:Skipping extension 'colcon_notification.desktop_notification.win32': Not used on non-Windows systems
[4.570s] INFO:colcon.colcon_notification.desktop_notification:Sending desktop notification using 'notify2'
[4.572s] DEBUG:colcon.colcon_notification.desktop_notification.notify2:Failed to initialize notify2: org.freedesktop.DBus.Error.ServiceUnknown: The name org.freedesktop.Notifications was not provided by any .service files
[4.572s] DEBUG:colcon.colcon_core.event_reactor:joined thread
[4.573s] INFO:colcon.colcon_core.shell:Creating prefix script '/FW_Control/src/install/local_setup.ps1'
[4.574s] INFO:colcon.colcon_core.shell:Creating prefix util module '/FW_Control/src/install/_local_setup_util_ps1.py'
[4.574s] INFO:colcon.colcon_core.shell:Creating prefix chain script '/FW_Control/src/install/setup.ps1'
[4.575s] INFO:colcon.colcon_core.shell:Creating prefix script '/FW_Control/src/install/local_setup.sh'
[4.575s] INFO:colcon.colcon_core.shell:Creating prefix util module '/FW_Control/src/install/_local_setup_util_sh.py'
[4.575s] INFO:colcon.colcon_core.shell:Creating prefix chain script '/FW_Control/src/install/setup.sh'
[4.576s] INFO:colcon.colcon_core.shell:Creating prefix script '/FW_Control/src/install/local_setup.bash'
[4.576s] INFO:colcon.colcon_core.shell:Creating prefix chain script '/FW_Control/src/install/setup.bash'
[4.576s] INFO:colcon.colcon_core.shell:Creating prefix script '/FW_Control/src/install/local_setup.zsh'
[4.577s] INFO:colcon.colcon_core.shell:Creating prefix chain script '/FW_Control/src/install/setup.zsh'
