[  2%] Built target vicon_receiver__cpp
[ 11%] Built target vicon_receiver__rosidl_generator_c
[ 20%] Built target vicon_receiver__rosidl_typesupport_introspection_cpp
[ 29%] Built target vicon_receiver__rosidl_typesupport_cpp
[ 38%] Built target vicon_receiver__rosidl_typesupport_fastrtps_cpp
[ 55%] Built target vicon_receiver__rosidl_typesupport_introspection_c
[ 55%] Built target vicon_receiver__rosidl_typesupport_c
[ 64%] Built target vicon_receiver__rosidl_typesupport_fastrtps_c
[ 64%] Built target vicon_receiver
[ 67%] Built target vicon_receiver__py
[ 76%] Built target vicon_client
[ 82%] Built target vicon_receiver__python
[ 94%] Built target vicon_receiver__rosidl_typesupport_fastrtps_c__pyext
[ 94%] Built target vicon_receiver__rosidl_typesupport_introspection_c__pyext
[100%] Built target vicon_receiver__rosidl_typesupport_c__pyext
-- Install configuration: ""
-- Up-to-date: /FW_Control/src/install/vicon_receiver/share/ament_index/resource_index/rosidl_interfaces/vicon_receiver
-- Up-to-date: /FW_Control/src/install/vicon_receiver/include/vicon_receiver
-- Up-to-date: /FW_Control/src/install/vicon_receiver/include/vicon_receiver/msg
-- Up-to-date: /FW_Control/src/install/vicon_receiver/include/vicon_receiver/msg/detail
-- Up-to-date: /FW_Control/src/install/vicon_receiver/include/vicon_receiver/msg/detail/position__functions.c
-- Up-to-date: /FW_Control/src/install/vicon_receiver/include/vicon_receiver/msg/detail/position__struct.h
-- Up-to-date: /FW_Control/src/install/vicon_receiver/include/vicon_receiver/msg/detail/position__functions.h
-- Up-to-date: /FW_Control/src/install/vicon_receiver/include/vicon_receiver/msg/detail/position__type_support.h
-- Up-to-date: /FW_Control/src/install/vicon_receiver/include/vicon_receiver/msg/rosidl_generator_c__visibility_control.h
-- Up-to-date: /FW_Control/src/install/vicon_receiver/include/vicon_receiver/msg/position.h
-- Up-to-date: /FW_Control/src/install/vicon_receiver/share/vicon_receiver/environment/library_path.sh
-- Up-to-date: /FW_Control/src/install/vicon_receiver/share/vicon_receiver/environment/library_path.dsv
-- Up-to-date: /FW_Control/src/install/vicon_receiver/lib/libvicon_receiver__rosidl_generator_c.so
-- Up-to-date: /FW_Control/src/install/vicon_receiver/include/vicon_receiver
-- Up-to-date: /FW_Control/src/install/vicon_receiver/include/vicon_receiver/msg
-- Up-to-date: /FW_Control/src/install/vicon_receiver/include/vicon_receiver/msg/detail
-- Up-to-date: /FW_Control/src/install/vicon_receiver/include/vicon_receiver/msg/detail/position__rosidl_typesupport_fastrtps_c.h
-- Up-to-date: /FW_Control/src/install/vicon_receiver/include/vicon_receiver/msg/rosidl_typesupport_fastrtps_c__visibility_control.h
-- Up-to-date: /FW_Control/src/install/vicon_receiver/lib/libvicon_receiver__rosidl_typesupport_fastrtps_c.so
-- Up-to-date: /FW_Control/src/install/vicon_receiver/include/vicon_receiver
-- Up-to-date: /FW_Control/src/install/vicon_receiver/include/vicon_receiver/msg
-- Up-to-date: /FW_Control/src/install/vicon_receiver/include/vicon_receiver/msg/detail
-- Up-to-date: /FW_Control/src/install/vicon_receiver/include/vicon_receiver/msg/detail/position__rosidl_typesupport_fastrtps_cpp.hpp
-- Up-to-date: /FW_Control/src/install/vicon_receiver/include/vicon_receiver/msg/detail/dds_fastrtps
-- Up-to-date: /FW_Control/src/install/vicon_receiver/include/vicon_receiver/msg/rosidl_typesupport_fastrtps_cpp__visibility_control.h
-- Up-to-date: /FW_Control/src/install/vicon_receiver/lib/libvicon_receiver__rosidl_typesupport_fastrtps_cpp.so
-- Up-to-date: /FW_Control/src/install/vicon_receiver/include/vicon_receiver
-- Up-to-date: /FW_Control/src/install/vicon_receiver/include/vicon_receiver/msg
-- Up-to-date: /FW_Control/src/install/vicon_receiver/include/vicon_receiver/msg/detail
-- Up-to-date: /FW_Control/src/install/vicon_receiver/include/vicon_receiver/msg/detail/position__type_support.c
-- Up-to-date: /FW_Control/src/install/vicon_receiver/include/vicon_receiver/msg/detail/position__rosidl_typesupport_introspection_c.h
-- Up-to-date: /FW_Control/src/install/vicon_receiver/include/vicon_receiver/msg/rosidl_typesupport_introspection_c__visibility_control.h
-- Up-to-date: /FW_Control/src/install/vicon_receiver/lib/libvicon_receiver__rosidl_typesupport_introspection_c.so
-- Up-to-date: /FW_Control/src/install/vicon_receiver/lib/libvicon_receiver__rosidl_typesupport_c.so
-- Up-to-date: /FW_Control/src/install/vicon_receiver/include/vicon_receiver
-- Up-to-date: /FW_Control/src/install/vicon_receiver/include/vicon_receiver/msg
-- Up-to-date: /FW_Control/src/install/vicon_receiver/include/vicon_receiver/msg/detail
-- Up-to-date: /FW_Control/src/install/vicon_receiver/include/vicon_receiver/msg/detail/position__traits.hpp
-- Up-to-date: /FW_Control/src/install/vicon_receiver/include/vicon_receiver/msg/detail/position__builder.hpp
-- Up-to-date: /FW_Control/src/install/vicon_receiver/include/vicon_receiver/msg/detail/position__struct.hpp
-- Up-to-date: /FW_Control/src/install/vicon_receiver/include/vicon_receiver/msg/position.hpp
-- Up-to-date: /FW_Control/src/install/vicon_receiver/include/vicon_receiver
-- Up-to-date: /FW_Control/src/install/vicon_receiver/include/vicon_receiver/msg
-- Up-to-date: /FW_Control/src/install/vicon_receiver/include/vicon_receiver/msg/detail
-- Up-to-date: /FW_Control/src/install/vicon_receiver/include/vicon_receiver/msg/detail/position__rosidl_typesupport_introspection_cpp.hpp
-- Up-to-date: /FW_Control/src/install/vicon_receiver/include/vicon_receiver/msg/detail/position__type_support.cpp
-- Up-to-date: /FW_Control/src/install/vicon_receiver/lib/libvicon_receiver__rosidl_typesupport_introspection_cpp.so
-- Up-to-date: /FW_Control/src/install/vicon_receiver/lib/libvicon_receiver__rosidl_typesupport_cpp.so
-- Up-to-date: /FW_Control/src/install/vicon_receiver/share/vicon_receiver/environment/pythonpath.sh
-- Up-to-date: /FW_Control/src/install/vicon_receiver/share/vicon_receiver/environment/pythonpath.dsv
-- Up-to-date: /FW_Control/src/install/vicon_receiver/lib/python3.8/site-packages/vicon_receiver/__init__.py
-- Up-to-date: /FW_Control/src/install/vicon_receiver/lib/python3.8/site-packages/vicon_receiver/msg
-- Up-to-date: /FW_Control/src/install/vicon_receiver/lib/python3.8/site-packages/vicon_receiver/msg/_position.py
-- Up-to-date: /FW_Control/src/install/vicon_receiver/lib/python3.8/site-packages/vicon_receiver/msg/__init__.py
-- Up-to-date: /FW_Control/src/install/vicon_receiver/lib/python3.8/site-packages/vicon_receiver/msg/_position_s.c
-- Up-to-date: /FW_Control/src/install/vicon_receiver/lib/python3.8/site-packages/vicon_receiver/vicon_receiver_s__rosidl_typesupport_fastrtps_c.cpython-38-x86_64-linux-gnu.so
-- Up-to-date: /FW_Control/src/install/vicon_receiver/lib/python3.8/site-packages/vicon_receiver/vicon_receiver_s__rosidl_typesupport_introspection_c.cpython-38-x86_64-linux-gnu.so
-- Up-to-date: /FW_Control/src/install/vicon_receiver/lib/python3.8/site-packages/vicon_receiver/vicon_receiver_s__rosidl_typesupport_c.cpython-38-x86_64-linux-gnu.so
-- Up-to-date: /FW_Control/src/install/vicon_receiver/lib/libvicon_receiver__python.so
-- Up-to-date: /FW_Control/src/install/vicon_receiver/share/vicon_receiver/msg/Position.idl
-- Up-to-date: /FW_Control/src/install/vicon_receiver/share/vicon_receiver/msg/Position.msg
-- Up-to-date: /FW_Control/src/install/vicon_receiver/lib/vicon_receiver/vicon_client
-- Up-to-date: /FW_Control/src/install/vicon_receiver/share/vicon_receiver//launch
-- Up-to-date: /FW_Control/src/install/vicon_receiver/share/vicon_receiver//launch/client.launch.py
-- Up-to-date: /FW_Control/src/install/vicon_receiver/share/ament_index/resource_index/package_run_dependencies/vicon_receiver
-- Up-to-date: /FW_Control/src/install/vicon_receiver/share/ament_index/resource_index/parent_prefix_path/vicon_receiver
-- Up-to-date: /FW_Control/src/install/vicon_receiver/share/vicon_receiver/environment/ament_prefix_path.sh
-- Up-to-date: /FW_Control/src/install/vicon_receiver/share/vicon_receiver/environment/ament_prefix_path.dsv
-- Up-to-date: /FW_Control/src/install/vicon_receiver/share/vicon_receiver/environment/path.sh
-- Up-to-date: /FW_Control/src/install/vicon_receiver/share/vicon_receiver/environment/path.dsv
-- Up-to-date: /FW_Control/src/install/vicon_receiver/share/vicon_receiver/local_setup.bash
-- Up-to-date: /FW_Control/src/install/vicon_receiver/share/vicon_receiver/local_setup.sh
-- Up-to-date: /FW_Control/src/install/vicon_receiver/share/vicon_receiver/local_setup.zsh
-- Up-to-date: /FW_Control/src/install/vicon_receiver/share/vicon_receiver/local_setup.dsv
-- Installing: /FW_Control/src/install/vicon_receiver/share/vicon_receiver/package.dsv
-- Up-to-date: /FW_Control/src/install/vicon_receiver/share/ament_index/resource_index/packages/vicon_receiver
-- Up-to-date: /FW_Control/src/install/vicon_receiver/share/vicon_receiver/cmake/vicon_receiver__rosidl_generator_cExport.cmake
-- Up-to-date: /FW_Control/src/install/vicon_receiver/share/vicon_receiver/cmake/vicon_receiver__rosidl_generator_cExport-noconfig.cmake
-- Up-to-date: /FW_Control/src/install/vicon_receiver/share/vicon_receiver/cmake/vicon_receiver__rosidl_typesupport_introspection_cExport.cmake
-- Up-to-date: /FW_Control/src/install/vicon_receiver/share/vicon_receiver/cmake/vicon_receiver__rosidl_typesupport_introspection_cExport-noconfig.cmake
-- Up-to-date: /FW_Control/src/install/vicon_receiver/share/vicon_receiver/cmake/vicon_receiver__rosidl_typesupport_cExport.cmake
-- Up-to-date: /FW_Control/src/install/vicon_receiver/share/vicon_receiver/cmake/vicon_receiver__rosidl_typesupport_cExport-noconfig.cmake
-- Up-to-date: /FW_Control/src/install/vicon_receiver/share/vicon_receiver/cmake/vicon_receiver__rosidl_generator_cppExport.cmake
-- Up-to-date: /FW_Control/src/install/vicon_receiver/share/vicon_receiver/cmake/vicon_receiver__rosidl_typesupport_introspection_cppExport.cmake
-- Up-to-date: /FW_Control/src/install/vicon_receiver/share/vicon_receiver/cmake/vicon_receiver__rosidl_typesupport_introspection_cppExport-noconfig.cmake
-- Up-to-date: /FW_Control/src/install/vicon_receiver/share/vicon_receiver/cmake/vicon_receiver__rosidl_typesupport_cppExport.cmake
-- Up-to-date: /FW_Control/src/install/vicon_receiver/share/vicon_receiver/cmake/vicon_receiver__rosidl_typesupport_cppExport-noconfig.cmake
-- Up-to-date: /FW_Control/src/install/vicon_receiver/share/vicon_receiver/cmake/rosidl_cmake-extras.cmake
-- Up-to-date: /FW_Control/src/install/vicon_receiver/share/vicon_receiver/cmake/ament_cmake_export_dependencies-extras.cmake
-- Up-to-date: /FW_Control/src/install/vicon_receiver/share/vicon_receiver/cmake/ament_cmake_export_libraries-extras.cmake
-- Up-to-date: /FW_Control/src/install/vicon_receiver/share/vicon_receiver/cmake/ament_cmake_export_targets-extras.cmake
-- Up-to-date: /FW_Control/src/install/vicon_receiver/share/vicon_receiver/cmake/ament_cmake_export_include_directories-extras.cmake
-- Up-to-date: /FW_Control/src/install/vicon_receiver/share/vicon_receiver/cmake/rosidl_cmake_export_typesupport_libraries-extras.cmake
-- Up-to-date: /FW_Control/src/install/vicon_receiver/share/vicon_receiver/cmake/rosidl_cmake_export_typesupport_targets-extras.cmake
-- Up-to-date: /FW_Control/src/install/vicon_receiver/share/vicon_receiver/cmake/vicon_receiverConfig.cmake
-- Up-to-date: /FW_Control/src/install/vicon_receiver/share/vicon_receiver/cmake/vicon_receiverConfig-version.cmake
-- Up-to-date: /FW_Control/src/install/vicon_receiver/share/vicon_receiver/package.xml
