[0.013s] Invoking command in '/FW_Control/src/build/vicon_receiver': CMAKE_PREFIX_PATH=${CMAKE_PREFIX_PATH}:/FW_Control/install/control:/FW_Control/install/serial2arduino:/FW_Control/install/estimatestate:/opt/ros/foxy /usr/bin/cmake --build /FW_Control/src/build/vicon_receiver -- -j24 -l24
[0.040s] [  2%] Built target vicon_receiver__cpp
[0.040s] [ 11%] Built target vicon_receiver__rosidl_generator_c
[0.052s] [ 20%] Built target vicon_receiver__rosidl_typesupport_introspection_cpp
[0.052s] [ 29%] Built target vicon_receiver__rosidl_typesupport_cpp
[0.054s] [ 38%] Built target vicon_receiver__rosidl_typesupport_fastrtps_cpp
[0.062s] [ 55%] Built target vicon_receiver__rosidl_typesupport_introspection_c
[0.062s] [ 55%] Built target vicon_receiver__rosidl_typesupport_c
[0.066s] [ 64%] Built target vicon_receiver__rosidl_typesupport_fastrtps_c
[0.075s] [ 64%] Built target vicon_receiver
[0.084s] [ 67%] Built target vicon_receiver__py
[0.090s] [ 76%] Built target vicon_client
[0.097s] [ 82%] Built target vicon_receiver__python
[0.113s] [ 94%] Built target vicon_receiver__rosidl_typesupport_fastrtps_c__pyext
[0.113s] [ 94%] Built target vicon_receiver__rosidl_typesupport_introspection_c__pyext
[0.113s] [100%] Built target vicon_receiver__rosidl_typesupport_c__pyext
[0.119s] Invoked command in '/FW_Control/src/build/vicon_receiver' returned '0': CMAKE_PREFIX_PATH=${CMAKE_PREFIX_PATH}:/FW_Control/install/control:/FW_Control/install/serial2arduino:/FW_Control/install/estimatestate:/opt/ros/foxy /usr/bin/cmake --build /FW_Control/src/build/vicon_receiver -- -j24 -l24
[0.147s] Invoking command in '/FW_Control/src/build/vicon_receiver': CMAKE_PREFIX_PATH=${CMAKE_PREFIX_PATH}:/FW_Control/install/control:/FW_Control/install/serial2arduino:/FW_Control/install/estimatestate:/opt/ros/foxy /usr/bin/cmake --install /FW_Control/src/build/vicon_receiver
[0.151s] -- Install configuration: ""
[0.151s] -- Up-to-date: /FW_Control/src/install/vicon_receiver/share/ament_index/resource_index/rosidl_interfaces/vicon_receiver
[0.151s] -- Up-to-date: /FW_Control/src/install/vicon_receiver/include/vicon_receiver
[0.151s] -- Up-to-date: /FW_Control/src/install/vicon_receiver/include/vicon_receiver/msg
[0.151s] -- Up-to-date: /FW_Control/src/install/vicon_receiver/include/vicon_receiver/msg/detail
[0.151s] -- Up-to-date: /FW_Control/src/install/vicon_receiver/include/vicon_receiver/msg/detail/position__functions.c
[0.151s] -- Up-to-date: /FW_Control/src/install/vicon_receiver/include/vicon_receiver/msg/detail/position__struct.h
[0.151s] -- Up-to-date: /FW_Control/src/install/vicon_receiver/include/vicon_receiver/msg/detail/position__functions.h
[0.151s] -- Up-to-date: /FW_Control/src/install/vicon_receiver/include/vicon_receiver/msg/detail/position__type_support.h
[0.151s] -- Up-to-date: /FW_Control/src/install/vicon_receiver/include/vicon_receiver/msg/rosidl_generator_c__visibility_control.h
[0.151s] -- Up-to-date: /FW_Control/src/install/vicon_receiver/include/vicon_receiver/msg/position.h
[0.151s] -- Up-to-date: /FW_Control/src/install/vicon_receiver/share/vicon_receiver/environment/library_path.sh
[0.151s] -- Up-to-date: /FW_Control/src/install/vicon_receiver/share/vicon_receiver/environment/library_path.dsv
[0.151s] -- Up-to-date: /FW_Control/src/install/vicon_receiver/lib/libvicon_receiver__rosidl_generator_c.so
[0.151s] -- Up-to-date: /FW_Control/src/install/vicon_receiver/include/vicon_receiver
[0.151s] -- Up-to-date: /FW_Control/src/install/vicon_receiver/include/vicon_receiver/msg
[0.151s] -- Up-to-date: /FW_Control/src/install/vicon_receiver/include/vicon_receiver/msg/detail
[0.151s] -- Up-to-date: /FW_Control/src/install/vicon_receiver/include/vicon_receiver/msg/detail/position__rosidl_typesupport_fastrtps_c.h
[0.152s] -- Up-to-date: /FW_Control/src/install/vicon_receiver/include/vicon_receiver/msg/rosidl_typesupport_fastrtps_c__visibility_control.h
[0.152s] -- Up-to-date: /FW_Control/src/install/vicon_receiver/lib/libvicon_receiver__rosidl_typesupport_fastrtps_c.so
[0.152s] -- Up-to-date: /FW_Control/src/install/vicon_receiver/include/vicon_receiver
[0.152s] -- Up-to-date: /FW_Control/src/install/vicon_receiver/include/vicon_receiver/msg
[0.152s] -- Up-to-date: /FW_Control/src/install/vicon_receiver/include/vicon_receiver/msg/detail
[0.152s] -- Up-to-date: /FW_Control/src/install/vicon_receiver/include/vicon_receiver/msg/detail/position__rosidl_typesupport_fastrtps_cpp.hpp
[0.152s] -- Up-to-date: /FW_Control/src/install/vicon_receiver/include/vicon_receiver/msg/detail/dds_fastrtps
[0.152s] -- Up-to-date: /FW_Control/src/install/vicon_receiver/include/vicon_receiver/msg/rosidl_typesupport_fastrtps_cpp__visibility_control.h
[0.152s] -- Up-to-date: /FW_Control/src/install/vicon_receiver/lib/libvicon_receiver__rosidl_typesupport_fastrtps_cpp.so
[0.152s] -- Up-to-date: /FW_Control/src/install/vicon_receiver/include/vicon_receiver
[0.152s] -- Up-to-date: /FW_Control/src/install/vicon_receiver/include/vicon_receiver/msg
[0.152s] -- Up-to-date: /FW_Control/src/install/vicon_receiver/include/vicon_receiver/msg/detail
[0.152s] -- Up-to-date: /FW_Control/src/install/vicon_receiver/include/vicon_receiver/msg/detail/position__type_support.c
[0.152s] -- Up-to-date: /FW_Control/src/install/vicon_receiver/include/vicon_receiver/msg/detail/position__rosidl_typesupport_introspection_c.h
[0.152s] -- Up-to-date: /FW_Control/src/install/vicon_receiver/include/vicon_receiver/msg/rosidl_typesupport_introspection_c__visibility_control.h
[0.152s] -- Up-to-date: /FW_Control/src/install/vicon_receiver/lib/libvicon_receiver__rosidl_typesupport_introspection_c.so
[0.152s] -- Up-to-date: /FW_Control/src/install/vicon_receiver/lib/libvicon_receiver__rosidl_typesupport_c.so
[0.152s] -- Up-to-date: /FW_Control/src/install/vicon_receiver/include/vicon_receiver
[0.152s] -- Up-to-date: /FW_Control/src/install/vicon_receiver/include/vicon_receiver/msg
[0.152s] -- Up-to-date: /FW_Control/src/install/vicon_receiver/include/vicon_receiver/msg/detail
[0.152s] -- Up-to-date: /FW_Control/src/install/vicon_receiver/include/vicon_receiver/msg/detail/position__traits.hpp
[0.152s] -- Up-to-date: /FW_Control/src/install/vicon_receiver/include/vicon_receiver/msg/detail/position__builder.hpp
[0.152s] -- Up-to-date: /FW_Control/src/install/vicon_receiver/include/vicon_receiver/msg/detail/position__struct.hpp
[0.152s] -- Up-to-date: /FW_Control/src/install/vicon_receiver/include/vicon_receiver/msg/position.hpp
[0.152s] -- Up-to-date: /FW_Control/src/install/vicon_receiver/include/vicon_receiver
[0.152s] -- Up-to-date: /FW_Control/src/install/vicon_receiver/include/vicon_receiver/msg
[0.152s] -- Up-to-date: /FW_Control/src/install/vicon_receiver/include/vicon_receiver/msg/detail
[0.153s] -- Up-to-date: /FW_Control/src/install/vicon_receiver/include/vicon_receiver/msg/detail/position__rosidl_typesupport_introspection_cpp.hpp
[0.153s] -- Up-to-date: /FW_Control/src/install/vicon_receiver/include/vicon_receiver/msg/detail/position__type_support.cpp
[0.153s] -- Up-to-date: /FW_Control/src/install/vicon_receiver/lib/libvicon_receiver__rosidl_typesupport_introspection_cpp.so
[0.153s] -- Up-to-date: /FW_Control/src/install/vicon_receiver/lib/libvicon_receiver__rosidl_typesupport_cpp.so
[0.153s] -- Up-to-date: /FW_Control/src/install/vicon_receiver/share/vicon_receiver/environment/pythonpath.sh
[0.153s] -- Up-to-date: /FW_Control/src/install/vicon_receiver/share/vicon_receiver/environment/pythonpath.dsv
[0.153s] -- Up-to-date: /FW_Control/src/install/vicon_receiver/lib/python3.8/site-packages/vicon_receiver/__init__.py
[0.170s] -- Up-to-date: /FW_Control/src/install/vicon_receiver/lib/python3.8/site-packages/vicon_receiver/msg
[0.170s] -- Up-to-date: /FW_Control/src/install/vicon_receiver/lib/python3.8/site-packages/vicon_receiver/msg/_position.py
[0.170s] -- Up-to-date: /FW_Control/src/install/vicon_receiver/lib/python3.8/site-packages/vicon_receiver/msg/__init__.py
[0.170s] -- Up-to-date: /FW_Control/src/install/vicon_receiver/lib/python3.8/site-packages/vicon_receiver/msg/_position_s.c
[0.170s] -- Up-to-date: /FW_Control/src/install/vicon_receiver/lib/python3.8/site-packages/vicon_receiver/vicon_receiver_s__rosidl_typesupport_fastrtps_c.cpython-38-x86_64-linux-gnu.so
[0.171s] -- Up-to-date: /FW_Control/src/install/vicon_receiver/lib/python3.8/site-packages/vicon_receiver/vicon_receiver_s__rosidl_typesupport_introspection_c.cpython-38-x86_64-linux-gnu.so
[0.171s] -- Up-to-date: /FW_Control/src/install/vicon_receiver/lib/python3.8/site-packages/vicon_receiver/vicon_receiver_s__rosidl_typesupport_c.cpython-38-x86_64-linux-gnu.so
[0.171s] -- Up-to-date: /FW_Control/src/install/vicon_receiver/lib/libvicon_receiver__python.so
[0.171s] -- Up-to-date: /FW_Control/src/install/vicon_receiver/share/vicon_receiver/msg/Position.idl
[0.171s] -- Up-to-date: /FW_Control/src/install/vicon_receiver/share/vicon_receiver/msg/Position.msg
[0.171s] -- Up-to-date: /FW_Control/src/install/vicon_receiver/lib/vicon_receiver/vicon_client
[0.171s] -- Up-to-date: /FW_Control/src/install/vicon_receiver/share/vicon_receiver//launch
[0.171s] -- Up-to-date: /FW_Control/src/install/vicon_receiver/share/vicon_receiver//launch/client.launch.py
[0.171s] -- Up-to-date: /FW_Control/src/install/vicon_receiver/share/ament_index/resource_index/package_run_dependencies/vicon_receiver
[0.171s] -- Up-to-date: /FW_Control/src/install/vicon_receiver/share/ament_index/resource_index/parent_prefix_path/vicon_receiver
[0.171s] -- Up-to-date: /FW_Control/src/install/vicon_receiver/share/vicon_receiver/environment/ament_prefix_path.sh
[0.171s] -- Up-to-date: /FW_Control/src/install/vicon_receiver/share/vicon_receiver/environment/ament_prefix_path.dsv
[0.171s] -- Up-to-date: /FW_Control/src/install/vicon_receiver/share/vicon_receiver/environment/path.sh
[0.172s] -- Up-to-date: /FW_Control/src/install/vicon_receiver/share/vicon_receiver/environment/path.dsv
[0.172s] -- Up-to-date: /FW_Control/src/install/vicon_receiver/share/vicon_receiver/local_setup.bash
[0.172s] -- Up-to-date: /FW_Control/src/install/vicon_receiver/share/vicon_receiver/local_setup.sh
[0.172s] -- Up-to-date: /FW_Control/src/install/vicon_receiver/share/vicon_receiver/local_setup.zsh
[0.172s] -- Up-to-date: /FW_Control/src/install/vicon_receiver/share/vicon_receiver/local_setup.dsv
[0.172s] -- Installing: /FW_Control/src/install/vicon_receiver/share/vicon_receiver/package.dsv
[0.172s] -- Up-to-date: /FW_Control/src/install/vicon_receiver/share/ament_index/resource_index/packages/vicon_receiver
[0.172s] -- Up-to-date: /FW_Control/src/install/vicon_receiver/share/vicon_receiver/cmake/vicon_receiver__rosidl_generator_cExport.cmake
[0.172s] -- Up-to-date: /FW_Control/src/install/vicon_receiver/share/vicon_receiver/cmake/vicon_receiver__rosidl_generator_cExport-noconfig.cmake
[0.172s] -- Up-to-date: /FW_Control/src/install/vicon_receiver/share/vicon_receiver/cmake/vicon_receiver__rosidl_typesupport_introspection_cExport.cmake
[0.172s] -- Up-to-date: /FW_Control/src/install/vicon_receiver/share/vicon_receiver/cmake/vicon_receiver__rosidl_typesupport_introspection_cExport-noconfig.cmake
[0.172s] -- Up-to-date: /FW_Control/src/install/vicon_receiver/share/vicon_receiver/cmake/vicon_receiver__rosidl_typesupport_cExport.cmake
[0.172s] -- Up-to-date: /FW_Control/src/install/vicon_receiver/share/vicon_receiver/cmake/vicon_receiver__rosidl_typesupport_cExport-noconfig.cmake
[0.172s] -- Up-to-date: /FW_Control/src/install/vicon_receiver/share/vicon_receiver/cmake/vicon_receiver__rosidl_generator_cppExport.cmake
[0.172s] -- Up-to-date: /FW_Control/src/install/vicon_receiver/share/vicon_receiver/cmake/vicon_receiver__rosidl_typesupport_introspection_cppExport.cmake
[0.172s] -- Up-to-date: /FW_Control/src/install/vicon_receiver/share/vicon_receiver/cmake/vicon_receiver__rosidl_typesupport_introspection_cppExport-noconfig.cmake
[0.172s] -- Up-to-date: /FW_Control/src/install/vicon_receiver/share/vicon_receiver/cmake/vicon_receiver__rosidl_typesupport_cppExport.cmake
[0.172s] -- Up-to-date: /FW_Control/src/install/vicon_receiver/share/vicon_receiver/cmake/vicon_receiver__rosidl_typesupport_cppExport-noconfig.cmake
[0.172s] -- Up-to-date: /FW_Control/src/install/vicon_receiver/share/vicon_receiver/cmake/rosidl_cmake-extras.cmake
[0.172s] -- Up-to-date: /FW_Control/src/install/vicon_receiver/share/vicon_receiver/cmake/ament_cmake_export_dependencies-extras.cmake
[0.172s] -- Up-to-date: /FW_Control/src/install/vicon_receiver/share/vicon_receiver/cmake/ament_cmake_export_libraries-extras.cmake
[0.172s] -- Up-to-date: /FW_Control/src/install/vicon_receiver/share/vicon_receiver/cmake/ament_cmake_export_targets-extras.cmake
[0.172s] -- Up-to-date: /FW_Control/src/install/vicon_receiver/share/vicon_receiver/cmake/ament_cmake_export_include_directories-extras.cmake
[0.173s] -- Up-to-date: /FW_Control/src/install/vicon_receiver/share/vicon_receiver/cmake/rosidl_cmake_export_typesupport_libraries-extras.cmake
[0.173s] -- Up-to-date: /FW_Control/src/install/vicon_receiver/share/vicon_receiver/cmake/rosidl_cmake_export_typesupport_targets-extras.cmake
[0.173s] -- Up-to-date: /FW_Control/src/install/vicon_receiver/share/vicon_receiver/cmake/vicon_receiverConfig.cmake
[0.173s] -- Up-to-date: /FW_Control/src/install/vicon_receiver/share/vicon_receiver/cmake/vicon_receiverConfig-version.cmake
[0.173s] -- Up-to-date: /FW_Control/src/install/vicon_receiver/share/vicon_receiver/package.xml
[0.174s] Invoked command in '/FW_Control/src/build/vicon_receiver' returned '0': CMAKE_PREFIX_PATH=${CMAKE_PREFIX_PATH}:/FW_Control/install/control:/FW_Control/install/serial2arduino:/FW_Control/install/estimatestate:/opt/ros/foxy /usr/bin/cmake --install /FW_Control/src/build/vicon_receiver
