[0.277s] Invoking command in '/FW_Control/src/control': AMENT_PREFIX_PATH=/FW_Control/src/install/vicon_receiver:${AMENT_PREFIX_PATH} CMAKE_PREFIX_PATH=/FW_Control/src/install/vicon_receiver:${CMAKE_PREFIX_PATH} LD_LIBRARY_PATH=/FW_Control/src/install/vicon_receiver/lib:${LD_LIBRARY_PATH} PYTHONPATH=/FW_Control/src/build/control/prefix_override:/FW_Control/src/install/control/lib/python3.8/site-packages:/FW_Control/src/install/vicon_receiver/lib/python3.8/site-packages:${PYTHONPATH} /usr/bin/python3 setup.py egg_info --egg-base ../build/control build --build-base /FW_Control/src/build/control/build install --record /FW_Control/src/build/control/install.log --install-scripts $base/lib/control --single-version-externally-managed
[0.362s] running egg_info
[0.362s] writing ../build/control/control.egg-info/PKG-INFO
[0.362s] writing dependency_links to ../build/control/control.egg-info/dependency_links.txt
[0.362s] writing entry points to ../build/control/control.egg-info/entry_points.txt
[0.362s] writing requirements to ../build/control/control.egg-info/requires.txt
[0.362s] writing top-level names to ../build/control/control.egg-info/top_level.txt
[0.377s] reading manifest file '../build/control/control.egg-info/SOURCES.txt'
[0.378s] writing manifest file '../build/control/control.egg-info/SOURCES.txt'
[0.378s] running build
[0.378s] running build_py
[0.378s] running install
[0.378s] running install_lib
[0.379s] running install_data
[0.379s] running install_egg_info
[0.380s] removing '/FW_Control/src/install/control/lib/python3.8/site-packages/control-0.0.0-py3.8.egg-info' (and everything under it)
[0.380s] Copying ../build/control/control.egg-info to /FW_Control/src/install/control/lib/python3.8/site-packages/control-0.0.0-py3.8.egg-info
[0.380s] running install_scripts
[0.388s] writing list of installed files to '/FW_Control/src/build/control/install.log'
[0.399s] Invoked command in '/FW_Control/src/control' returned '0': AMENT_PREFIX_PATH=/FW_Control/src/install/vicon_receiver:${AMENT_PREFIX_PATH} CMAKE_PREFIX_PATH=/FW_Control/src/install/vicon_receiver:${CMAKE_PREFIX_PATH} LD_LIBRARY_PATH=/FW_Control/src/install/vicon_receiver/lib:${LD_LIBRARY_PATH} PYTHONPATH=/FW_Control/src/build/control/prefix_override:/FW_Control/src/install/control/lib/python3.8/site-packages:/FW_Control/src/install/vicon_receiver/lib/python3.8/site-packages:${PYTHONPATH} /usr/bin/python3 setup.py egg_info --egg-base ../build/control build --build-base /FW_Control/src/build/control/build install --record /FW_Control/src/build/control/install.log --install-scripts $base/lib/control --single-version-externally-managed
