running egg_info
writing ../build/serial2arduino/serial2arduino.egg-info/PKG-INFO
writing dependency_links to ../build/serial2arduino/serial2arduino.egg-info/dependency_links.txt
writing entry points to ../build/serial2arduino/serial2arduino.egg-info/entry_points.txt
writing requirements to ../build/serial2arduino/serial2arduino.egg-info/requires.txt
writing top-level names to ../build/serial2arduino/serial2arduino.egg-info/top_level.txt
reading manifest file '../build/serial2arduino/serial2arduino.egg-info/SOURCES.txt'
writing manifest file '../build/serial2arduino/serial2arduino.egg-info/SOURCES.txt'
running build
running build_py
running install
running install_lib
running install_data
running install_egg_info
removing '/FW_Control/src/install/serial2arduino/lib/python3.8/site-packages/serial2arduino-0.0.0-py3.8.egg-info' (and everything under it)
Copying ../build/serial2arduino/serial2arduino.egg-info to /FW_Control/src/install/serial2arduino/lib/python3.8/site-packages/serial2arduino-0.0.0-py3.8.egg-info
running install_scripts
Installing sendcommands script to /FW_Control/src/install/serial2arduino/lib/serial2arduino
Installing testcontroller script to /FW_Control/src/install/serial2arduino/lib/serial2arduino
writing list of installed files to '/FW_Control/src/build/serial2arduino/install.log'
