-- The C compiler identification is GNU 9.4.0
-- The CXX compiler identification is GNU 9.4.0
-- Check for working C compiler: /usr/bin/cc
-- Check for working C compiler: /usr/bin/cc -- works
-- Detecting C compiler ABI info
-- Detecting C compiler ABI info - done
-- Detecting C compile features
-- Detecting C compile features - done
-- Check for working CXX compiler: /usr/bin/c++
-- Check for working CXX compiler: /usr/bin/c++ -- works
-- Detecting CXX compiler ABI info
-- Detecting CXX compiler ABI info - done
-- Detecting CXX compile features
-- Detecting CXX compile features - done
-- Found ament_cmake: 0.9.11 (/opt/ros/foxy/share/ament_cmake/cmake)
-- Found PythonInterp: /usr/bin/python3 (found suitable version "3.8.10", minimum required is "3") 
-- Using PYTHON_EXECUTABLE: /usr/bin/python3
-- Found rosidl_default_generators: 1.0.1 (/opt/ros/foxy/share/rosidl_default_generators/cmake)
-- Using all available rosidl_typesupport_c: rosidl_typesupport_fastrtps_c;rosidl_typesupport_introspection_c
-- Found rosidl_adapter: 1.3.0 (/opt/ros/foxy/share/rosidl_adapter/cmake)
-- Found OpenSSL: /usr/lib/x86_64-linux-gnu/libcrypto.so (found version "1.1.1f")  
-- Found FastRTPS: /opt/ros/foxy/include  
-- Using all available rosidl_typesupport_cpp: rosidl_typesupport_fastrtps_cpp;rosidl_typesupport_introspection_cpp
-- Found rclcpp: 2.4.2 (/opt/ros/foxy/share/rclcpp/cmake)
-- Found rmw_implementation_cmake: 1.0.4 (/opt/ros/foxy/share/rmw_implementation_cmake/cmake)
-- Using RMW implementation 'rmw_fastrtps_cpp' as default
-- Looking for pthread.h
-- Looking for pthread.h - found
-- Performing Test CMAKE_HAVE_LIBC_PTHREAD
-- Performing Test CMAKE_HAVE_LIBC_PTHREAD - Failed
-- Looking for pthread_create in pthreads
-- Looking for pthread_create in pthreads - not found
-- Looking for pthread_create in pthread
-- Looking for pthread_create in pthread - found
-- Found Threads: TRUE  
-- Found Boost: /usr/lib/x86_64-linux-gnu/cmake/Boost-1.71.0/BoostConfig.cmake (found version "1.71.0") found components: thread 
-- Found PythonInterp: /usr/bin/python3 (found version "3.8.10") 
-- Found ament_cmake_ros: 0.9.2 (/opt/ros/foxy/share/ament_cmake_ros/cmake)
-- Using all available rosidl_typesupport_c: rosidl_typesupport_fastrtps_c;rosidl_typesupport_introspection_c
-- Using all available rosidl_typesupport_cpp: rosidl_typesupport_fastrtps_cpp;rosidl_typesupport_introspection_cpp
-- Found PythonInterp: /usr/bin/python3 (found suitable version "3.8.10", minimum required is "3.5") 
-- Found python_cmake_module: 0.8.1 (/opt/ros/foxy/share/python_cmake_module/cmake)
-- Found PythonLibs: /usr/lib/x86_64-linux-gnu/libpython3.8.so (found suitable version "3.8.10", minimum required is "3.5") 
-- Using PYTHON_EXECUTABLE: /usr/bin/python3
-- Using PYTHON_INCLUDE_DIRS: /usr/include/python3.8
-- Using PYTHON_LIBRARIES: /usr/lib/x86_64-linux-gnu/libpython3.8.so
-- Found PythonExtra: .so  
-- Found rmw_fastrtps_cpp: 1.3.1 (/opt/ros/foxy/share/rmw_fastrtps_cpp/cmake)
-- Configuring done
-- Generating done
-- Build files have been written to: /FW_Control/src/build/vicon_receiver
[  2%] [34m[1mGenerating C code for ROS interfaces[0m
[35m[1mScanning dependencies of target vicon_receiver__cpp[0m
[  5%] [34m[1mGenerating C++ code for ROS interfaces[0m
[  5%] Built target vicon_receiver__cpp
[35m[1mScanning dependencies of target vicon_receiver__rosidl_generator_c[0m
[ 11%] [34m[1mGenerating C++ introspection for ROS interfaces[0m
[ 11%] [34m[1mGenerating C++ type support for eProsima Fast-RTPS[0m
[ 14%] [34m[1mGenerating C++ type support dispatch for ROS interfaces[0m
[ 17%] [32mBuilding C object CMakeFiles/vicon_receiver__rosidl_generator_c.dir/rosidl_generator_c/vicon_receiver/msg/detail/position__functions.c.o[0m
[ 20%] [32m[1mLinking C shared library libvicon_receiver__rosidl_generator_c.so[0m
[ 20%] Built target vicon_receiver__rosidl_generator_c
[ 26%] [34m[1mGenerating C introspection for ROS interfaces[0m
[ 26%] [34m[1mGenerating C type support dispatch for ROS interfaces[0m
[35m[1mScanning dependencies of target vicon_receiver__rosidl_typesupport_introspection_cpp[0m
[35m[1mScanning dependencies of target vicon_receiver__rosidl_typesupport_fastrtps_cpp[0m
[ 29%] [32mBuilding CXX object CMakeFiles/vicon_receiver__rosidl_typesupport_introspection_cpp.dir/rosidl_typesupport_introspection_cpp/vicon_receiver/msg/detail/position__type_support.cpp.o[0m
[ 32%] [32mBuilding CXX object CMakeFiles/vicon_receiver__rosidl_typesupport_fastrtps_cpp.dir/rosidl_typesupport_fastrtps_cpp/vicon_receiver/msg/detail/dds_fastrtps/position__type_support.cpp.o[0m
[35m[1mScanning dependencies of target vicon_receiver__rosidl_typesupport_cpp[0m
[35m[1mScanning dependencies of target vicon_receiver__rosidl_typesupport_c[0m
[35m[1mScanning dependencies of target vicon_receiver__rosidl_typesupport_introspection_c[0m
[ 35%] [32mBuilding CXX object CMakeFiles/vicon_receiver__rosidl_typesupport_c.dir/rosidl_typesupport_c/vicon_receiver/msg/position__type_support.cpp.o[0m
[ 38%] [32mBuilding CXX object CMakeFiles/vicon_receiver__rosidl_typesupport_cpp.dir/rosidl_typesupport_cpp/vicon_receiver/msg/position__type_support.cpp.o[0m
[ 41%] [32mBuilding C object CMakeFiles/vicon_receiver__rosidl_typesupport_introspection_c.dir/rosidl_typesupport_introspection_c/vicon_receiver/msg/detail/position__type_support.c.o[0m
[ 44%] [32m[1mLinking CXX shared library libvicon_receiver__rosidl_typesupport_c.so[0m
[ 47%] [32m[1mLinking C shared library libvicon_receiver__rosidl_typesupport_introspection_c.so[0m
[ 47%] Built target vicon_receiver__rosidl_typesupport_c
[ 47%] Built target vicon_receiver__rosidl_typesupport_introspection_c
[ 50%] [32m[1mLinking CXX shared library libvicon_receiver__rosidl_typesupport_introspection_cpp.so[0m
[ 50%] Built target vicon_receiver__rosidl_typesupport_introspection_cpp
[ 52%] [32m[1mLinking CXX shared library libvicon_receiver__rosidl_typesupport_cpp.so[0m
[ 52%] Built target vicon_receiver__rosidl_typesupport_cpp
[ 55%] [32m[1mLinking CXX shared library libvicon_receiver__rosidl_typesupport_fastrtps_cpp.so[0m
[ 55%] Built target vicon_receiver__rosidl_typesupport_fastrtps_cpp
[ 58%] [34m[1mGenerating C type support for eProsima Fast-RTPS[0m
[35m[1mScanning dependencies of target vicon_receiver__rosidl_typesupport_fastrtps_c[0m
[ 61%] [32mBuilding CXX object CMakeFiles/vicon_receiver__rosidl_typesupport_fastrtps_c.dir/rosidl_typesupport_fastrtps_c/vicon_receiver/msg/detail/position__type_support_c.cpp.o[0m
[ 64%] [32m[1mLinking CXX shared library libvicon_receiver__rosidl_typesupport_fastrtps_c.so[0m
[ 64%] Built target vicon_receiver__rosidl_typesupport_fastrtps_c
[35m[1mScanning dependencies of target vicon_receiver[0m
[ 64%] Built target vicon_receiver
[35m[1mScanning dependencies of target vicon_receiver__py[0m
[35m[1mScanning dependencies of target vicon_client[0m
[ 67%] [34m[1mGenerating Python code for ROS interfaces[0m
[ 73%] [32mBuilding CXX object CMakeFiles/vicon_client.dir/src/vicon_receiver/publisher.cpp.o[0m
[ 73%] [32mBuilding CXX object CMakeFiles/vicon_client.dir/src/vicon_receiver/communicator.cpp.o[0m
[ 73%] Built target vicon_receiver__py
[35m[1mScanning dependencies of target vicon_receiver__python[0m
[ 76%] [32mBuilding C object CMakeFiles/vicon_receiver__python.dir/rosidl_generator_py/vicon_receiver/msg/_position_s.c.o[0m
[ 79%] [32m[1mLinking C shared library rosidl_generator_py/vicon_receiver/libvicon_receiver__python.so[0m
[ 79%] Built target vicon_receiver__python
[35m[1mScanning dependencies of target vicon_receiver__rosidl_typesupport_fastrtps_c__pyext[0m
[35m[1mScanning dependencies of target vicon_receiver__rosidl_typesupport_c__pyext[0m
[35m[1mScanning dependencies of target vicon_receiver__rosidl_typesupport_introspection_c__pyext[0m
[ 88%] [32mBuilding C object CMakeFiles/vicon_receiver__rosidl_typesupport_c__pyext.dir/rosidl_generator_py/vicon_receiver/_vicon_receiver_s.ep.rosidl_typesupport_c.c.o[0m
[ 88%] [32mBuilding C object CMakeFiles/vicon_receiver__rosidl_typesupport_fastrtps_c__pyext.dir/rosidl_generator_py/vicon_receiver/_vicon_receiver_s.ep.rosidl_typesupport_fastrtps_c.c.o[0m
[ 88%] [32mBuilding C object CMakeFiles/vicon_receiver__rosidl_typesupport_introspection_c__pyext.dir/rosidl_generator_py/vicon_receiver/_vicon_receiver_s.ep.rosidl_typesupport_introspection_c.c.o[0m
[ 91%] [32m[1mLinking C shared library rosidl_generator_py/vicon_receiver/vicon_receiver_s__rosidl_typesupport_introspection_c.cpython-38-x86_64-linux-gnu.so[0m
[ 94%] [32m[1mLinking CXX shared library rosidl_generator_py/vicon_receiver/vicon_receiver_s__rosidl_typesupport_fastrtps_c.cpython-38-x86_64-linux-gnu.so[0m
[ 97%] [32m[1mLinking C shared library rosidl_generator_py/vicon_receiver/vicon_receiver_s__rosidl_typesupport_c.cpython-38-x86_64-linux-gnu.so[0m
[ 97%] Built target vicon_receiver__rosidl_typesupport_introspection_c__pyext
[ 97%] Built target vicon_receiver__rosidl_typesupport_c__pyext
[ 97%] Built target vicon_receiver__rosidl_typesupport_fastrtps_c__pyext
[100%] [32m[1mLinking CXX executable vicon_client[0m
[100%] Built target vicon_client
-- Install configuration: ""
-- Installing: /FW_Control/src/install/vicon_receiver/share/ament_index/resource_index/rosidl_interfaces/vicon_receiver
-- Installing: /FW_Control/src/install/vicon_receiver/include/vicon_receiver
-- Installing: /FW_Control/src/install/vicon_receiver/include/vicon_receiver/msg
-- Installing: /FW_Control/src/install/vicon_receiver/include/vicon_receiver/msg/detail
-- Installing: /FW_Control/src/install/vicon_receiver/include/vicon_receiver/msg/detail/position__functions.c
-- Installing: /FW_Control/src/install/vicon_receiver/include/vicon_receiver/msg/detail/position__struct.h
-- Installing: /FW_Control/src/install/vicon_receiver/include/vicon_receiver/msg/detail/position__functions.h
-- Installing: /FW_Control/src/install/vicon_receiver/include/vicon_receiver/msg/detail/position__type_support.h
-- Installing: /FW_Control/src/install/vicon_receiver/include/vicon_receiver/msg/rosidl_generator_c__visibility_control.h
-- Installing: /FW_Control/src/install/vicon_receiver/include/vicon_receiver/msg/position.h
-- Installing: /FW_Control/src/install/vicon_receiver/share/vicon_receiver/environment/library_path.sh
-- Installing: /FW_Control/src/install/vicon_receiver/share/vicon_receiver/environment/library_path.dsv
-- Installing: /FW_Control/src/install/vicon_receiver/lib/libvicon_receiver__rosidl_generator_c.so
-- Set runtime path of "/FW_Control/src/install/vicon_receiver/lib/libvicon_receiver__rosidl_generator_c.so" to ""
-- Up-to-date: /FW_Control/src/install/vicon_receiver/include/vicon_receiver
-- Up-to-date: /FW_Control/src/install/vicon_receiver/include/vicon_receiver/msg
-- Up-to-date: /FW_Control/src/install/vicon_receiver/include/vicon_receiver/msg/detail
-- Installing: /FW_Control/src/install/vicon_receiver/include/vicon_receiver/msg/detail/position__rosidl_typesupport_fastrtps_c.h
-- Installing: /FW_Control/src/install/vicon_receiver/include/vicon_receiver/msg/rosidl_typesupport_fastrtps_c__visibility_control.h
-- Installing: /FW_Control/src/install/vicon_receiver/lib/libvicon_receiver__rosidl_typesupport_fastrtps_c.so
-- Set runtime path of "/FW_Control/src/install/vicon_receiver/lib/libvicon_receiver__rosidl_typesupport_fastrtps_c.so" to ""
-- Up-to-date: /FW_Control/src/install/vicon_receiver/include/vicon_receiver
-- Up-to-date: /FW_Control/src/install/vicon_receiver/include/vicon_receiver/msg
-- Up-to-date: /FW_Control/src/install/vicon_receiver/include/vicon_receiver/msg/detail
-- Installing: /FW_Control/src/install/vicon_receiver/include/vicon_receiver/msg/detail/position__rosidl_typesupport_fastrtps_cpp.hpp
-- Installing: /FW_Control/src/install/vicon_receiver/include/vicon_receiver/msg/detail/dds_fastrtps
-- Installing: /FW_Control/src/install/vicon_receiver/include/vicon_receiver/msg/rosidl_typesupport_fastrtps_cpp__visibility_control.h
-- Installing: /FW_Control/src/install/vicon_receiver/lib/libvicon_receiver__rosidl_typesupport_fastrtps_cpp.so
-- Set runtime path of "/FW_Control/src/install/vicon_receiver/lib/libvicon_receiver__rosidl_typesupport_fastrtps_cpp.so" to ""
-- Up-to-date: /FW_Control/src/install/vicon_receiver/include/vicon_receiver
-- Up-to-date: /FW_Control/src/install/vicon_receiver/include/vicon_receiver/msg
-- Up-to-date: /FW_Control/src/install/vicon_receiver/include/vicon_receiver/msg/detail
-- Installing: /FW_Control/src/install/vicon_receiver/include/vicon_receiver/msg/detail/position__type_support.c
-- Installing: /FW_Control/src/install/vicon_receiver/include/vicon_receiver/msg/detail/position__rosidl_typesupport_introspection_c.h
-- Installing: /FW_Control/src/install/vicon_receiver/include/vicon_receiver/msg/rosidl_typesupport_introspection_c__visibility_control.h
-- Installing: /FW_Control/src/install/vicon_receiver/lib/libvicon_receiver__rosidl_typesupport_introspection_c.so
-- Set runtime path of "/FW_Control/src/install/vicon_receiver/lib/libvicon_receiver__rosidl_typesupport_introspection_c.so" to ""
-- Installing: /FW_Control/src/install/vicon_receiver/lib/libvicon_receiver__rosidl_typesupport_c.so
-- Set runtime path of "/FW_Control/src/install/vicon_receiver/lib/libvicon_receiver__rosidl_typesupport_c.so" to ""
-- Up-to-date: /FW_Control/src/install/vicon_receiver/include/vicon_receiver
-- Up-to-date: /FW_Control/src/install/vicon_receiver/include/vicon_receiver/msg
-- Up-to-date: /FW_Control/src/install/vicon_receiver/include/vicon_receiver/msg/detail
-- Installing: /FW_Control/src/install/vicon_receiver/include/vicon_receiver/msg/detail/position__traits.hpp
-- Installing: /FW_Control/src/install/vicon_receiver/include/vicon_receiver/msg/detail/position__builder.hpp
-- Installing: /FW_Control/src/install/vicon_receiver/include/vicon_receiver/msg/detail/position__struct.hpp
-- Installing: /FW_Control/src/install/vicon_receiver/include/vicon_receiver/msg/position.hpp
-- Up-to-date: /FW_Control/src/install/vicon_receiver/include/vicon_receiver
-- Up-to-date: /FW_Control/src/install/vicon_receiver/include/vicon_receiver/msg
-- Up-to-date: /FW_Control/src/install/vicon_receiver/include/vicon_receiver/msg/detail
-- Installing: /FW_Control/src/install/vicon_receiver/include/vicon_receiver/msg/detail/position__rosidl_typesupport_introspection_cpp.hpp
-- Installing: /FW_Control/src/install/vicon_receiver/include/vicon_receiver/msg/detail/position__type_support.cpp
-- Installing: /FW_Control/src/install/vicon_receiver/lib/libvicon_receiver__rosidl_typesupport_introspection_cpp.so
-- Set runtime path of "/FW_Control/src/install/vicon_receiver/lib/libvicon_receiver__rosidl_typesupport_introspection_cpp.so" to ""
-- Installing: /FW_Control/src/install/vicon_receiver/lib/libvicon_receiver__rosidl_typesupport_cpp.so
-- Set runtime path of "/FW_Control/src/install/vicon_receiver/lib/libvicon_receiver__rosidl_typesupport_cpp.so" to ""
-- Installing: /FW_Control/src/install/vicon_receiver/share/vicon_receiver/environment/pythonpath.sh
-- Installing: /FW_Control/src/install/vicon_receiver/share/vicon_receiver/environment/pythonpath.dsv
-- Installing: /FW_Control/src/install/vicon_receiver/lib/python3.8/site-packages/vicon_receiver/__init__.py
Compiling '/FW_Control/src/install/vicon_receiver/lib/python3.8/site-packages/vicon_receiver/__init__.py'...
-- Installing: /FW_Control/src/install/vicon_receiver/lib/python3.8/site-packages/vicon_receiver/msg
-- Installing: /FW_Control/src/install/vicon_receiver/lib/python3.8/site-packages/vicon_receiver/msg/_position.py
-- Installing: /FW_Control/src/install/vicon_receiver/lib/python3.8/site-packages/vicon_receiver/msg/__init__.py
-- Installing: /FW_Control/src/install/vicon_receiver/lib/python3.8/site-packages/vicon_receiver/msg/_position_s.c
-- Installing: /FW_Control/src/install/vicon_receiver/lib/python3.8/site-packages/vicon_receiver/vicon_receiver_s__rosidl_typesupport_fastrtps_c.cpython-38-x86_64-linux-gnu.so
-- Set runtime path of "/FW_Control/src/install/vicon_receiver/lib/python3.8/site-packages/vicon_receiver/vicon_receiver_s__rosidl_typesupport_fastrtps_c.cpython-38-x86_64-linux-gnu.so" to ""
-- Installing: /FW_Control/src/install/vicon_receiver/lib/python3.8/site-packages/vicon_receiver/vicon_receiver_s__rosidl_typesupport_introspection_c.cpython-38-x86_64-linux-gnu.so
-- Set runtime path of "/FW_Control/src/install/vicon_receiver/lib/python3.8/site-packages/vicon_receiver/vicon_receiver_s__rosidl_typesupport_introspection_c.cpython-38-x86_64-linux-gnu.so" to ""
-- Installing: /FW_Control/src/install/vicon_receiver/lib/python3.8/site-packages/vicon_receiver/vicon_receiver_s__rosidl_typesupport_c.cpython-38-x86_64-linux-gnu.so
-- Set runtime path of "/FW_Control/src/install/vicon_receiver/lib/python3.8/site-packages/vicon_receiver/vicon_receiver_s__rosidl_typesupport_c.cpython-38-x86_64-linux-gnu.so" to ""
-- Installing: /FW_Control/src/install/vicon_receiver/lib/libvicon_receiver__python.so
-- Set runtime path of "/FW_Control/src/install/vicon_receiver/lib/libvicon_receiver__python.so" to ""
-- Installing: /FW_Control/src/install/vicon_receiver/share/vicon_receiver/msg/Position.idl
-- Installing: /FW_Control/src/install/vicon_receiver/share/vicon_receiver/msg/Position.msg
-- Installing: /FW_Control/src/install/vicon_receiver/lib/vicon_receiver/vicon_client
-- Set runtime path of "/FW_Control/src/install/vicon_receiver/lib/vicon_receiver/vicon_client" to ""
-- Installing: /FW_Control/src/install/vicon_receiver/share/vicon_receiver//launch
-- Installing: /FW_Control/src/install/vicon_receiver/share/vicon_receiver//launch/client.launch.py
-- Installing: /FW_Control/src/install/vicon_receiver/share/ament_index/resource_index/package_run_dependencies/vicon_receiver
-- Installing: /FW_Control/src/install/vicon_receiver/share/ament_index/resource_index/parent_prefix_path/vicon_receiver
-- Installing: /FW_Control/src/install/vicon_receiver/share/vicon_receiver/environment/ament_prefix_path.sh
-- Installing: /FW_Control/src/install/vicon_receiver/share/vicon_receiver/environment/ament_prefix_path.dsv
-- Installing: /FW_Control/src/install/vicon_receiver/share/vicon_receiver/environment/path.sh
-- Installing: /FW_Control/src/install/vicon_receiver/share/vicon_receiver/environment/path.dsv
-- Installing: /FW_Control/src/install/vicon_receiver/share/vicon_receiver/local_setup.bash
-- Installing: /FW_Control/src/install/vicon_receiver/share/vicon_receiver/local_setup.sh
-- Installing: /FW_Control/src/install/vicon_receiver/share/vicon_receiver/local_setup.zsh
-- Installing: /FW_Control/src/install/vicon_receiver/share/vicon_receiver/local_setup.dsv
-- Installing: /FW_Control/src/install/vicon_receiver/share/vicon_receiver/package.dsv
-- Installing: /FW_Control/src/install/vicon_receiver/share/ament_index/resource_index/packages/vicon_receiver
-- Installing: /FW_Control/src/install/vicon_receiver/share/vicon_receiver/cmake/vicon_receiver__rosidl_generator_cExport.cmake
-- Installing: /FW_Control/src/install/vicon_receiver/share/vicon_receiver/cmake/vicon_receiver__rosidl_generator_cExport-noconfig.cmake
-- Installing: /FW_Control/src/install/vicon_receiver/share/vicon_receiver/cmake/vicon_receiver__rosidl_typesupport_introspection_cExport.cmake
-- Installing: /FW_Control/src/install/vicon_receiver/share/vicon_receiver/cmake/vicon_receiver__rosidl_typesupport_introspection_cExport-noconfig.cmake
-- Installing: /FW_Control/src/install/vicon_receiver/share/vicon_receiver/cmake/vicon_receiver__rosidl_typesupport_cExport.cmake
-- Installing: /FW_Control/src/install/vicon_receiver/share/vicon_receiver/cmake/vicon_receiver__rosidl_typesupport_cExport-noconfig.cmake
-- Installing: /FW_Control/src/install/vicon_receiver/share/vicon_receiver/cmake/vicon_receiver__rosidl_generator_cppExport.cmake
-- Installing: /FW_Control/src/install/vicon_receiver/share/vicon_receiver/cmake/vicon_receiver__rosidl_typesupport_introspection_cppExport.cmake
-- Installing: /FW_Control/src/install/vicon_receiver/share/vicon_receiver/cmake/vicon_receiver__rosidl_typesupport_introspection_cppExport-noconfig.cmake
-- Installing: /FW_Control/src/install/vicon_receiver/share/vicon_receiver/cmake/vicon_receiver__rosidl_typesupport_cppExport.cmake
-- Installing: /FW_Control/src/install/vicon_receiver/share/vicon_receiver/cmake/vicon_receiver__rosidl_typesupport_cppExport-noconfig.cmake
-- Installing: /FW_Control/src/install/vicon_receiver/share/vicon_receiver/cmake/rosidl_cmake-extras.cmake
-- Installing: /FW_Control/src/install/vicon_receiver/share/vicon_receiver/cmake/ament_cmake_export_dependencies-extras.cmake
-- Installing: /FW_Control/src/install/vicon_receiver/share/vicon_receiver/cmake/ament_cmake_export_libraries-extras.cmake
-- Installing: /FW_Control/src/install/vicon_receiver/share/vicon_receiver/cmake/ament_cmake_export_targets-extras.cmake
-- Installing: /FW_Control/src/install/vicon_receiver/share/vicon_receiver/cmake/ament_cmake_export_include_directories-extras.cmake
-- Installing: /FW_Control/src/install/vicon_receiver/share/vicon_receiver/cmake/rosidl_cmake_export_typesupport_libraries-extras.cmake
-- Installing: /FW_Control/src/install/vicon_receiver/share/vicon_receiver/cmake/rosidl_cmake_export_typesupport_targets-extras.cmake
-- Installing: /FW_Control/src/install/vicon_receiver/share/vicon_receiver/cmake/vicon_receiverConfig.cmake
-- Installing: /FW_Control/src/install/vicon_receiver/share/vicon_receiver/cmake/vicon_receiverConfig-version.cmake
-- Installing: /FW_Control/src/install/vicon_receiver/share/vicon_receiver/package.xml
