running egg_info
creating ../build/control/control.egg-info
writing ../build/control/control.egg-info/PKG-INFO
writing dependency_links to ../build/control/control.egg-info/dependency_links.txt
writing entry points to ../build/control/control.egg-info/entry_points.txt
writing requirements to ../build/control/control.egg-info/requires.txt
writing top-level names to ../build/control/control.egg-info/top_level.txt
writing manifest file '../build/control/control.egg-info/SOURCES.txt'
reading manifest file '../build/control/control.egg-info/SOURCES.txt'
writing manifest file '../build/control/control.egg-info/SOURCES.txt'
running build
running build_py
creating /FW_Control/src/build/control/build
creating /FW_Control/src/build/control/build/lib
creating /FW_Control/src/build/control/build/lib/control
copying control/checkpos.py -> /FW_Control/src/build/control/build/lib/control
copying control/__init__.py -> /FW_Control/src/build/control/build/lib/control
running install
running install_lib
creating /FW_Control/src/install/control/lib/python3.8/site-packages/control
copying /FW_Control/src/build/control/build/lib/control/checkpos.py -> /FW_Control/src/install/control/lib/python3.8/site-packages/control
copying /FW_Control/src/build/control/build/lib/control/__init__.py -> /FW_Control/src/install/control/lib/python3.8/site-packages/control
byte-compiling /FW_Control/src/install/control/lib/python3.8/site-packages/control/checkpos.py to checkpos.cpython-38.pyc
byte-compiling /FW_Control/src/install/control/lib/python3.8/site-packages/control/__init__.py to __init__.cpython-38.pyc
running install_data
creating /FW_Control/src/install/control/share/ament_index
creating /FW_Control/src/install/control/share/ament_index/resource_index
creating /FW_Control/src/install/control/share/ament_index/resource_index/packages
copying resource/control -> /FW_Control/src/install/control/share/ament_index/resource_index/packages
copying package.xml -> /FW_Control/src/install/control/share/control
running install_egg_info
Copying ../build/control/control.egg-info to /FW_Control/src/install/control/lib/python3.8/site-packages/control-0.0.0-py3.8.egg-info
running install_scripts
writing list of installed files to '/FW_Control/src/build/control/install.log'
